2025-11-03 17:33:39.045 [info] [main] Log level: Info
2025-11-03 17:33:39.045 [info] [main] Validating found git in: "git"
2025-11-03 17:33:39.045 [info] [main] Using git "2.43.0" from "git"
2025-11-03 17:33:39.045 [info] [Model][doInitialScan] Initial repository scan started
2025-11-03 17:33:39.045 [info] > git rev-parse --show-toplevel [231ms]
2025-11-03 17:33:39.045 [info] > git rev-parse --git-dir --git-common-dir --show-superproject-working-tree [281ms]
2025-11-03 17:33:39.045 [info] [Model][openRepository] Opened repository (path): /home/modee/devsecops-capstone
2025-11-03 17:33:39.045 [info] [Model][openRepository] Opened repository (real path): /home/modee/devsecops-capstone
2025-11-03 17:33:39.045 [info] [Model][openRepository] Opened repository (kind): repository
2025-11-03 17:33:39.045 [info] > git config --get commit.template [213ms]
2025-11-03 17:33:39.045 [info] > git rev-parse --show-toplevel [176ms]
2025-11-03 17:33:39.045 [info] > git for-each-ref --format=%(refname)%00%(upstream:short)%00%(objectname)%00%(upstream:track)%00%(upstream:remotename)%00%(upstream:remoteref) refs/heads/main refs/remotes/main [33ms]
2025-11-03 17:33:39.045 [info] > git rev-parse --show-toplevel [14ms]
2025-11-03 17:33:39.045 [info] [Model][doInitialScan] Initial repository scan completed - repositories (1), closed repositories (0), parent repositories (0), unsafe repositories (0)
2025-11-03 17:33:39.045 [info] > git status -z -uall [28ms]
2025-11-03 17:33:39.045 [info] > git for-each-ref --sort -committerdate --format %(refname)%00%(objectname)%00%(*objectname) [25ms]
2025-11-03 17:33:39.045 [info] > git for-each-ref --format=%(refname)%00%(upstream:short)%00%(objectname)%00%(upstream:track)%00%(upstream:remotename)%00%(upstream:remoteref) refs/heads/main refs/remotes/main [24ms]
2025-11-03 17:33:39.045 [info] > git config --get --local branch.main.vscode-merge-base [288ms]
2025-11-03 17:33:39.045 [info] > git for-each-ref --format=%(refname)%00%(upstream:short)%00%(objectname)%00%(upstream:track)%00%(upstream:remotename)%00%(upstream:remoteref) refs/heads/origin/main refs/remotes/origin/main [52ms]
2025-11-03 17:33:39.045 [info] > git config --get commit.template [168ms]
2025-11-03 17:33:39.045 [info] > git merge-base refs/heads/main refs/remotes/origin/main [42ms]
2025-11-03 17:33:39.045 [info] > git for-each-ref --format=%(refname)%00%(upstream:short)%00%(objectname)%00%(upstream:track)%00%(upstream:remotename)%00%(upstream:remoteref) refs/heads/main refs/remotes/main [101ms]
2025-11-03 17:33:39.045 [info] > git diff --name-status -z --diff-filter=ADMR 9e70887a722af7352589b29af2f628535b6f9fd0...refs/remotes/origin/main [46ms]
2025-11-03 17:33:39.167 [info] > git status -z -uall [86ms]
2025-11-03 17:33:39.234 [info] > git for-each-ref --sort -committerdate --format %(refname)%00%(objectname)%00%(*objectname) [63ms]
2025-11-03 17:33:44.294 [info] > git check-ignore -v -z --stdin [1185ms]
2025-11-03 17:33:44.761 [info] > git show --textconv :mount_system.sh [290ms]
2025-11-03 17:33:44.761 [info] > git show --textconv HEAD:mount_system.sh [199ms]
2025-11-03 17:33:44.774 [info] > git ls-files --stage -- mount_system.sh [148ms]
2025-11-03 17:33:45.895 [info] > git hash-object -t tree /dev/null [912ms]
2025-11-03 17:33:45.898 [warning] [GitFileSystemProvider][readFile] File not found - git:/home/modee/devsecops-capstone/mount_system.sh.git?%7B%22path%22%3A%22%2Fhome%2Fmodee%2Fdevsecops-capstone%2Fmount_system.sh%22%2C%22ref%22%3A%22HEAD%22%7D
2025-11-03 17:33:45.900 [info] > git cat-file -s a44c8cb65b78ccc3886461b8cd20debd62e78277 [1032ms]
2025-11-03 17:33:45.914 [info] > git ls-tree -l HEAD -- mount_system.sh [1173ms]
2025-11-03 17:33:45.915 [warning] [GitFileSystemProvider][stat] File not found - git:/home/modee/devsecops-capstone/mount_system.sh.git?%7B%22path%22%3A%22%2Fhome%2Fmodee%2Fdevsecops-capstone%2Fmount_system.sh%22%2C%22ref%22%3A%22HEAD%22%7D
2025-11-03 17:33:48.097 [info] > git blame --root --incremental 9e70887a722af7352589b29af2f628535b6f9fd0 -- mount_system.sh [66ms]
2025-11-03 17:33:48.100 [info] fatal: no such path mount_system.sh in 9e70887a722af7352589b29af2f628535b6f9fd0
2025-11-03 17:39:59.644 [info] > git config --get commit.template [61ms]
2025-11-03 17:39:59.648 [info] > git for-each-ref --format=%(refname)%00%(upstream:short)%00%(objectname)%00%(upstream:track)%00%(upstream:remotename)%00%(upstream:remoteref) refs/heads/main refs/remotes/main [26ms]
2025-11-03 17:39:59.713 [info] > git status -z -uall [35ms]
2025-11-03 17:39:59.722 [info] > git for-each-ref --sort -committerdate --format %(refname)%00%(objectname)%00%(*objectname) [12ms]
2025-11-03 17:42:18.428 [info] > git config --get commit.template [50ms]
2025-11-03 17:42:18.435 [info] > git for-each-ref --format=%(refname)%00%(upstream:short)%00%(objectname)%00%(upstream:track)%00%(upstream:remotename)%00%(upstream:remoteref) refs/heads/main refs/remotes/main [11ms]
2025-11-03 17:42:18.495 [info] > git status -z -uall [34ms]
2025-11-03 17:42:18.509 [info] > git for-each-ref --sort -committerdate --format %(refname)%00%(objectname)%00%(*objectname) [15ms]
2025-11-03 17:45:24.339 [info] > git config --get commit.template [31ms]
2025-11-03 17:45:24.384 [info] > git for-each-ref --format=%(refname)%00%(upstream:short)%00%(objectname)%00%(upstream:track)%00%(upstream:remotename)%00%(upstream:remoteref) refs/heads/main refs/remotes/main [12ms]
2025-11-03 17:45:24.453 [info] > git status -z -uall [40ms]
2025-11-03 17:45:24.472 [info] > git for-each-ref --sort -committerdate --format %(refname)%00%(objectname)%00%(*objectname) [22ms]
2025-11-03 17:46:07.339 [info] > git config --get commit.template [19ms]
2025-11-03 17:46:07.476 [info] > git for-each-ref --format=%(refname)%00%(upstream:short)%00%(objectname)%00%(upstream:track)%00%(upstream:remotename)%00%(upstream:remoteref) refs/heads/main refs/remotes/main [31ms]
2025-11-03 17:46:07.678 [info] > git status -z -uall [140ms]
2025-11-03 17:46:07.706 [info] > git for-each-ref --sort -committerdate --format %(refname)%00%(objectname)%00%(*objectname) [50ms]
2025-11-03 17:49:38.279 [info] > git config --get commit.template [40ms]
2025-11-03 17:49:38.286 [info] > git for-each-ref --format=%(refname)%00%(upstream:short)%00%(objectname)%00%(upstream:track)%00%(upstream:remotename)%00%(upstream:remoteref) refs/heads/main refs/remotes/main [12ms]
2025-11-03 17:49:38.335 [info] > git status -z -uall [23ms]
2025-11-03 17:49:38.343 [info] > git for-each-ref --sort -committerdate --format %(refname)%00%(objectname)%00%(*objectname) [10ms]
2025-11-03 17:51:10.384 [info] > git config --get commit.template [31ms]
2025-11-03 17:51:10.404 [info] > git for-each-ref --format=%(refname)%00%(upstream:short)%00%(objectname)%00%(upstream:track)%00%(upstream:remotename)%00%(upstream:remoteref) refs/heads/main refs/remotes/main [20ms]
2025-11-03 17:51:10.467 [info] > git status -z -uall [27ms]
2025-11-03 17:51:10.479 [info] > git for-each-ref --sort -committerdate --format %(refname)%00%(objectname)%00%(*objectname) [16ms]
2025-11-03 17:51:28.795 [info] > git config --get commit.template [49ms]
2025-11-03 17:51:28.810 [info] > git for-each-ref --format=%(refname)%00%(upstream:short)%00%(objectname)%00%(upstream:track)%00%(upstream:remotename)%00%(upstream:remoteref) refs/heads/main refs/remotes/main [26ms]
2025-11-03 17:51:28.903 [info] > git status -z -uall [37ms]
2025-11-03 17:51:28.913 [info] > git for-each-ref --sort -committerdate --format %(refname)%00%(objectname)%00%(*objectname) [17ms]
2025-11-03 17:52:53.472 [info] > git config --get commit.template [37ms]
2025-11-03 17:52:53.479 [info] > git for-each-ref --format=%(refname)%00%(upstream:short)%00%(objectname)%00%(upstream:track)%00%(upstream:remotename)%00%(upstream:remoteref) refs/heads/main refs/remotes/main [10ms]
2025-11-03 17:52:53.576 [info] > git status -z -uall [56ms]
2025-11-03 17:52:53.621 [info] > git for-each-ref --sort -committerdate --format %(refname)%00%(objectname)%00%(*objectname) [61ms]
2025-11-03 17:52:53.693 [info] > git ls-files --stage -- mount_system.sh [11ms]
2025-11-03 17:52:53.745 [info] > git cat-file -s a44c8cb65b78ccc3886461b8cd20debd62e78277 [24ms]
2025-11-03 17:52:53.798 [info] > git show --textconv :mount_system.sh [11ms]
2025-11-03 17:53:01.997 [info] > git for-each-ref --format=%(refname)%00%(upstream:short)%00%(objectname)%00%(upstream:track)%00%(upstream:remotename)%00%(upstream:remoteref) refs/heads/main refs/remotes/main [21ms]
2025-11-03 17:53:01.999 [info] > git config --get commit.template [50ms]
2025-11-03 17:53:02.092 [info] > git status -z -uall [51ms]
2025-11-03 17:53:02.116 [info] > git for-each-ref --sort -committerdate --format %(refname)%00%(objectname)%00%(*objectname) [32ms]
2025-11-03 17:53:03.242 [info] > git ls-files --stage -- mount_system.sh [10ms]
2025-11-03 17:53:03.284 [info] > git cat-file -s 041d8636f933d9c8593c689bc8337b2d587a94dc [13ms]
2025-11-03 17:53:03.344 [info] > git show --textconv :mount_system.sh [13ms]
2025-11-03 17:54:12.415 [info] > git config --get commit.template [53ms]
2025-11-03 17:54:12.456 [info] > git for-each-ref --format=%(refname)%00%(upstream:short)%00%(objectname)%00%(upstream:track)%00%(upstream:remotename)%00%(upstream:remoteref) refs/heads/main refs/remotes/main [45ms]
2025-11-03 17:54:12.574 [info] > git status -z -uall [47ms]
2025-11-03 17:54:12.580 [info] > git for-each-ref --sort -committerdate --format %(refname)%00%(objectname)%00%(*objectname) [8ms]
2025-11-03 17:54:12.790 [info] > git merge-base refs/heads/main refs/remotes/origin/main [16ms]
2025-11-03 17:54:12.836 [info] > git blame --root --incremental 94ef60d5dba767441ac946d303fdaa0f24334cf3 -- mount_system.sh [149ms]
2025-11-03 17:54:12.905 [info] > git diff --name-status -z --diff-filter=ADMR 9e70887a722af7352589b29af2f628535b6f9fd0...refs/remotes/origin/main [80ms]
2025-11-03 17:54:13.251 [info] > git config --get commit.template [7ms]
2025-11-03 17:54:13.335 [info] > git for-each-ref --format=%(refname)%00%(upstream:short)%00%(objectname)%00%(upstream:track)%00%(upstream:remotename)%00%(upstream:remoteref) refs/heads/main refs/remotes/main [47ms]
2025-11-03 17:54:13.424 [info] > git status -z -uall [52ms]
2025-11-03 17:54:13.424 [info] > git for-each-ref --sort -committerdate --format %(refname)%00%(objectname)%00%(*objectname) [16ms]
2025-11-03 17:54:13.460 [info] > git ls-files --stage -- mount_system.sh [126ms]
2025-11-03 17:54:13.498 [info] > git cat-file -s 041d8636f933d9c8593c689bc8337b2d587a94dc [14ms]
2025-11-03 17:54:13.653 [info] > git show --textconv :mount_system.sh [12ms]
2025-11-03 18:03:02.460 [info] > git config --get commit.template [79ms]
2025-11-03 18:03:02.474 [info] > git for-each-ref --format=%(refname)%00%(upstream:short)%00%(objectname)%00%(upstream:track)%00%(upstream:remotename)%00%(upstream:remoteref) refs/heads/main refs/remotes/main [49ms]
2025-11-03 18:03:02.557 [info] > git status -z -uall [44ms]
2025-11-03 18:03:02.602 [info] > git for-each-ref --sort -committerdate --format %(refname)%00%(objectname)%00%(*objectname) [50ms]
2025-11-03 18:03:02.780 [info] > git merge-base refs/heads/main refs/remotes/origin/main [40ms]
2025-11-03 18:03:02.986 [info] > git diff --name-status -z --diff-filter=ADMR 94ef60d5dba767441ac946d303fdaa0f24334cf3...refs/remotes/origin/main [21ms]
2025-11-03 18:03:03.830 [info] > git config --get commit.template [26ms]
2025-11-03 18:03:03.837 [info] > git for-each-ref --format=%(refname)%00%(upstream:short)%00%(objectname)%00%(upstream:track)%00%(upstream:remotename)%00%(upstream:remoteref) refs/heads/main refs/remotes/main [10ms]
2025-11-03 18:03:03.901 [info] > git status -z -uall [34ms]
2025-11-03 18:03:03.947 [info] > git for-each-ref --sort -committerdate --format %(refname)%00%(objectname)%00%(*objectname) [50ms]
2025-11-03 18:03:03.985 [info] > git ls-files --stage -- mount_system.sh [41ms]
2025-11-03 18:03:04.026 [info] > git cat-file -s 041d8636f933d9c8593c689bc8337b2d587a94dc [14ms]
2025-11-03 18:03:04.082 [info] > git show --textconv :mount_system.sh [15ms]
2025-11-03 18:06:11.098 [info] > git show --textconv :Isolated_environment.sh [94ms]
2025-11-03 18:06:11.120 [info] > git ls-files --stage -- Isolated_environment.sh [36ms]
2025-11-03 18:06:11.193 [info] > git cat-file -s 2a27c51e26be1f385418de2c7295d4c1b5a74319 [38ms]
2025-11-03 18:06:11.496 [info] > git blame --root --incremental 94ef60d5dba767441ac946d303fdaa0f24334cf3 -- Isolated_environment.sh [104ms]
2025-11-03 21:09:10.533 [info] > git check-ignore -v -z --stdin [26ms]
2025-11-03 21:09:10.997 [info] > git config --get commit.template [63ms]
2025-11-03 21:09:11.016 [info] > git for-each-ref --format=%(refname)%00%(upstream:short)%00%(objectname)%00%(upstream:track)%00%(upstream:remotename)%00%(upstream:remoteref) refs/heads/main refs/remotes/main [34ms]
2025-11-03 21:09:11.183 [info] > git status -z -uall [89ms]
2025-11-03 21:09:11.183 [info] > git for-each-ref --sort -committerdate --format %(refname)%00%(objectname)%00%(*objectname) [41ms]
2025-11-03 21:09:57.975 [info] > git config --get commit.template [114ms]
2025-11-03 21:09:57.984 [info] > git for-each-ref --format=%(refname)%00%(upstream:short)%00%(objectname)%00%(upstream:track)%00%(upstream:remotename)%00%(upstream:remoteref) refs/heads/main refs/remotes/main [18ms]
2025-11-03 21:09:58.150 [info] > git status -z -uall [66ms]
2025-11-03 21:09:58.164 [info] > git for-each-ref --sort -committerdate --format %(refname)%00%(objectname)%00%(*objectname) [19ms]
2025-11-03 21:10:19.066 [info] > git config --get commit.template [22ms]
2025-11-03 21:10:19.151 [info] > git for-each-ref --format=%(refname)%00%(upstream:short)%00%(objectname)%00%(upstream:track)%00%(upstream:remotename)%00%(upstream:remoteref) refs/heads/main refs/remotes/main [24ms]
2025-11-03 21:10:19.285 [info] > git status -z -uall [65ms]
2025-11-03 21:10:19.306 [info] > git for-each-ref --sort -committerdate --format %(refname)%00%(objectname)%00%(*objectname) [36ms]
2025-11-03 21:10:19.964 [info] > git config --get commit.template [62ms]
2025-11-03 21:10:20.161 [info] > git show --textconv :network_isolation.sh [201ms]
2025-11-03 21:10:20.162 [info] > git show --textconv HEAD:network_isolation.sh [127ms]
2025-11-03 21:10:20.163 [info] > git ls-files --stage -- network_isolation.sh [48ms]
2025-11-03 21:10:20.200 [warning] [GitFileSystemProvider][readFile] File not found - git:/home/modee/devsecops-capstone/network_isolation.sh.git?%7B%22path%22%3A%22%2Fhome%2Fmodee%2Fdevsecops-capstone%2Fnetwork_isolation.sh%22%2C%22ref%22%3A%22HEAD%22%7D
2025-11-03 21:10:20.238 [info] > git ls-tree -l HEAD -- network_isolation.sh [81ms]
2025-11-03 21:10:20.241 [warning] [GitFileSystemProvider][stat] File not found - git:/home/modee/devsecops-capstone/network_isolation.sh.git?%7B%22path%22%3A%22%2Fhome%2Fmodee%2Fdevsecops-capstone%2Fnetwork_isolation.sh%22%2C%22ref%22%3A%22HEAD%22%7D
2025-11-03 21:10:20.245 [info] > git cat-file -s 7831683f8d3b27ba8ba50ee2db1453da75e0d3d1 [48ms]
2025-11-03 21:10:20.251 [info] > git for-each-ref --format=%(refname)%00%(upstream:short)%00%(objectname)%00%(upstream:track)%00%(upstream:remotename)%00%(upstream:remoteref) refs/heads/main refs/remotes/main [19ms]
2025-11-03 21:10:20.335 [info] > git status -z -uall [37ms]
2025-11-03 21:10:20.368 [info] > git for-each-ref --sort -committerdate --format %(refname)%00%(objectname)%00%(*objectname) [38ms]
2025-11-03 21:10:20.387 [info] > git blame --root --incremental 94ef60d5dba767441ac946d303fdaa0f24334cf3 -- network_isolation.sh [23ms]
2025-11-03 21:10:20.387 [info] fatal: no such path network_isolation.sh in 94ef60d5dba767441ac946d303fdaa0f24334cf3
2025-11-03 21:12:16.882 [info] > git config --get commit.template [93ms]
2025-11-03 21:12:16.892 [info] > git for-each-ref --format=%(refname)%00%(upstream:short)%00%(objectname)%00%(upstream:track)%00%(upstream:remotename)%00%(upstream:remoteref) refs/heads/main refs/remotes/main [17ms]
2025-11-03 21:12:17.042 [info] > git status -z -uall [96ms]
2025-11-03 21:12:17.046 [info] > git for-each-ref --sort -committerdate --format %(refname)%00%(objectname)%00%(*objectname) [13ms]
2025-11-03 21:13:05.295 [info] > git config --get commit.template [41ms]
2025-11-03 21:13:05.308 [info] > git for-each-ref --format=%(refname)%00%(upstream:short)%00%(objectname)%00%(upstream:track)%00%(upstream:remotename)%00%(upstream:remoteref) refs/heads/main refs/remotes/main [14ms]
2025-11-03 21:13:05.378 [info] > git status -z -uall [35ms]
2025-11-03 21:13:05.388 [info] > git for-each-ref --sort -committerdate --format %(refname)%00%(objectname)%00%(*objectname) [20ms]
2025-11-03 21:13:05.497 [info] > git blame --root --incremental 0dd53703c4f3229a8fbae2aa78c01e859203d603 -- network_isolation.sh [57ms]
2025-11-03 21:13:05.506 [info] > git merge-base refs/heads/main refs/remotes/origin/main [22ms]
2025-11-03 21:13:05.565 [info] > git diff --name-status -z --diff-filter=ADMR 94ef60d5dba767441ac946d303fdaa0f24334cf3...refs/remotes/origin/main [31ms]
2025-11-03 21:13:06.535 [info] > git ls-files --stage -- network_isolation.sh [10ms]
2025-11-03 21:13:06.601 [info] > git cat-file -s 7831683f8d3b27ba8ba50ee2db1453da75e0d3d1 [42ms]
2025-11-03 21:13:06.679 [info] > git show --textconv :network_isolation.sh [36ms]
2025-11-03 21:14:29.001 [info] > git show -s --decorate=full --shortstat --format=%H%n%aN%n%aE%n%at%n%ct%n%P%n%D%n%B -z 0dd53703c4f3229a8fbae2aa78c01e859203d603 -- [55ms]
2025-11-03 21:14:32.178 [info] > git rev-list origin/main..main [14ms]
2025-11-03 21:15:27.434 [info] > git config --get commit.template [80ms]
2025-11-03 21:15:27.457 [info] > git for-each-ref --format=%(refname)%00%(upstream:short)%00%(objectname)%00%(upstream:track)%00%(upstream:remotename)%00%(upstream:remoteref) refs/heads/main refs/remotes/main [31ms]
2025-11-03 21:15:27.681 [info] > git status -z -uall [98ms]
2025-11-03 21:15:27.712 [info] > git for-each-ref --sort -committerdate --format %(refname)%00%(objectname)%00%(*objectname) [37ms]
2025-11-03 21:15:27.914 [info] > git merge-base refs/heads/main refs/remotes/origin/main [74ms]
2025-11-03 21:15:28.110 [info] > git diff --name-status -z --diff-filter=ADMR 0dd53703c4f3229a8fbae2aa78c01e859203d603...refs/remotes/origin/main [86ms]
2025-11-03 21:15:28.122 [info] > git config --get commit.template [16ms]
2025-11-03 21:15:28.197 [info] > git ls-files --stage -- network_isolation.sh [32ms]
2025-11-03 21:15:28.235 [info] > git for-each-ref --format=%(refname)%00%(upstream:short)%00%(objectname)%00%(upstream:track)%00%(upstream:remotename)%00%(upstream:remoteref) refs/heads/main refs/remotes/main [41ms]
2025-11-03 21:15:28.309 [info] > git cat-file -s 7831683f8d3b27ba8ba50ee2db1453da75e0d3d1 [78ms]
2025-11-03 21:15:28.313 [info] > git status -z -uall [38ms]
2025-11-03 21:15:28.351 [info] > git for-each-ref --sort -committerdate --format %(refname)%00%(objectname)%00%(*objectname) [45ms]
2025-11-03 21:15:28.384 [info] > git show --textconv :network_isolation.sh [35ms]
2025-11-03 21:17:27.756 [info] > git config --get commit.template [51ms]
2025-11-03 21:17:27.772 [info] > git for-each-ref --format=%(refname)%00%(upstream:short)%00%(objectname)%00%(upstream:track)%00%(upstream:remotename)%00%(upstream:remoteref) refs/heads/main refs/remotes/main [17ms]
2025-11-03 21:17:27.936 [info] > git status -z -uall [96ms]
2025-11-03 21:17:27.949 [info] > git for-each-ref --sort -committerdate --format %(refname)%00%(objectname)%00%(*objectname) [14ms]
2025-11-03 21:42:25.432 [info] > git show --textconv :Isolated_environment.sh [44ms]
2025-11-03 21:42:25.447 [info] > git ls-files --stage -- Isolated_environment.sh [16ms]
2025-11-03 21:42:25.519 [info] > git cat-file -s 2a27c51e26be1f385418de2c7295d4c1b5a74319 [27ms]
2025-11-03 21:42:25.627 [info] > git blame --root --incremental 0dd53703c4f3229a8fbae2aa78c01e859203d603 -- Isolated_environment.sh [19ms]
2025-11-03 22:27:42.558 [info] > git check-ignore -v -z --stdin [12ms]
2025-11-03 22:27:43.507 [info] > git config --get commit.template [55ms]
2025-11-03 22:27:43.521 [info] > git for-each-ref --format=%(refname)%00%(upstream:short)%00%(objectname)%00%(upstream:track)%00%(upstream:remotename)%00%(upstream:remoteref) refs/heads/main refs/remotes/main [18ms]
2025-11-03 22:27:43.697 [info] > git status -z -uall [95ms]
2025-11-03 22:27:43.700 [info] > git for-each-ref --sort -committerdate --format %(refname)%00%(objectname)%00%(*objectname) [7ms]
2025-11-03 22:28:57.949 [info] > git config --get commit.template [47ms]
2025-11-03 22:28:57.963 [info] > git for-each-ref --format=%(refname)%00%(upstream:short)%00%(objectname)%00%(upstream:track)%00%(upstream:remotename)%00%(upstream:remoteref) refs/heads/main refs/remotes/main [17ms]
2025-11-03 22:28:58.040 [info] > git status -z -uall [44ms]
2025-11-03 22:28:58.050 [info] > git for-each-ref --sort -committerdate --format %(refname)%00%(objectname)%00%(*objectname) [15ms]
2025-11-03 22:28:58.941 [info] > git show --textconv :error_handling.sh [225ms]
2025-11-03 22:28:58.941 [info] > git show --textconv HEAD:error_handling.sh [146ms]
2025-11-03 22:28:58.942 [info] > git ls-files --stage -- error_handling.sh [102ms]
2025-11-03 22:28:58.992 [warning] [GitFileSystemProvider][readFile] File not found - git:/home/modee/devsecops-capstone/error_handling.sh.git?%7B%22path%22%3A%22%2Fhome%2Fmodee%2Fdevsecops-capstone%2Ferror_handling.sh%22%2C%22ref%22%3A%22HEAD%22%7D
2025-11-03 22:28:59.062 [info] > git cat-file -s 827cb8a176bbca43f2dd27352c30cc338c035eb4 [73ms]
2025-11-03 22:28:59.078 [info] > git config --get commit.template [138ms]
2025-11-03 22:28:59.078 [info] > git ls-tree -l HEAD -- error_handling.sh [184ms]
2025-11-03 22:28:59.081 [warning] [GitFileSystemProvider][stat] File not found - git:/home/modee/devsecops-capstone/error_handling.sh.git?%7B%22path%22%3A%22%2Fhome%2Fmodee%2Fdevsecops-capstone%2Ferror_handling.sh%22%2C%22ref%22%3A%22HEAD%22%7D
2025-11-03 22:28:59.260 [info] > git ls-files --stage -- error_handling.sh [62ms]
2025-11-03 22:28:59.381 [info] > git blame --root --incremental 0dd53703c4f3229a8fbae2aa78c01e859203d603 -- error_handling.sh [136ms]
2025-11-03 22:28:59.381 [info] fatal: no such path error_handling.sh in 0dd53703c4f3229a8fbae2aa78c01e859203d603
2025-11-03 22:28:59.392 [info] > git cat-file -s 827cb8a176bbca43f2dd27352c30cc338c035eb4 [80ms]
2025-11-03 22:28:59.423 [info] > git for-each-ref --format=%(refname)%00%(upstream:short)%00%(objectname)%00%(upstream:track)%00%(upstream:remotename)%00%(upstream:remoteref) refs/heads/main refs/remotes/main [47ms]
2025-11-03 22:28:59.556 [info] > git status -z -uall [95ms]
2025-11-03 22:28:59.571 [info] > git for-each-ref --sort -committerdate --format %(refname)%00%(objectname)%00%(*objectname) [18ms]
2025-11-03 22:32:10.348 [info] > git config --get commit.template [173ms]
2025-11-03 22:32:10.354 [info] > git for-each-ref --format=%(refname)%00%(upstream:short)%00%(objectname)%00%(upstream:track)%00%(upstream:remotename)%00%(upstream:remoteref) refs/heads/main refs/remotes/main [22ms]
2025-11-03 22:32:10.514 [info] > git status -z -uall [48ms]
2025-11-03 22:32:10.530 [info] > git for-each-ref --sort -committerdate --format %(refname)%00%(objectname)%00%(*objectname) [18ms]
2025-11-03 22:33:32.891 [info] > git config --get commit.template [95ms]
2025-11-03 22:33:32.914 [info] > git for-each-ref --format=%(refname)%00%(upstream:short)%00%(objectname)%00%(upstream:track)%00%(upstream:remotename)%00%(upstream:remoteref) refs/heads/main refs/remotes/main [24ms]
2025-11-03 22:33:33.005 [info] > git status -z -uall [45ms]
2025-11-03 22:33:33.019 [info] > git for-each-ref --sort -committerdate --format %(refname)%00%(objectname)%00%(*objectname) [16ms]
2025-11-03 22:33:33.273 [info] > git merge-base refs/heads/main refs/remotes/origin/main [56ms]
2025-11-03 22:33:33.366 [info] > git blame --root --incremental c894bc64c38985580f32d2f5473df0f93bbce019 -- error_handling.sh [221ms]
2025-11-03 22:33:33.460 [info] > git diff --name-status -z --diff-filter=ADMR 0dd53703c4f3229a8fbae2aa78c01e859203d603...refs/remotes/origin/main [94ms]
2025-11-03 22:33:33.970 [info] > git config --get commit.template [117ms]
2025-11-03 22:33:33.985 [info] > git ls-files --stage -- error_handling.sh [59ms]
2025-11-03 22:33:34.046 [info] > git for-each-ref --format=%(refname)%00%(upstream:short)%00%(objectname)%00%(upstream:track)%00%(upstream:remotename)%00%(upstream:remoteref) refs/heads/main refs/remotes/main [78ms]
2025-11-03 22:33:34.133 [info] > git status -z -uall [36ms]
2025-11-03 22:33:34.135 [info] > git cat-file -s 827cb8a176bbca43f2dd27352c30cc338c035eb4 [88ms]
2025-11-03 22:33:34.144 [info] > git for-each-ref --sort -committerdate --format %(refname)%00%(objectname)%00%(*objectname) [25ms]
2025-11-03 22:33:34.210 [info] > git show --textconv :error_handling.sh [12ms]
2025-11-03 22:33:56.333 [info] > git config --get commit.template [69ms]
2025-11-03 22:33:56.344 [info] > git for-each-ref --format=%(refname)%00%(upstream:short)%00%(objectname)%00%(upstream:track)%00%(upstream:remotename)%00%(upstream:remoteref) refs/heads/main refs/remotes/main [17ms]
2025-11-03 22:33:56.534 [info] > git status -z -uall [120ms]
2025-11-03 22:33:56.545 [info] > git for-each-ref --sort -committerdate --format %(refname)%00%(objectname)%00%(*objectname) [84ms]
2025-11-03 22:33:56.779 [info] > git merge-base refs/heads/main refs/remotes/origin/main [22ms]
2025-11-03 22:33:56.869 [info] > git diff --name-status -z --diff-filter=ADMR c894bc64c38985580f32d2f5473df0f93bbce019...refs/remotes/origin/main [26ms]
2025-11-03 22:33:57.370 [info] > git config --get commit.template [153ms]
2025-11-03 22:33:57.491 [info] > git for-each-ref --format=%(refname)%00%(upstream:short)%00%(objectname)%00%(upstream:track)%00%(upstream:remotename)%00%(upstream:remoteref) refs/heads/main refs/remotes/main [134ms]
2025-11-03 22:33:57.702 [info] > git status -z -uall [97ms]
2025-11-03 22:33:57.703 [info] > git ls-files --stage -- error_handling.sh [214ms]
2025-11-03 22:33:57.736 [info] > git for-each-ref --sort -committerdate --format %(refname)%00%(objectname)%00%(*objectname) [44ms]
2025-11-03 22:33:57.778 [info] > git cat-file -s 827cb8a176bbca43f2dd27352c30cc338c035eb4 [46ms]
2025-11-03 22:33:57.866 [info] > git show --textconv :error_handling.sh [42ms]
2025-11-03 22:43:08.091 [info] > git check-ignore -v -z --stdin [25ms]
2025-11-03 22:43:08.722 [info] > git show --textconv :system_monitoring.sh [86ms]
2025-11-03 22:43:08.727 [warning] [GitFileSystemProvider][readFile] File not found - git:/home/modee/devsecops-capstone/system_monitoring.sh.git?%7B%22path%22%3A%22%2Fhome%2Fmodee%2Fdevsecops-capstone%2Fsystem_monitoring.sh%22%2C%22ref%22%3A%22%22%7D
2025-11-03 22:43:08.743 [info] > git ls-files --stage -- system_monitoring.sh [24ms]
2025-11-03 22:43:08.744 [warning] [GitFileSystemProvider][stat] File not found - git:/home/modee/devsecops-capstone/system_monitoring.sh.git?%7B%22path%22%3A%22%2Fhome%2Fmodee%2Fdevsecops-capstone%2Fsystem_monitoring.sh%22%2C%22ref%22%3A%22%22%7D
2025-11-03 22:43:08.878 [info] > git blame --root --incremental c894bc64c38985580f32d2f5473df0f93bbce019 -- system_monitoring.sh [80ms]
2025-11-03 22:43:08.878 [info] fatal: no such path system_monitoring.sh in c894bc64c38985580f32d2f5473df0f93bbce019
2025-11-03 22:43:09.470 [info] > git config --get commit.template [13ms]
2025-11-03 22:43:09.544 [info] > git for-each-ref --format=%(refname)%00%(upstream:short)%00%(objectname)%00%(upstream:track)%00%(upstream:remotename)%00%(upstream:remoteref) refs/heads/main refs/remotes/main [1ms]
2025-11-03 22:43:09.686 [info] > git status -z -uall [74ms]
2025-11-03 22:43:09.736 [info] > git for-each-ref --sort -committerdate --format %(refname)%00%(objectname)%00%(*objectname) [79ms]
2025-11-03 22:43:39.865 [info] > git config --get commit.template [65ms]
2025-11-03 22:43:39.934 [info] > git for-each-ref --format=%(refname)%00%(upstream:short)%00%(objectname)%00%(upstream:track)%00%(upstream:remotename)%00%(upstream:remoteref) refs/heads/main refs/remotes/main [76ms]
2025-11-03 22:43:40.120 [info] > git status -z -uall [142ms]
2025-11-03 22:43:40.184 [info] > git for-each-ref --sort -committerdate --format %(refname)%00%(objectname)%00%(*objectname) [68ms]
2025-11-03 22:43:54.326 [info] > git for-each-ref --format=%(refname)%00%(upstream:short)%00%(objectname)%00%(upstream:track)%00%(upstream:remotename)%00%(upstream:remoteref) refs/heads/main refs/remotes/main [90ms]
2025-11-03 22:43:54.338 [info] > git config --get commit.template [163ms]
2025-11-03 22:43:54.615 [info] > git status -z -uall [146ms]
2025-11-03 22:43:54.633 [info] > git for-each-ref --sort -committerdate --format %(refname)%00%(objectname)%00%(*objectname) [46ms]
2025-11-03 22:44:26.811 [info] > git config --get commit.template [87ms]
2025-11-03 22:44:26.814 [info] > git for-each-ref --format=%(refname)%00%(upstream:short)%00%(objectname)%00%(upstream:track)%00%(upstream:remotename)%00%(upstream:remoteref) refs/heads/main refs/remotes/main [13ms]
2025-11-03 22:44:26.893 [info] > git status -z -uall [45ms]
2025-11-03 22:44:26.899 [info] > git for-each-ref --sort -committerdate --format %(refname)%00%(objectname)%00%(*objectname) [10ms]
2025-11-03 22:44:27.561 [info] > git show --textconv :system_monitoring.sh [4ms]
2025-11-03 22:44:27.875 [info] > git show --textconv HEAD:system_monitoring.sh [225ms]
2025-11-03 22:44:27.875 [info] > git ls-files --stage -- system_monitoring.sh [163ms]
2025-11-03 22:44:28.046 [warning] [GitFileSystemProvider][readFile] File not found - git:/home/modee/devsecops-capstone/system_monitoring.sh.git?%7B%22path%22%3A%22%2Fhome%2Fmodee%2Fdevsecops-capstone%2Fsystem_monitoring.sh%22%2C%22ref%22%3A%22HEAD%22%7D
2025-11-03 22:44:28.265 [info] > git cat-file -s 0e7809112130a41470c248f1faaf4d63384894ab [223ms]
2025-11-03 22:44:28.267 [info] > git ls-tree -l HEAD -- system_monitoring.sh [406ms]
2025-11-03 22:44:28.269 [warning] [GitFileSystemProvider][stat] File not found - git:/home/modee/devsecops-capstone/system_monitoring.sh.git?%7B%22path%22%3A%22%2Fhome%2Fmodee%2Fdevsecops-capstone%2Fsystem_monitoring.sh%22%2C%22ref%22%3A%22HEAD%22%7D
2025-11-03 22:44:28.275 [info] > git config --get commit.template [158ms]
2025-11-03 22:44:28.377 [info] > git for-each-ref --format=%(refname)%00%(upstream:short)%00%(objectname)%00%(upstream:track)%00%(upstream:remotename)%00%(upstream:remoteref) refs/heads/main refs/remotes/main [59ms]
2025-11-03 22:44:28.394 [info] > git ls-files --stage -- system_monitoring.sh [24ms]
2025-11-03 22:44:28.592 [info] > git status -z -uall [35ms]
2025-11-03 22:44:28.596 [info] > git cat-file -s 0e7809112130a41470c248f1faaf4d63384894ab [66ms]
2025-11-03 22:44:28.620 [info] > git for-each-ref --sort -committerdate --format %(refname)%00%(objectname)%00%(*objectname) [30ms]
2025-11-03 22:44:47.369 [info] > git config --get commit.template [45ms]
2025-11-03 22:44:47.380 [info] > git for-each-ref --format=%(refname)%00%(upstream:short)%00%(objectname)%00%(upstream:track)%00%(upstream:remotename)%00%(upstream:remoteref) refs/heads/main refs/remotes/main [12ms]
2025-11-03 22:44:47.464 [info] > git status -z -uall [44ms]
2025-11-03 22:44:47.483 [info] > git for-each-ref --sort -committerdate --format %(refname)%00%(objectname)%00%(*objectname) [23ms]
2025-11-03 22:45:43.550 [info] > git config --get commit.template [45ms]
2025-11-03 22:45:43.586 [info] > git for-each-ref --format=%(refname)%00%(upstream:short)%00%(objectname)%00%(upstream:track)%00%(upstream:remotename)%00%(upstream:remoteref) refs/heads/main refs/remotes/main [40ms]
2025-11-03 22:45:43.664 [info] > git status -z -uall [40ms]
2025-11-03 22:45:43.666 [info] > git ls-files --stage -- system_monitoring.sh [82ms]
2025-11-03 22:45:43.693 [info] > git for-each-ref --sort -committerdate --format %(refname)%00%(objectname)%00%(*objectname) [36ms]
2025-11-03 22:45:43.708 [info] > git cat-file -s 0e7809112130a41470c248f1faaf4d63384894ab [16ms]
2025-11-03 22:45:43.806 [info] > git show --textconv :system_monitoring.sh [44ms]
2025-11-03 22:45:51.835 [info] > git config --get commit.template [57ms]
2025-11-03 22:45:51.878 [info] > git for-each-ref --format=%(refname)%00%(upstream:short)%00%(objectname)%00%(upstream:track)%00%(upstream:remotename)%00%(upstream:remoteref) refs/heads/main refs/remotes/main [51ms]
2025-11-03 22:45:51.936 [info] > git status -z -uall [29ms]
2025-11-03 22:45:51.937 [info] > git ls-files --stage -- system_monitoring.sh [61ms]
2025-11-03 22:45:51.962 [info] > git for-each-ref --sort -committerdate --format %(refname)%00%(objectname)%00%(*objectname) [30ms]
2025-11-03 22:45:51.973 [info] > git cat-file -s 0e7809112130a41470c248f1faaf4d63384894ab [14ms]
2025-11-03 22:45:52.052 [info] > git show --textconv :system_monitoring.sh [15ms]
2025-11-03 22:46:53.529 [info] > git config --get commit.template [29ms]
2025-11-03 22:46:53.535 [info] > git for-each-ref --format=%(refname)%00%(upstream:short)%00%(objectname)%00%(upstream:track)%00%(upstream:remotename)%00%(upstream:remoteref) refs/heads/main refs/remotes/main [11ms]
2025-11-03 22:46:53.596 [info] > git status -z -uall [25ms]
2025-11-03 22:46:53.606 [info] > git for-each-ref --sort -committerdate --format %(refname)%00%(objectname)%00%(*objectname) [12ms]
2025-11-03 22:47:54.510 [info] > git config --get commit.template [56ms]
2025-11-03 22:47:54.594 [info] > git for-each-ref --format=%(refname)%00%(upstream:short)%00%(objectname)%00%(upstream:track)%00%(upstream:remotename)%00%(upstream:remoteref) refs/heads/main refs/remotes/main [29ms]
2025-11-03 22:47:54.707 [info] > git status -z -uall [54ms]
2025-11-03 22:47:54.743 [info] > git for-each-ref --sort -committerdate --format %(refname)%00%(objectname)%00%(*objectname) [37ms]
2025-11-03 22:47:55.121 [info] > git config --get commit.template [67ms]
2025-11-03 22:47:55.243 [info] > git for-each-ref --format=%(refname)%00%(upstream:short)%00%(objectname)%00%(upstream:track)%00%(upstream:remotename)%00%(upstream:remoteref) refs/heads/main refs/remotes/main [129ms]
2025-11-03 22:47:55.252 [info] > git ls-files --stage -- system_monitoring.sh [17ms]
2025-11-03 22:47:55.346 [info] > git status -z -uall [40ms]
2025-11-03 22:47:55.348 [info] > git cat-file -s 0e7809112130a41470c248f1faaf4d63384894ab [66ms]
2025-11-03 22:47:55.357 [info] > git for-each-ref --sort -committerdate --format %(refname)%00%(objectname)%00%(*objectname) [22ms]
2025-11-03 22:47:55.434 [info] > git show --textconv :system_monitoring.sh [12ms]
2025-11-03 22:48:02.287 [info] > git config --get commit.template [36ms]
2025-11-03 22:48:02.298 [info] > git for-each-ref --format=%(refname)%00%(upstream:short)%00%(objectname)%00%(upstream:track)%00%(upstream:remotename)%00%(upstream:remoteref) refs/heads/main refs/remotes/main [14ms]
2025-11-03 22:48:02.365 [info] > git status -z -uall [35ms]
2025-11-03 22:48:02.388 [info] > git for-each-ref --sort -committerdate --format %(refname)%00%(objectname)%00%(*objectname) [30ms]
2025-11-03 22:49:37.409 [info] > git config --get commit.template [66ms]
2025-11-03 22:49:37.421 [info] > git for-each-ref --format=%(refname)%00%(upstream:short)%00%(objectname)%00%(upstream:track)%00%(upstream:remotename)%00%(upstream:remoteref) refs/heads/main refs/remotes/main [20ms]
2025-11-03 22:49:37.543 [info] > git status -z -uall [70ms]
2025-11-03 22:49:37.558 [info] > git for-each-ref --sort -committerdate --format %(refname)%00%(objectname)%00%(*objectname) [38ms]
2025-11-03 22:49:37.690 [info] > git blame --root --incremental 17d8383e8856403f4f8af6efc5e0d7d34666d721 -- system_monitoring.sh [59ms]
2025-11-03 22:49:37.699 [info] > git merge-base refs/heads/main refs/remotes/origin/main [20ms]
2025-11-03 22:49:37.783 [info] > git diff --name-status -z --diff-filter=ADMR c894bc64c38985580f32d2f5473df0f93bbce019...refs/remotes/origin/main [20ms]
2025-11-03 22:49:38.478 [info] > git for-each-ref --format=%(refname)%00%(upstream:short)%00%(objectname)%00%(upstream:track)%00%(upstream:remotename)%00%(upstream:remoteref) refs/heads/main refs/remotes/main [123ms]
2025-11-03 22:49:38.484 [info] > git config --get commit.template [191ms]
2025-11-03 22:49:38.537 [info] > git status -z -uall [27ms]
2025-11-03 22:49:38.538 [info] > git ls-files --stage -- system_monitoring.sh [64ms]
2025-11-03 22:49:38.597 [info] > git for-each-ref --sort -committerdate --format %(refname)%00%(objectname)%00%(*objectname) [61ms]
2025-11-03 22:49:38.630 [info] > git cat-file -s 0e7809112130a41470c248f1faaf4d63384894ab [38ms]
2025-11-03 22:49:38.810 [info] > git show --textconv :system_monitoring.sh [29ms]
2025-11-03 22:49:55.768 [info] > git config --get commit.template [33ms]
2025-11-03 22:49:55.777 [info] > git for-each-ref --format=%(refname)%00%(upstream:short)%00%(objectname)%00%(upstream:track)%00%(upstream:remotename)%00%(upstream:remoteref) refs/heads/main refs/remotes/main [14ms]
2025-11-03 22:49:55.840 [info] > git status -z -uall [31ms]
2025-11-03 22:49:55.858 [info] > git for-each-ref --sort -committerdate --format %(refname)%00%(objectname)%00%(*objectname) [20ms]
2025-11-03 22:51:09.197 [info] > git config --get commit.template [70ms]
2025-11-03 22:51:09.205 [info] > git for-each-ref --format=%(refname)%00%(upstream:short)%00%(objectname)%00%(upstream:track)%00%(upstream:remotename)%00%(upstream:remoteref) refs/heads/main refs/remotes/main [15ms]
2025-11-03 22:51:09.276 [info] > git status -z -uall [28ms]
2025-11-03 22:51:09.291 [info] > git for-each-ref --sort -committerdate --format %(refname)%00%(objectname)%00%(*objectname) [19ms]
2025-11-03 22:51:10.213 [info] > git config --get commit.template [67ms]
2025-11-03 22:51:10.364 [info] > git for-each-ref --format=%(refname)%00%(upstream:short)%00%(objectname)%00%(upstream:track)%00%(upstream:remotename)%00%(upstream:remoteref) refs/heads/main refs/remotes/main [156ms]
2025-11-03 22:51:10.601 [info] > git status -z -uall [117ms]
2025-11-03 22:51:10.603 [info] > git ls-files --stage -- system_monitoring.sh [243ms]
2025-11-03 22:51:10.673 [info] > git for-each-ref --sort -committerdate --format %(refname)%00%(objectname)%00%(*objectname) [95ms]
2025-11-03 22:51:10.692 [info] > git cat-file -s 0e7809112130a41470c248f1faaf4d63384894ab [22ms]
2025-11-03 22:51:10.746 [info] > git show --textconv :system_monitoring.sh [11ms]
2025-11-03 22:51:32.174 [info] > git config --get commit.template [72ms]
2025-11-03 22:51:32.288 [info] > git for-each-ref --format=%(refname)%00%(upstream:short)%00%(objectname)%00%(upstream:track)%00%(upstream:remotename)%00%(upstream:remoteref) refs/heads/main refs/remotes/main [115ms]
2025-11-03 22:51:32.384 [info] > git status -z -uall [51ms]
2025-11-03 22:51:32.386 [info] > git ls-files --stage -- system_monitoring.sh [103ms]
2025-11-03 22:51:32.428 [info] > git for-each-ref --sort -committerdate --format %(refname)%00%(objectname)%00%(*objectname) [51ms]
2025-11-03 22:51:32.438 [info] > git cat-file -s 0e7809112130a41470c248f1faaf4d63384894ab [12ms]
2025-11-03 22:51:32.558 [info] > git show --textconv :system_monitoring.sh [12ms]
2025-11-03 22:52:01.862 [info] > git config --get commit.template [36ms]
2025-11-03 22:52:01.872 [info] > git for-each-ref --format=%(refname)%00%(upstream:short)%00%(objectname)%00%(upstream:track)%00%(upstream:remotename)%00%(upstream:remoteref) refs/heads/main refs/remotes/main [13ms]
2025-11-03 22:52:01.941 [info] > git status -z -uall [34ms]
2025-11-03 22:52:01.961 [info] > git for-each-ref --sort -committerdate --format %(refname)%00%(objectname)%00%(*objectname) [23ms]
