2025-11-06 00:53:56.779 [info] Reading sessions from keychain...
2025-11-06 00:53:56.779 [info] Getting sessions for all scopes...
2025-11-06 00:53:57.836 [info] Got stored sessions!
2025-11-06 00:53:57.837 [info] Got 1 verified sessions.
2025-11-06 00:53:57.837 [info] Got 1 sessions for ...
2025-11-06 00:53:57.837 [info] Getting sessions for all scopes...
2025-11-06 00:53:57.837 [info] Got 1 sessions for ...
2025-11-06 00:53:57.841 [info] Getting sessions for all scopes...
2025-11-06 00:53:57.841 [info] Got 1 sessions for ...
2025-11-06 00:53:57.846 [info] Getting sessions for all scopes...
2025-11-06 00:53:57.846 [info] Got 1 sessions for ...
2025-11-06 00:53:57.847 [info] Getting sessions for all scopes...
2025-11-06 00:53:57.847 [info] Got 1 sessions for ...
2025-11-06 00:53:57.847 [info] Getting sessions for all scopes...
2025-11-06 00:53:57.847 [info] Got 1 sessions for ...
2025-11-06 00:53:57.847 [info] Getting sessions for all scopes...
2025-11-06 00:53:57.847 [info] Got 1 sessions for ...
2025-11-06 00:53:57.847 [info] Getting sessions for repo,workflow...
2025-11-06 00:53:57.847 [info] Got 0 sessions for repo,workflow...
2025-11-06 00:53:58.388 [info] Getting sessions for all scopes...
2025-11-06 00:53:58.388 [info] Got 1 sessions for ...
2025-11-06 00:53:58.390 [info] Getting sessions for all scopes...
2025-11-06 00:53:58.390 [info] Got 1 sessions for ...
2025-11-06 00:53:58.390 [info] Getting sessions for all scopes...
2025-11-06 00:53:58.390 [info] Got 1 sessions for ...
2025-11-06 00:53:58.390 [info] Getting sessions for all scopes...
2025-11-06 00:53:58.390 [info] Got 1 sessions for ...
2025-11-06 00:53:58.391 [info] Getting sessions for all scopes...
2025-11-06 00:53:58.391 [info] Got 1 sessions for ...
2025-11-06 00:53:58.391 [info] Getting sessions for all scopes...
2025-11-06 00:53:58.391 [info] Got 1 sessions for ...
2025-11-06 00:54:00.087 [info] fetching: Electron fetch failed with status: 429 
2025-11-06 00:54:00.135 [info] Getting sessions for repo,workflow...
2025-11-06 00:54:00.136 [info] Got 0 sessions for repo,workflow...
2025-11-06 00:54:00.260 [info] Getting sessions for all scopes...
2025-11-06 00:54:00.260 [info] Got 1 sessions for ...
2025-11-06 00:54:00.288 [info] Getting sessions for repo,workflow...
2025-11-06 00:54:00.288 [info] Got 0 sessions for repo,workflow...
2025-11-06 00:54:00.706 [info] Getting sessions for repo,workflow...
2025-11-06 00:54:00.706 [info] Got 0 sessions for repo,workflow...
2025-11-06 00:54:00.727 [info] Getting sessions for read:user,repo,user:email,workflow...
2025-11-06 00:54:00.727 [info] Got 1 sessions for read:user,repo,user:email,workflow...
2025-11-06 00:54:01.624 [info] fetching: Node fetch failed with status: 429 Too Many Requests
2025-11-06 00:54:03.735 [info] Getting sessions for all scopes...
2025-11-06 00:54:03.735 [info] Got 1 sessions for ...
2025-11-06 00:54:03.795 [info] fetching: Node http/s failed with status: 429 Too Many Requests
2025-11-06 00:54:04.831 [info] Getting sessions for all scopes...
2025-11-06 00:54:04.831 [info] Got 1 sessions for ...
2025-11-06 00:54:04.861 [info] Getting sessions for all scopes...
2025-11-06 00:54:04.862 [info] Got 1 sessions for ...
2025-11-06 00:54:04.880 [info] Getting sessions for all scopes...
2025-11-06 00:54:04.880 [info] Got 1 sessions for ...
2025-11-06 21:33:14.788 [info] Getting sessions for read:user,repo,user:email,workflow...
2025-11-06 21:33:14.788 [info] Got 1 sessions for read:user,repo,user:email,workflow...
2025-11-06 22:02:22.669 [info] Getting sessions for read:user,repo,user:email,workflow...
2025-11-06 22:02:22.669 [info] Got 1 sessions for read:user,repo,user:email,workflow...
