2025-11-03 17:33:34.768 [info] Reading sessions from keychain...
2025-11-03 17:33:34.768 [info] Getting sessions for all scopes...
2025-11-03 17:33:35.967 [info] Got stored sessions!
2025-11-03 17:33:35.967 [info] Got 1 verified sessions.
2025-11-03 17:33:35.969 [info] Got 1 sessions for ...
2025-11-03 17:33:35.971 [info] Getting sessions for all scopes...
2025-11-03 17:33:35.971 [info] Got 1 sessions for ...
2025-11-03 17:33:35.971 [info] Getting sessions for all scopes...
2025-11-03 17:33:35.971 [info] Got 1 sessions for ...
2025-11-03 17:33:35.975 [info] Getting sessions for all scopes...
2025-11-03 17:33:35.975 [info] Got 1 sessions for ...
2025-11-03 17:33:35.975 [info] Getting sessions for all scopes...
2025-11-03 17:33:35.975 [info] Got 1 sessions for ...
2025-11-03 17:33:35.975 [info] Getting sessions for all scopes...
2025-11-03 17:33:35.975 [info] Got 1 sessions for ...
2025-11-03 17:33:35.976 [info] Getting sessions for all scopes...
2025-11-03 17:33:35.976 [info] Got 1 sessions for ...
2025-11-03 17:33:38.669 [info] Getting sessions for all scopes...
2025-11-03 17:33:38.669 [info] Got 1 sessions for ...
2025-11-03 17:33:38.673 [info] Getting sessions for all scopes...
2025-11-03 17:33:38.674 [info] Got 1 sessions for ...
2025-11-03 17:33:38.676 [info] Getting sessions for all scopes...
2025-11-03 17:33:38.676 [info] Got 1 sessions for ...
2025-11-03 17:33:38.678 [info] Getting sessions for all scopes...
2025-11-03 17:33:38.678 [info] Got 1 sessions for ...
2025-11-03 17:33:38.679 [info] Getting sessions for all scopes...
2025-11-03 17:33:38.679 [info] Got 1 sessions for ...
2025-11-03 17:33:38.681 [info] Getting sessions for all scopes...
2025-11-03 17:33:38.681 [info] Got 1 sessions for ...
2025-11-03 17:33:43.188 [info] fetching: Electron fetch failed with status: 429 
2025-11-03 17:33:43.204 [info] Getting sessions for read:user,repo,user:email,workflow...
2025-11-03 17:33:43.204 [info] Got 1 sessions for read:user,repo,user:email,workflow...
2025-11-03 17:33:44.329 [info] Getting sessions for all scopes...
2025-11-03 17:33:44.329 [info] Got 1 sessions for ...
2025-11-03 17:33:47.842 [info] fetching: Node fetch failed with status: 429 Too Many Requests
2025-11-03 17:33:48.673 [info] fetching: Node http/s failed with status: 429 Too Many Requests
2025-11-03 17:33:51.341 [info] Getting sessions for all scopes...
2025-11-03 17:33:51.341 [info] Got 1 sessions for ...
2025-11-03 17:33:53.296 [info] Getting sessions for all scopes...
2025-11-03 17:33:53.297 [info] Got 1 sessions for ...
2025-11-03 17:33:53.299 [info] Getting sessions for all scopes...
2025-11-03 17:33:53.299 [info] Got 1 sessions for ...
2025-11-03 17:33:53.315 [info] Getting sessions for all scopes...
2025-11-03 17:33:53.315 [info] Got 1 sessions for ...
2025-11-03 18:03:00.320 [info] Getting sessions for read:user,repo,user:email,workflow...
2025-11-03 18:03:00.320 [info] Got 1 sessions for read:user,repo,user:email,workflow...
2025-11-03 21:15:24.738 [info] Getting sessions for read:user,repo,user:email,workflow...
2025-11-03 21:15:24.739 [info] Got 1 sessions for read:user,repo,user:email,workflow...
2025-11-03 22:33:53.664 [info] Getting sessions for read:user,repo,user:email,workflow...
2025-11-03 22:33:53.664 [info] Got 1 sessions for read:user,repo,user:email,workflow...
