2025-11-06 23:39:52.941 [info] Reading sessions from keychain...
2025-11-06 23:39:52.941 [info] Getting sessions for all scopes...
2025-11-06 23:39:54.917 [info] Got stored sessions!
2025-11-06 23:39:54.918 [info] Got 1 verified sessions.
2025-11-06 23:39:54.918 [info] Got 1 sessions for ...
2025-11-06 23:39:54.928 [info] Getting sessions for all scopes...
2025-11-06 23:39:54.928 [info] Got 1 sessions for ...
2025-11-06 23:39:54.932 [info] Getting sessions for all scopes...
2025-11-06 23:39:54.932 [info] Got 1 sessions for ...
2025-11-06 23:39:54.932 [info] Getting sessions for all scopes...
2025-11-06 23:39:54.952 [info] Got 1 sessions for ...
2025-11-06 23:39:54.979 [info] Getting sessions for all scopes...
2025-11-06 23:39:54.979 [info] Got 1 sessions for ...
2025-11-06 23:39:54.996 [info] Getting sessions for all scopes...
2025-11-06 23:39:54.996 [info] Got 1 sessions for ...
2025-11-06 23:39:54.997 [info] Getting sessions for all scopes...
2025-11-06 23:39:54.998 [info] Got 1 sessions for ...
2025-11-06 23:39:55.030 [info] Getting sessions for repo,workflow...
2025-11-06 23:39:55.031 [info] Got 0 sessions for repo,workflow...
2025-11-06 23:39:57.298 [info] Getting sessions for all scopes...
2025-11-06 23:39:57.298 [info] Got 1 sessions for ...
2025-11-06 23:39:57.300 [info] Getting sessions for all scopes...
2025-11-06 23:39:57.300 [info] Got 1 sessions for ...
2025-11-06 23:39:57.303 [info] Getting sessions for all scopes...
2025-11-06 23:39:57.303 [info] Got 1 sessions for ...
2025-11-06 23:39:57.304 [info] Getting sessions for all scopes...
2025-11-06 23:39:57.304 [info] Got 1 sessions for ...
2025-11-06 23:39:57.305 [info] Getting sessions for all scopes...
2025-11-06 23:39:57.305 [info] Got 1 sessions for ...
2025-11-06 23:39:57.307 [info] Getting sessions for all scopes...
2025-11-06 23:39:57.307 [info] Got 1 sessions for ...
2025-11-06 23:40:02.863 [info] fetching: Electron fetch failed with status: 429 
2025-11-06 23:40:18.666 [info] Getting sessions for read:user,repo,user:email,workflow...
2025-11-06 23:40:18.666 [info] Got 1 sessions for read:user,repo,user:email,workflow...
2025-11-06 23:40:21.567 [info] fetching: Node fetch failed with status: 429 Too Many Requests
2025-11-06 23:40:22.953 [info] fetching: Node http/s failed with status: 429 Too Many Requests
2025-11-06 23:40:24.671 [info] Getting sessions for repo,workflow...
2025-11-06 23:40:24.672 [info] Got 0 sessions for repo,workflow...
2025-11-06 23:40:28.146 [info] Getting sessions for repo,workflow...
2025-11-06 23:40:28.146 [info] Got 0 sessions for repo,workflow...
2025-11-06 23:40:29.276 [info] Getting sessions for repo,workflow...
2025-11-06 23:40:29.279 [info] Got 0 sessions for repo,workflow...
2025-11-06 23:40:36.569 [info] Getting sessions for all scopes...
2025-11-06 23:40:36.569 [info] Got 1 sessions for ...
2025-11-06 23:40:47.970 [info] Getting sessions for all scopes...
2025-11-06 23:40:47.970 [info] Got 1 sessions for ...
2025-11-06 23:40:53.832 [info] Getting sessions for all scopes...
2025-11-06 23:40:53.832 [info] Got 1 sessions for ...
2025-11-06 23:40:53.837 [info] Getting sessions for all scopes...
2025-11-06 23:40:53.837 [info] Got 1 sessions for ...
2025-11-06 23:40:53.837 [info] Getting sessions for all scopes...
2025-11-06 23:40:53.837 [info] Got 1 sessions for ...
