2025-10-29 22:10:01.755 [info] Reading sessions from keychain...
2025-10-29 22:10:01.755 [info] Getting sessions for all scopes...
2025-10-29 22:10:04.075 [info] Got stored sessions!
2025-10-29 22:10:04.076 [info] Got 1 verified sessions.
2025-10-29 22:10:04.076 [info] Got 1 sessions for ...
2025-10-29 22:10:04.118 [info] Getting sessions for all scopes...
2025-10-29 22:10:04.118 [info] Got 1 sessions for ...
2025-10-29 22:10:04.118 [info] Getting sessions for all scopes...
2025-10-29 22:10:04.118 [info] Got 1 sessions for ...
2025-10-29 22:10:04.120 [info] Getting sessions for all scopes...
2025-10-29 22:10:04.120 [info] Got 1 sessions for ...
2025-10-29 22:10:04.121 [info] Getting sessions for all scopes...
2025-10-29 22:10:04.121 [info] Got 1 sessions for ...
2025-10-29 22:10:04.152 [info] Getting sessions for all scopes...
2025-10-29 22:10:04.152 [info] Got 1 sessions for ...
2025-10-29 22:10:04.153 [info] Getting sessions for all scopes...
2025-10-29 22:10:04.159 [info] Got 1 sessions for ...
2025-10-29 22:10:04.167 [info] Getting sessions for all scopes...
2025-10-29 22:10:04.173 [info] Got 1 sessions for ...
2025-10-29 22:10:04.792 [info] Getting sessions for all scopes...
2025-10-29 22:10:04.817 [info] Got 1 sessions for ...
2025-10-29 22:10:04.928 [info] Getting sessions for all scopes...
2025-10-29 22:10:04.929 [info] Got 1 sessions for ...
2025-10-29 22:10:04.930 [info] Getting sessions for all scopes...
2025-10-29 22:10:04.930 [info] Got 1 sessions for ...
2025-10-29 22:10:04.940 [info] Getting sessions for all scopes...
2025-10-29 22:10:04.948 [info] Got 1 sessions for ...
2025-10-29 22:10:04.958 [info] Getting sessions for all scopes...
2025-10-29 22:10:04.959 [info] Got 1 sessions for ...
2025-10-29 22:10:04.961 [info] Getting sessions for all scopes...
2025-10-29 22:10:04.961 [info] Got 1 sessions for ...
2025-10-29 22:10:17.788 [info] fetching: Electron fetch failed with status: 429 
2025-10-29 22:10:19.374 [info] Getting sessions for all scopes...
2025-10-29 22:10:19.374 [info] Got 1 sessions for ...
2025-10-29 22:10:22.776 [info] Getting sessions for all scopes...
2025-10-29 22:10:22.776 [info] Got 1 sessions for ...
2025-10-29 22:10:22.811 [info] Getting sessions for all scopes...
2025-10-29 22:10:22.811 [info] Got 1 sessions for ...
2025-10-29 22:10:22.909 [info] Getting sessions for all scopes...
2025-10-29 22:10:22.909 [info] Got 1 sessions for ...
2025-10-29 22:10:23.707 [info] fetching: Node fetch failed with status: 429 Too Many Requests
2025-10-29 22:10:38.567 [info] fetching: Node http/s failed with status: 429 Too Many Requests
2025-10-29 22:12:17.255 [info] Reading sessions from keychain...
2025-10-29 22:12:17.255 [info] Getting sessions for all scopes...
2025-10-29 22:12:19.038 [info] Got stored sessions!
2025-10-29 22:12:19.039 [info] Got 1 verified sessions.
2025-10-29 22:12:19.040 [info] Got 1 sessions for ...
2025-10-29 22:12:19.045 [info] Getting sessions for all scopes...
2025-10-29 22:12:19.049 [info] Got 1 sessions for ...
2025-10-29 22:12:19.050 [info] Getting sessions for all scopes...
2025-10-29 22:12:19.050 [info] Got 1 sessions for ...
2025-10-29 22:12:19.059 [info] Getting sessions for all scopes...
2025-10-29 22:12:19.059 [info] Got 1 sessions for ...
2025-10-29 22:12:19.063 [info] Getting sessions for all scopes...
2025-10-29 22:12:19.063 [info] Got 1 sessions for ...
2025-10-29 22:12:19.068 [info] Getting sessions for all scopes...
2025-10-29 22:12:19.071 [info] Got 1 sessions for ...
2025-10-29 22:12:19.081 [info] Getting sessions for all scopes...
2025-10-29 22:12:19.081 [info] Got 1 sessions for ...
2025-10-29 22:12:19.924 [info] Getting sessions for all scopes...
2025-10-29 22:12:19.924 [info] Got 1 sessions for ...
2025-10-29 22:12:19.927 [info] Getting sessions for all scopes...
2025-10-29 22:12:19.927 [info] Got 1 sessions for ...
2025-10-29 22:12:19.930 [info] Getting sessions for all scopes...
2025-10-29 22:12:19.941 [info] Got 1 sessions for ...
2025-10-29 22:12:19.978 [info] Getting sessions for all scopes...
2025-10-29 22:12:19.978 [info] Got 1 sessions for ...
2025-10-29 22:12:19.997 [info] Getting sessions for all scopes...
2025-10-29 22:12:20.003 [info] Got 1 sessions for ...
2025-10-29 22:12:20.005 [info] Getting sessions for all scopes...
2025-10-29 22:12:20.006 [info] Got 1 sessions for ...
2025-10-29 22:12:20.021 [info] Getting sessions for all scopes...
2025-10-29 22:12:20.021 [info] Got 1 sessions for ...
2025-10-29 22:12:25.601 [info] fetching: Electron fetch failed with status: 429 
2025-10-29 22:12:36.749 [info] fetching: Node fetch failed with status: 429 Too Many Requests
2025-10-29 22:12:40.596 [info] fetching: Node http/s failed with status: 429 Too Many Requests
2025-10-29 22:12:40.948 [info] Getting sessions for read:user,repo,user:email,workflow...
2025-10-29 22:12:40.949 [info] Got 1 sessions for read:user,repo,user:email,workflow...
2025-10-29 22:12:46.847 [info] Getting sessions for all scopes...
2025-10-29 22:12:46.847 [info] Got 1 sessions for ...
2025-10-29 22:12:52.141 [info] Getting sessions for all scopes...
2025-10-29 22:12:52.141 [info] Got 1 sessions for ...
2025-10-29 22:12:52.167 [info] Getting sessions for all scopes...
2025-10-29 22:12:52.167 [info] Got 1 sessions for ...
2025-10-29 22:12:52.205 [info] Getting sessions for all scopes...
2025-10-29 22:12:52.205 [info] Got 1 sessions for ...
2025-10-30 00:35:09.706 [info] Getting sessions for repo,workflow...
2025-10-30 00:35:09.706 [info] Got 0 sessions for repo,workflow...
2025-10-30 00:35:11.306 [info] Getting sessions for repo,workflow...
2025-10-30 00:35:11.307 [info] Got 0 sessions for repo,workflow...
2025-10-30 00:35:11.348 [info] Getting sessions for repo,workflow...
2025-10-30 00:35:11.348 [info] Got 0 sessions for repo,workflow...
2025-10-30 00:35:11.358 [info] Getting sessions for repo,workflow...
2025-10-30 00:35:11.359 [info] Got 0 sessions for repo,workflow...
2025-10-31 15:33:45.909 [info] Getting sessions for read:user,repo,user:email,workflow...
2025-10-31 15:33:45.910 [info] Got 1 sessions for read:user,repo,user:email,workflow...
