2025-11-03 16:43:52.584 [info] Reading sessions from keychain...
2025-11-03 16:43:52.584 [info] Getting sessions for all scopes...
2025-11-03 16:43:56.463 [info] Got stored sessions!
2025-11-03 16:43:56.463 [info] Got 1 verified sessions.
2025-11-03 16:43:56.463 [info] Got 1 sessions for ...
2025-11-03 16:43:56.463 [info] Getting sessions for all scopes...
2025-11-03 16:43:56.463 [info] Got 1 sessions for ...
2025-11-03 16:43:56.464 [info] Getting sessions for all scopes...
2025-11-03 16:43:56.464 [info] Got 1 sessions for ...
2025-11-03 16:43:56.464 [info] Getting sessions for all scopes...
2025-11-03 16:43:56.464 [info] Got 1 sessions for ...
2025-11-03 16:43:56.464 [info] Getting sessions for all scopes...
2025-11-03 16:43:56.464 [info] Got 1 sessions for ...
2025-11-03 16:43:56.464 [info] Getting sessions for all scopes...
2025-11-03 16:43:56.465 [info] Got 1 sessions for ...
2025-11-03 16:43:56.465 [info] Getting sessions for all scopes...
2025-11-03 16:43:56.465 [info] Got 1 sessions for ...
2025-11-03 16:44:04.302 [info] Getting sessions for all scopes...
2025-11-03 16:44:04.302 [info] Got 1 sessions for ...
2025-11-03 16:44:04.312 [info] Getting sessions for all scopes...
2025-11-03 16:44:04.313 [info] Got 1 sessions for ...
2025-11-03 16:44:04.319 [info] Getting sessions for all scopes...
2025-11-03 16:44:04.320 [info] Got 1 sessions for ...
2025-11-03 16:44:04.321 [info] Getting sessions for all scopes...
2025-11-03 16:44:04.322 [info] Got 1 sessions for ...
2025-11-03 16:44:04.323 [info] Getting sessions for all scopes...
2025-11-03 16:44:04.323 [info] Got 1 sessions for ...
2025-11-03 16:44:04.325 [info] Getting sessions for all scopes...
2025-11-03 16:44:04.325 [info] Got 1 sessions for ...
2025-11-03 16:44:05.635 [info] Getting sessions for all scopes...
2025-11-03 16:44:05.635 [info] Got 1 sessions for ...
2025-11-03 16:44:09.691 [info] fetching: Electron fetch failed with status: 429 
2025-11-03 16:44:10.535 [info] Getting sessions for read:user,repo,user:email,workflow...
2025-11-03 16:44:10.536 [info] Got 1 sessions for read:user,repo,user:email,workflow...
2025-11-03 16:44:12.510 [info] fetching: Node fetch failed with status: 429 Too Many Requests
2025-11-03 16:44:15.089 [info] fetching: Node http/s failed with status: 429 Too Many Requests
2025-11-03 16:44:16.691 [info] Getting sessions for all scopes...
2025-11-03 16:44:16.691 [info] Got 1 sessions for ...
2025-11-03 16:44:23.159 [info] Getting sessions for all scopes...
2025-11-03 16:44:23.160 [info] Got 1 sessions for ...
2025-11-03 16:44:23.165 [info] Getting sessions for all scopes...
2025-11-03 16:44:23.165 [info] Got 1 sessions for ...
2025-11-03 16:44:23.215 [info] Getting sessions for all scopes...
2025-11-03 16:44:23.215 [info] Got 1 sessions for ...
