2025-11-04 13:56:38.204 [info] [main] Log level: Info
2025-11-04 13:56:38.204 [info] [main] Validating found git in: "git"
2025-11-04 13:56:38.204 [info] [main] Using git "2.43.0" from "git"
2025-11-04 13:56:38.204 [info] [Model][doInitialScan] Initial repository scan started
2025-11-04 13:56:38.204 [info] > git rev-parse --show-toplevel [112ms]
2025-11-04 13:56:38.204 [info] > git rev-parse --git-dir --git-common-dir --show-superproject-working-tree [376ms]
2025-11-04 13:56:38.204 [info] [Model][openRepository] Opened repository (path): /home/modee/devsecops-capstone
2025-11-04 13:56:38.204 [info] [Model][openRepository] Opened repository (real path): /home/modee/devsecops-capstone
2025-11-04 13:56:38.204 [info] [Model][openRepository] Opened repository (kind): repository
2025-11-04 13:56:38.204 [info] > git config --get commit.template [46ms]
2025-11-04 13:56:38.265 [info] > git rev-parse --show-toplevel [71ms]
2025-11-04 13:56:38.743 [info] > git rev-parse --show-toplevel [236ms]
2025-11-04 13:56:38.821 [info] [Model][doInitialScan] Initial repository scan completed - repositories (1), closed repositories (0), parent repositories (0), unsafe repositories (0)
2025-11-04 13:56:38.829 [info] > git for-each-ref --format=%(refname)%00%(upstream:short)%00%(objectname)%00%(upstream:track)%00%(upstream:remotename)%00%(upstream:remoteref) refs/heads/main refs/remotes/main [569ms]
2025-11-04 13:56:39.050 [info] > git status -z -uall [128ms]
2025-11-04 13:56:39.089 [info] > git for-each-ref --sort -committerdate --format %(refname)%00%(objectname)%00%(*objectname) [46ms]
2025-11-04 13:56:39.439 [info] > git for-each-ref --format=%(refname)%00%(upstream:short)%00%(objectname)%00%(upstream:track)%00%(upstream:remotename)%00%(upstream:remoteref) refs/heads/main refs/remotes/main [114ms]
2025-11-04 13:56:39.495 [info] > git config --get commit.template [55ms]
2025-11-04 13:56:39.509 [info] > git config --get --local branch.main.vscode-merge-base [28ms]
2025-11-04 13:56:39.596 [info] > git for-each-ref --format=%(refname)%00%(upstream:short)%00%(objectname)%00%(upstream:track)%00%(upstream:remotename)%00%(upstream:remoteref) refs/heads/origin/main refs/remotes/origin/main [29ms]
2025-11-04 13:56:39.678 [info] > git for-each-ref --format=%(refname)%00%(upstream:short)%00%(objectname)%00%(upstream:track)%00%(upstream:remotename)%00%(upstream:remoteref) refs/heads/main refs/remotes/main [85ms]
2025-11-04 13:56:40.920 [info] > git merge-base refs/heads/main refs/remotes/origin/main [1267ms]
2025-11-04 13:56:49.016 [info] > git diff --name-status -z --diff-filter=ADMR c894bc64c38985580f32d2f5473df0f93bbce019...refs/remotes/origin/main [8065ms]
2025-11-04 13:56:50.389 [info] > git check-ignore -v -z --stdin [271ms]
2025-11-04 13:56:50.393 [info] > git status -z -uall [122ms]
2025-11-04 13:56:50.479 [info] > git for-each-ref --sort -committerdate --format %(refname)%00%(objectname)%00%(*objectname) [138ms]
2025-11-04 13:56:50.914 [info] > git show --textconv :system_monitoring.sh [93ms]
2025-11-04 13:56:50.915 [info] > git ls-files --stage -- system_monitoring.sh [20ms]
2025-11-04 13:56:51.223 [info] > git cat-file -s 0e7809112130a41470c248f1faaf4d63384894ab [142ms]
2025-11-04 13:56:59.864 [info] > git blame --root --incremental 17d8383e8856403f4f8af6efc5e0d7d34666d721 -- system_monitoring.sh [668ms]
2025-11-04 13:58:02.099 [info] > git for-each-ref --format=%(refname)%00%(upstream:short)%00%(objectname)%00%(upstream:track)%00%(upstream:remotename)%00%(upstream:remoteref) refs/heads/main refs/remotes/main [35ms]
2025-11-04 13:58:02.102 [info] > git config --get commit.template [85ms]
2025-11-04 13:58:02.110 [info] > git ls-files --stage -- system_monitoring.sh [12ms]
2025-11-04 13:58:02.200 [info] > git status -z -uall [37ms]
2025-11-04 13:58:02.207 [info] > git cat-file -s 0e7809112130a41470c248f1faaf4d63384894ab [77ms]
2025-11-04 13:58:02.221 [info] > git for-each-ref --sort -committerdate --format %(refname)%00%(objectname)%00%(*objectname) [25ms]
2025-11-04 13:58:02.434 [info] > git show --textconv :system_monitoring.sh [18ms]
2025-11-04 14:02:20.353 [info] > git for-each-ref --format=%(refname)%00%(upstream:short)%00%(objectname)%00%(upstream:track)%00%(upstream:remotename)%00%(upstream:remoteref) refs/heads/main refs/remotes/main [29ms]
2025-11-04 14:02:20.355 [info] > git config --get commit.template [241ms]
2025-11-04 14:02:20.591 [info] > git status -z -uall [70ms]
2025-11-04 14:02:20.609 [info] > git for-each-ref --sort -committerdate --format %(refname)%00%(objectname)%00%(*objectname) [46ms]
2025-11-04 14:02:20.915 [info] > git config --get commit.template [206ms]
2025-11-04 14:02:20.938 [info] > git for-each-ref --format=%(refname)%00%(upstream:short)%00%(objectname)%00%(upstream:track)%00%(upstream:remotename)%00%(upstream:remoteref) refs/heads/main refs/remotes/main [42ms]
2025-11-04 14:02:21.118 [info] > git status -z -uall [110ms]
2025-11-04 14:02:21.118 [info] > git for-each-ref --sort -committerdate --format %(refname)%00%(objectname)%00%(*objectname) [52ms]
2025-11-04 14:02:21.296 [info] > git ls-files --stage -- system_monitoring.sh [184ms]
2025-11-04 14:02:21.402 [info] > git cat-file -s 0e7809112130a41470c248f1faaf4d63384894ab [15ms]
2025-11-04 14:02:21.520 [info] > git show --textconv :system_monitoring.sh [18ms]
2025-11-04 14:02:50.210 [info] > git config --get commit.template [201ms]
2025-11-04 14:02:50.219 [info] > git for-each-ref --format=%(refname)%00%(upstream:short)%00%(objectname)%00%(upstream:track)%00%(upstream:remotename)%00%(upstream:remoteref) refs/heads/main refs/remotes/main [19ms]
2025-11-04 14:02:50.641 [info] > git status -z -uall [349ms]
2025-11-04 14:02:50.686 [info] > git for-each-ref --sort -committerdate --format %(refname)%00%(objectname)%00%(*objectname) [47ms]
2025-11-04 14:02:50.927 [info] > git ls-files --stage -- system_monitoring.sh [25ms]
2025-11-04 14:02:50.970 [info] > git cat-file -s 0e7809112130a41470c248f1faaf4d63384894ab [13ms]
2025-11-04 14:02:51.144 [info] > git show --textconv :system_monitoring.sh [30ms]
2025-11-04 14:03:19.436 [info] > git config --get commit.template [76ms]
2025-11-04 14:03:19.456 [info] > git for-each-ref --format=%(refname)%00%(upstream:short)%00%(objectname)%00%(upstream:track)%00%(upstream:remotename)%00%(upstream:remoteref) refs/heads/main refs/remotes/main [28ms]
2025-11-04 14:03:19.824 [info] > git status -z -uall [233ms]
2025-11-04 14:03:19.831 [info] > git for-each-ref --sort -committerdate --format %(refname)%00%(objectname)%00%(*objectname) [27ms]
2025-11-04 14:03:20.536 [info] > git merge-base refs/heads/main refs/remotes/origin/main [515ms]
2025-11-04 14:03:20.671 [info] > git config --get commit.template [153ms]
2025-11-04 14:03:20.703 [info] > git diff --name-status -z --diff-filter=ADMR 17d8383e8856403f4f8af6efc5e0d7d34666d721...refs/remotes/origin/main [49ms]
2025-11-04 14:03:20.934 [info] > git for-each-ref --format=%(refname)%00%(upstream:short)%00%(objectname)%00%(upstream:track)%00%(upstream:remotename)%00%(upstream:remoteref) refs/heads/main refs/remotes/main [155ms]
2025-11-04 14:03:20.952 [info] > git ls-files --stage -- system_monitoring.sh [35ms]
2025-11-04 14:03:21.053 [info] > git status -z -uall [32ms]
2025-11-04 14:03:21.055 [info] > git cat-file -s 0e7809112130a41470c248f1faaf4d63384894ab [71ms]
2025-11-04 14:03:21.114 [info] > git for-each-ref --sort -committerdate --format %(refname)%00%(objectname)%00%(*objectname) [63ms]
2025-11-04 14:03:21.161 [info] > git show --textconv :system_monitoring.sh [50ms]
2025-11-04 14:18:04.060 [info] > git check-ignore -v -z --stdin [14ms]
2025-11-04 14:18:04.099 [info] > git config --get commit.template [101ms]
2025-11-04 14:18:04.234 [info] > git for-each-ref --format=%(refname)%00%(upstream:short)%00%(objectname)%00%(upstream:track)%00%(upstream:remotename)%00%(upstream:remoteref) refs/heads/main refs/remotes/main [83ms]
2025-11-04 14:18:04.469 [info] > git status -z -uall [147ms]
2025-11-04 14:18:04.496 [info] > git for-each-ref --sort -committerdate --format %(refname)%00%(objectname)%00%(*objectname) [37ms]
2025-11-04 14:20:35.239 [info] > git config --get commit.template [198ms]
2025-11-04 14:20:35.332 [info] > git for-each-ref --format=%(refname)%00%(upstream:short)%00%(objectname)%00%(upstream:track)%00%(upstream:remotename)%00%(upstream:remoteref) refs/heads/main refs/remotes/main [148ms]
2025-11-04 14:20:35.389 [info] > git check-ignore -v -z --stdin [65ms]
2025-11-04 14:20:35.581 [info] > git status -z -uall [94ms]
2025-11-04 14:20:35.620 [info] > git for-each-ref --sort -committerdate --format %(refname)%00%(objectname)%00%(*objectname) [48ms]
2025-11-04 14:21:00.581 [info] > git config --get commit.template [182ms]
2025-11-04 14:21:00.588 [info] > git for-each-ref --format=%(refname)%00%(upstream:short)%00%(objectname)%00%(upstream:track)%00%(upstream:remotename)%00%(upstream:remoteref) refs/heads/main refs/remotes/main [18ms]
2025-11-04 14:21:00.719 [info] > git status -z -uall [59ms]
2025-11-04 14:21:00.737 [info] > git for-each-ref --sort -committerdate --format %(refname)%00%(objectname)%00%(*objectname) [24ms]
2025-11-04 14:34:18.857 [info] > git config --get commit.template [33ms]
2025-11-04 14:34:18.929 [info] > git for-each-ref --format=%(refname)%00%(upstream:short)%00%(objectname)%00%(upstream:track)%00%(upstream:remotename)%00%(upstream:remoteref) refs/heads/main refs/remotes/main [24ms]
2025-11-04 14:34:19.270 [info] > git status -z -uall [193ms]
2025-11-04 14:34:19.270 [info] > git check-ignore -v -z --stdin [53ms]
2025-11-04 14:34:19.273 [info] > git for-each-ref --sort -committerdate --format %(refname)%00%(objectname)%00%(*objectname) [127ms]
2025-11-04 14:35:58.996 [info] > git for-each-ref --format=%(refname)%00%(upstream:short)%00%(objectname)%00%(upstream:track)%00%(upstream:remotename)%00%(upstream:remoteref) refs/heads/main refs/remotes/main [107ms]
2025-11-04 14:35:58.996 [info] > git config --get commit.template [227ms]
2025-11-04 14:35:59.570 [info] > git status -z -uall [405ms]
2025-11-04 14:35:59.570 [info] > git for-each-ref --sort -committerdate --format %(refname)%00%(objectname)%00%(*objectname) [79ms]
2025-11-04 14:36:02.734 [info] > git show --textconv :error_handling.sh [88ms]
2025-11-04 14:36:02.741 [info] > git ls-files --stage -- error_handling.sh [12ms]
2025-11-04 14:36:02.859 [info] > git cat-file -s 827cb8a176bbca43f2dd27352c30cc338c035eb4 [81ms]
2025-11-04 14:36:03.311 [info] > git blame --root --incremental 17d8383e8856403f4f8af6efc5e0d7d34666d721 -- error_handling.sh [71ms]
2025-11-04 14:36:45.482 [info] > git config --get commit.template [92ms]
2025-11-04 14:36:45.502 [info] > git for-each-ref --format=%(refname)%00%(upstream:short)%00%(objectname)%00%(upstream:track)%00%(upstream:remotename)%00%(upstream:remoteref) refs/heads/main refs/remotes/main [58ms]
2025-11-04 14:36:45.762 [info] > git status -z -uall [100ms]
2025-11-04 14:36:45.796 [info] > git for-each-ref --sort -committerdate --format %(refname)%00%(objectname)%00%(*objectname) [46ms]
2025-11-04 14:36:46.126 [info] > git config --get commit.template [80ms]
2025-11-04 14:36:46.283 [info] > git for-each-ref --format=%(refname)%00%(upstream:short)%00%(objectname)%00%(upstream:track)%00%(upstream:remotename)%00%(upstream:remoteref) refs/heads/main refs/remotes/main [93ms]
2025-11-04 14:36:46.309 [info] > git ls-files --stage -- error_handling.sh [60ms]
2025-11-04 14:36:46.579 [info] > git status -z -uall [158ms]
2025-11-04 14:36:46.582 [info] > git cat-file -s 827cb8a176bbca43f2dd27352c30cc338c035eb4 [232ms]
2025-11-04 14:36:46.599 [info] > git for-each-ref --sort -committerdate --format %(refname)%00%(objectname)%00%(*objectname) [27ms]
2025-11-04 14:36:46.684 [info] > git show --textconv :error_handling.sh [25ms]
2025-11-04 14:49:11.710 [info] > git config --get commit.template [89ms]
2025-11-04 14:49:11.792 [info] > git for-each-ref --format=%(refname)%00%(upstream:short)%00%(objectname)%00%(upstream:track)%00%(upstream:remotename)%00%(upstream:remoteref) refs/heads/main refs/remotes/main [110ms]
2025-11-04 14:49:11.954 [info] > git status -z -uall [62ms]
2025-11-04 14:49:11.980 [info] > git for-each-ref --sort -committerdate --format %(refname)%00%(objectname)%00%(*objectname) [29ms]
2025-11-04 14:49:12.221 [info] > git blame --root --incremental 8847fd07829f3fc22679583b3c74f93ac891180d -- error_handling.sh [148ms]
2025-11-04 14:49:12.239 [info] > git merge-base refs/heads/main refs/remotes/origin/main [76ms]
2025-11-04 14:49:12.304 [info] > git diff --name-status -z --diff-filter=ADMR 17d8383e8856403f4f8af6efc5e0d7d34666d721...refs/remotes/origin/main [32ms]
2025-11-04 14:52:11.625 [info] > git config --get commit.template [56ms]
2025-11-04 14:52:11.646 [info] > git for-each-ref --format=%(refname)%00%(upstream:short)%00%(objectname)%00%(upstream:track)%00%(upstream:remotename)%00%(upstream:remoteref) refs/heads/main refs/remotes/main [23ms]
2025-11-04 14:52:11.840 [info] > git status -z -uall [140ms]
2025-11-04 14:52:11.926 [info] > git for-each-ref --sort -committerdate --format %(refname)%00%(objectname)%00%(*objectname) [117ms]
2025-11-04 14:54:43.484 [info] > git config --get commit.template [41ms]
2025-11-04 14:54:43.497 [info] > git for-each-ref --format=%(refname)%00%(upstream:short)%00%(objectname)%00%(upstream:track)%00%(upstream:remotename)%00%(upstream:remoteref) refs/heads/main refs/remotes/main [17ms]
2025-11-04 14:54:43.640 [info] > git status -z -uall [69ms]
2025-11-04 14:54:43.648 [info] > git for-each-ref --sort -committerdate --format %(refname)%00%(objectname)%00%(*objectname) [18ms]
2025-11-04 14:58:13.631 [info] > git show --textconv :.github/workflows/codeql.yml [134ms]
2025-11-04 14:58:13.644 [info] > git ls-files --stage -- .github/workflows/codeql.yml [18ms]
2025-11-04 14:58:13.737 [info] > git cat-file -s 341a2c9eac687fda24db3e33f1be01ba029d2ea5 [24ms]
2025-11-04 14:58:33.261 [info] > git config --get commit.template [50ms]
2025-11-04 14:58:33.282 [info] > git for-each-ref --format=%(refname)%00%(upstream:short)%00%(objectname)%00%(upstream:track)%00%(upstream:remotename)%00%(upstream:remoteref) refs/heads/main refs/remotes/main [26ms]
2025-11-04 14:58:33.559 [info] > git status -z -uall [118ms]
2025-11-04 14:58:33.595 [info] > git for-each-ref --sort -committerdate --format %(refname)%00%(objectname)%00%(*objectname) [48ms]
2025-11-04 14:58:35.199 [info] > git show --textconv :error_handling.sh [26ms]
2025-11-04 14:58:35.199 [info] > git ls-files --stage -- error_handling.sh [2ms]
2025-11-04 14:58:35.274 [info] > git cat-file -s 827cb8a176bbca43f2dd27352c30cc338c035eb4 [52ms]
2025-11-04 14:58:38.715 [info] > git show --textconv :.github/workflows/codeql.yml [109ms]
2025-11-04 14:58:38.715 [info] > git ls-files --stage -- .github/workflows/codeql.yml [54ms]
2025-11-04 14:58:38.838 [info] > git cat-file -s 341a2c9eac687fda24db3e33f1be01ba029d2ea5 [76ms]
2025-11-04 14:58:38.856 [info] > git config --get commit.template [30ms]
2025-11-04 14:58:38.906 [info] > git for-each-ref --format=%(refname)%00%(upstream:short)%00%(objectname)%00%(upstream:track)%00%(upstream:remotename)%00%(upstream:remoteref) refs/heads/main refs/remotes/main [19ms]
2025-11-04 14:58:38.991 [info] > git status -z -uall [47ms]
2025-11-04 14:58:38.999 [info] > git for-each-ref --sort -committerdate --format %(refname)%00%(objectname)%00%(*objectname) [12ms]
2025-11-04 14:59:02.053 [info] > git config --get commit.template [46ms]
2025-11-04 14:59:02.122 [info] > git ls-files --stage -- .github/workflows/codeql.yml [31ms]
2025-11-04 14:59:02.149 [info] > git for-each-ref --format=%(refname)%00%(upstream:short)%00%(objectname)%00%(upstream:track)%00%(upstream:remotename)%00%(upstream:remoteref) refs/heads/main refs/remotes/main [30ms]
2025-11-04 14:59:02.208 [info] > git status -z -uall [29ms]
2025-11-04 14:59:02.209 [info] > git cat-file -s 341a2c9eac687fda24db3e33f1be01ba029d2ea5 [62ms]
2025-11-04 14:59:02.224 [info] > git for-each-ref --sort -committerdate --format %(refname)%00%(objectname)%00%(*objectname) [17ms]
2025-11-04 14:59:02.400 [info] > git show --textconv :.github/workflows/codeql.yml [79ms]
2025-11-04 15:00:01.342 [info] > git config --get commit.template [96ms]
2025-11-04 15:00:01.398 [info] > git for-each-ref --format=%(refname)%00%(upstream:short)%00%(objectname)%00%(upstream:track)%00%(upstream:remotename)%00%(upstream:remoteref) refs/heads/main refs/remotes/main [58ms]
2025-11-04 15:00:01.630 [info] > git status -z -uall [88ms]
2025-11-04 15:00:01.657 [info] > git for-each-ref --sort -committerdate --format %(refname)%00%(objectname)%00%(*objectname) [30ms]
2025-11-04 15:02:06.131 [info] > git config --get commit.template [37ms]
2025-11-04 15:02:06.178 [info] > git for-each-ref --format=%(refname)%00%(upstream:short)%00%(objectname)%00%(upstream:track)%00%(upstream:remotename)%00%(upstream:remoteref) refs/heads/main refs/remotes/main [52ms]
2025-11-04 15:02:06.466 [info] > git status -z -uall [101ms]
2025-11-04 15:02:06.474 [info] > git for-each-ref --sort -committerdate --format %(refname)%00%(objectname)%00%(*objectname) [18ms]
2025-11-04 15:02:48.092 [info] > git config --get commit.template [80ms]
2025-11-04 15:02:48.215 [info] > git for-each-ref --format=%(refname)%00%(upstream:short)%00%(objectname)%00%(upstream:track)%00%(upstream:remotename)%00%(upstream:remoteref) refs/heads/main refs/remotes/main [125ms]
2025-11-04 15:02:48.302 [info] > git status -z -uall [49ms]
2025-11-04 15:02:48.304 [info] > git ls-files --stage -- .github/workflows/codeql.yml [91ms]
2025-11-04 15:02:48.345 [info] > git for-each-ref --sort -committerdate --format %(refname)%00%(objectname)%00%(*objectname) [53ms]
2025-11-04 15:02:48.404 [info] > git cat-file -s 341a2c9eac687fda24db3e33f1be01ba029d2ea5 [74ms]
2025-11-04 15:02:48.494 [info] > git show --textconv :.github/workflows/codeql.yml [11ms]
2025-11-04 15:03:16.649 [info] > git config --get commit.template [84ms]
2025-11-04 15:03:16.711 [info] > git for-each-ref --format=%(refname)%00%(upstream:short)%00%(objectname)%00%(upstream:track)%00%(upstream:remotename)%00%(upstream:remoteref) refs/heads/main refs/remotes/main [66ms]
2025-11-04 15:03:16.852 [info] > git status -z -uall [72ms]
2025-11-04 15:03:16.872 [info] > git for-each-ref --sort -committerdate --format %(refname)%00%(objectname)%00%(*objectname) [41ms]
2025-11-04 15:03:27.897 [info] > git config --get commit.template [42ms]
2025-11-04 15:03:27.905 [info] > git for-each-ref --format=%(refname)%00%(upstream:short)%00%(objectname)%00%(upstream:track)%00%(upstream:remotename)%00%(upstream:remoteref) refs/heads/main refs/remotes/main [13ms]
2025-11-04 15:03:28.099 [info] > git status -z -uall [127ms]
2025-11-04 15:03:28.099 [info] > git for-each-ref --sort -committerdate --format %(refname)%00%(objectname)%00%(*objectname) [66ms]
2025-11-04 15:03:28.607 [info] > git config --get commit.template [66ms]
2025-11-04 15:03:28.617 [info] > git for-each-ref --format=%(refname)%00%(upstream:short)%00%(objectname)%00%(upstream:track)%00%(upstream:remotename)%00%(upstream:remoteref) refs/heads/main refs/remotes/main [18ms]
2025-11-04 15:03:28.810 [info] > git status -z -uall [37ms]
2025-11-04 15:03:28.812 [info] > git ls-files --stage -- .github/workflows/codeql.yml [120ms]
2025-11-04 15:03:28.901 [info] > git for-each-ref --sort -committerdate --format %(refname)%00%(objectname)%00%(*objectname) [94ms]
2025-11-04 15:03:28.931 [info] > git cat-file -s 341a2c9eac687fda24db3e33f1be01ba029d2ea5 [37ms]
2025-11-04 15:03:29.034 [info] > git show --textconv :.github/workflows/codeql.yml [16ms]
2025-11-04 15:04:49.909 [info] > git config --get commit.template [98ms]
2025-11-04 15:04:50.024 [info] > git for-each-ref --format=%(refname)%00%(upstream:short)%00%(objectname)%00%(upstream:track)%00%(upstream:remotename)%00%(upstream:remoteref) refs/heads/main refs/remotes/main [164ms]
2025-11-04 15:04:50.189 [info] > git status -z -uall [41ms]
2025-11-04 15:04:50.203 [info] > git for-each-ref --sort -committerdate --format %(refname)%00%(objectname)%00%(*objectname) [31ms]
2025-11-04 15:04:50.227 [info] > git merge-base refs/heads/main refs/remotes/origin/main [6ms]
2025-11-04 15:04:50.259 [info] > git diff --name-status -z --diff-filter=ADMR 17d8383e8856403f4f8af6efc5e0d7d34666d721...refs/remotes/origin/main [9ms]
2025-11-04 15:04:50.672 [info] > git config --get commit.template [82ms]
2025-11-04 15:04:50.697 [info] > git for-each-ref --format=%(refname)%00%(upstream:short)%00%(objectname)%00%(upstream:track)%00%(upstream:remotename)%00%(upstream:remoteref) refs/heads/main refs/remotes/main [38ms]
2025-11-04 15:04:50.872 [info] > git status -z -uall [152ms]
2025-11-04 15:04:50.872 [info] > git for-each-ref --sort -committerdate --format %(refname)%00%(objectname)%00%(*objectname) [84ms]
2025-11-04 15:04:50.893 [info] > git ls-files --stage -- .github/workflows/codeql.yml [25ms]
2025-11-04 15:04:50.983 [info] > git cat-file -s 341a2c9eac687fda24db3e33f1be01ba029d2ea5 [33ms]
2025-11-04 15:04:51.153 [info] > git show --textconv :.github/workflows/codeql.yml [19ms]
2025-11-04 15:05:14.703 [info] > git config --get commit.template [59ms]
2025-11-04 15:05:14.719 [info] > git for-each-ref --format=%(refname)%00%(upstream:short)%00%(objectname)%00%(upstream:track)%00%(upstream:remotename)%00%(upstream:remoteref) refs/heads/main refs/remotes/main [24ms]
2025-11-04 15:05:14.823 [info] > git status -z -uall [51ms]
2025-11-04 15:05:14.837 [info] > git for-each-ref --sort -committerdate --format %(refname)%00%(objectname)%00%(*objectname) [16ms]
2025-11-04 15:05:15.019 [info] > git merge-base refs/heads/main refs/remotes/origin/main [29ms]
2025-11-04 15:05:15.224 [info] > git diff --name-status -z --diff-filter=ADMR 2dda5d797d259f493dff13e2942506b3ae1a2102...refs/remotes/origin/main [25ms]
2025-11-04 15:05:15.629 [info] > git for-each-ref --format=%(refname)%00%(upstream:short)%00%(objectname)%00%(upstream:track)%00%(upstream:remotename)%00%(upstream:remoteref) refs/heads/main refs/remotes/main [26ms]
2025-11-04 15:05:15.630 [info] > git config --get commit.template [145ms]
2025-11-04 15:05:15.825 [info] > git status -z -uall [68ms]
2025-11-04 15:05:15.827 [info] > git ls-files --stage -- .github/workflows/codeql.yml [126ms]
2025-11-04 15:05:15.851 [info] > git for-each-ref --sort -committerdate --format %(refname)%00%(objectname)%00%(*objectname) [30ms]
2025-11-04 15:05:15.876 [info] > git cat-file -s 341a2c9eac687fda24db3e33f1be01ba029d2ea5 [28ms]
2025-11-04 15:05:15.939 [info] > git show --textconv :.github/workflows/codeql.yml [11ms]
2025-11-04 15:08:06.976 [info] > git config --get commit.template [35ms]
2025-11-04 15:08:06.988 [info] > git for-each-ref --format=%(refname)%00%(upstream:short)%00%(objectname)%00%(upstream:track)%00%(upstream:remotename)%00%(upstream:remoteref) refs/heads/main refs/remotes/main [15ms]
2025-11-04 15:08:07.083 [info] > git status -z -uall [57ms]
2025-11-04 15:08:07.083 [info] > git for-each-ref --sort -committerdate --format %(refname)%00%(objectname)%00%(*objectname) [27ms]
2025-11-04 15:08:07.299 [info] > git check-ignore -v -z --stdin [138ms]
2025-11-04 15:08:12.336 [info] > git config --get commit.template [12ms]
2025-11-04 15:08:12.587 [info] > git for-each-ref --format=%(refname)%00%(upstream:short)%00%(objectname)%00%(upstream:track)%00%(upstream:remotename)%00%(upstream:remoteref) refs/heads/main refs/remotes/main [102ms]
2025-11-04 15:08:12.746 [info] > git status -z -uall [79ms]
2025-11-04 15:08:12.755 [info] > git for-each-ref --sort -committerdate --format %(refname)%00%(objectname)%00%(*objectname) [19ms]
2025-11-04 15:12:39.201 [info] > git blame --root --incremental 2dda5d797d259f493dff13e2942506b3ae1a2102 -- .github/workflows/codeql.yml [40ms]
2025-11-04 15:14:32.093 [info] > git config --get commit.template [12ms]
2025-11-04 15:14:32.157 [info] > git for-each-ref --format=%(refname)%00%(upstream:short)%00%(objectname)%00%(upstream:track)%00%(upstream:remotename)%00%(upstream:remoteref) refs/heads/main refs/remotes/main [14ms]
2025-11-04 15:14:32.264 [info] > git status -z -uall [63ms]
2025-11-04 15:14:32.273 [info] > git for-each-ref --sort -committerdate --format %(refname)%00%(objectname)%00%(*objectname) [13ms]
2025-11-04 15:17:28.060 [info] > git config --get commit.template [70ms]
2025-11-04 15:17:28.109 [info] > git for-each-ref --format=%(refname)%00%(upstream:short)%00%(objectname)%00%(upstream:track)%00%(upstream:remotename)%00%(upstream:remoteref) refs/heads/main refs/remotes/main [64ms]
2025-11-04 15:17:28.372 [info] > git status -z -uall [159ms]
2025-11-04 15:17:28.415 [info] > git for-each-ref --sort -committerdate --format %(refname)%00%(objectname)%00%(*objectname) [47ms]
2025-11-04 15:17:28.431 [info] > git ls-files --stage -- .github/workflows/codeql.yml [20ms]
2025-11-04 15:17:28.611 [info] > git cat-file -s 341a2c9eac687fda24db3e33f1be01ba029d2ea5 [12ms]
2025-11-04 15:17:28.742 [info] > git show --textconv :.github/workflows/codeql.yml [23ms]
2025-11-04 15:17:50.908 [info] > git config --get commit.template [69ms]
2025-11-04 15:17:51.050 [info] > git for-each-ref --format=%(refname)%00%(upstream:short)%00%(objectname)%00%(upstream:track)%00%(upstream:remotename)%00%(upstream:remoteref) refs/heads/main refs/remotes/main [62ms]
2025-11-04 15:17:51.464 [info] > git status -z -uall [130ms]
2025-11-04 15:17:51.473 [info] > git for-each-ref --sort -committerdate --format %(refname)%00%(objectname)%00%(*objectname) [53ms]
2025-11-04 15:19:53.811 [info] > git config --get commit.template [108ms]
2025-11-04 15:19:53.821 [info] > git for-each-ref --format=%(refname)%00%(upstream:short)%00%(objectname)%00%(upstream:track)%00%(upstream:remotename)%00%(upstream:remoteref) refs/heads/main refs/remotes/main [13ms]
2025-11-04 15:19:53.880 [info] > git status -z -uall [29ms]
2025-11-04 15:19:53.891 [info] > git for-each-ref --sort -committerdate --format %(refname)%00%(objectname)%00%(*objectname) [13ms]
2025-11-04 15:21:48.509 [info] > git config --get commit.template [44ms]
2025-11-04 15:21:48.598 [info] > git for-each-ref --format=%(refname)%00%(upstream:short)%00%(objectname)%00%(upstream:track)%00%(upstream:remotename)%00%(upstream:remoteref) refs/heads/main refs/remotes/main [42ms]
2025-11-04 15:21:48.819 [info] > git status -z -uall [122ms]
2025-11-04 15:21:48.835 [info] > git for-each-ref --sort -committerdate --format %(refname)%00%(objectname)%00%(*objectname) [37ms]
2025-11-04 15:21:49.302 [info] > git config --get commit.template [163ms]
2025-11-04 15:21:49.386 [info] > git ls-files --stage -- .github/workflows/codeql.yml [92ms]
2025-11-04 15:21:49.433 [info] > git cat-file -s ad69509273255c507550f1c95a35ca313e9552ab [10ms]
2025-11-04 15:21:49.436 [info] > git for-each-ref --format=%(refname)%00%(upstream:short)%00%(objectname)%00%(upstream:track)%00%(upstream:remotename)%00%(upstream:remoteref) refs/heads/main refs/remotes/main [58ms]
2025-11-04 15:21:49.618 [info] > git status -z -uall [122ms]
2025-11-04 15:21:49.618 [info] > git for-each-ref --sort -committerdate --format %(refname)%00%(objectname)%00%(*objectname) [74ms]
2025-11-04 15:21:49.654 [info] > git show --textconv :.github/workflows/codeql.yml [43ms]
2025-11-04 15:21:49.736 [info] > git show --textconv HEAD:.github/workflows/codeql.yml [31ms]
2025-11-04 15:21:49.747 [info] > git ls-tree -l HEAD -- .github/workflows/codeql.yml [11ms]
2025-11-04 15:22:48.784 [info] > git config --get commit.template [43ms]
2025-11-04 15:22:48.796 [info] > git for-each-ref --format=%(refname)%00%(upstream:short)%00%(objectname)%00%(upstream:track)%00%(upstream:remotename)%00%(upstream:remoteref) refs/heads/main refs/remotes/main [15ms]
2025-11-04 15:22:48.868 [info] > git status -z -uall [28ms]
2025-11-04 15:22:48.885 [info] > git for-each-ref --sort -committerdate --format %(refname)%00%(objectname)%00%(*objectname) [20ms]
2025-11-04 15:23:00.344 [info] > git config --get commit.template [42ms]
2025-11-04 15:23:00.354 [info] > git for-each-ref --format=%(refname)%00%(upstream:short)%00%(objectname)%00%(upstream:track)%00%(upstream:remotename)%00%(upstream:remoteref) refs/heads/main refs/remotes/main [17ms]
2025-11-04 15:23:00.438 [info] > git status -z -uall [36ms]
2025-11-04 15:23:00.454 [info] > git for-each-ref --sort -committerdate --format %(refname)%00%(objectname)%00%(*objectname) [21ms]
2025-11-04 15:23:17.458 [info] > git config --get commit.template [57ms]
2025-11-04 15:23:17.473 [info] > git for-each-ref --format=%(refname)%00%(upstream:short)%00%(objectname)%00%(upstream:track)%00%(upstream:remotename)%00%(upstream:remoteref) refs/heads/main refs/remotes/main [17ms]
2025-11-04 15:23:17.603 [info] > git status -z -uall [59ms]
2025-11-04 15:23:17.615 [info] > git for-each-ref --sort -committerdate --format %(refname)%00%(objectname)%00%(*objectname) [16ms]
2025-11-04 15:23:17.752 [info] > git merge-base refs/heads/main refs/remotes/origin/main [23ms]
2025-11-04 15:23:17.820 [info] > git blame --root --incremental 867c95dbae685c426b6be85ace309846240d02c9 -- .github/workflows/codeql.yml [154ms]
2025-11-04 15:23:17.829 [info] > git diff --name-status -z --diff-filter=ADMR 2dda5d797d259f493dff13e2942506b3ae1a2102...refs/remotes/origin/main [9ms]
2025-11-04 15:23:18.248 [info] > git config --get commit.template [18ms]
2025-11-04 15:23:18.371 [info] > git for-each-ref --format=%(refname)%00%(upstream:short)%00%(objectname)%00%(upstream:track)%00%(upstream:remotename)%00%(upstream:remoteref) refs/heads/main refs/remotes/main [44ms]
2025-11-04 15:23:18.465 [info] > git ls-files --stage -- .github/workflows/codeql.yml [56ms]
2025-11-04 15:23:18.517 [info] > git ls-tree -l HEAD -- .github/workflows/codeql.yml [55ms]
2025-11-04 15:23:18.521 [info] > git cat-file -s ad69509273255c507550f1c95a35ca313e9552ab [11ms]
2025-11-04 15:23:18.633 [info] > git status -z -uall [87ms]
2025-11-04 15:23:18.633 [info] > git show --textconv HEAD:.github/workflows/codeql.yml [35ms]
2025-11-04 15:23:18.635 [info] > git for-each-ref --sort -committerdate --format %(refname)%00%(objectname)%00%(*objectname) [65ms]
2025-11-04 15:23:18.670 [info] > git show --textconv :.github/workflows/codeql.yml [37ms]
2025-11-04 15:23:44.752 [info] > git config --get commit.template [51ms]
2025-11-04 15:23:44.757 [info] > git for-each-ref --format=%(refname)%00%(upstream:short)%00%(objectname)%00%(upstream:track)%00%(upstream:remotename)%00%(upstream:remoteref) refs/heads/main refs/remotes/main [12ms]
2025-11-04 15:23:44.890 [info] > git status -z -uall [81ms]
2025-11-04 15:23:44.970 [info] > git for-each-ref --sort -committerdate --format %(refname)%00%(objectname)%00%(*objectname) [85ms]
2025-11-04 15:23:45.044 [info] > git merge-base refs/heads/main refs/remotes/origin/main [31ms]
2025-11-04 15:23:45.133 [info] > git diff --name-status -z --diff-filter=ADMR 867c95dbae685c426b6be85ace309846240d02c9...refs/remotes/origin/main [32ms]
2025-11-04 15:23:45.719 [info] > git config --get commit.template [86ms]
2025-11-04 15:23:45.769 [info] > git for-each-ref --format=%(refname)%00%(upstream:short)%00%(objectname)%00%(upstream:track)%00%(upstream:remotename)%00%(upstream:remoteref) refs/heads/main refs/remotes/main [56ms]
2025-11-04 15:23:45.801 [info] > git ls-files --stage -- .github/workflows/codeql.yml [34ms]
2025-11-04 15:23:45.889 [info] > git status -z -uall [32ms]
2025-11-04 15:23:45.890 [info] > git cat-file -s ad69509273255c507550f1c95a35ca313e9552ab [69ms]
2025-11-04 15:23:45.901 [info] > git for-each-ref --sort -committerdate --format %(refname)%00%(objectname)%00%(*objectname) [13ms]
2025-11-04 15:23:45.977 [info] > git show --textconv :.github/workflows/codeql.yml [17ms]
2025-11-04 16:33:35.200 [info] > git config --get commit.template [41ms]
2025-11-04 16:33:35.246 [info] > git for-each-ref --format=%(refname)%00%(upstream:short)%00%(objectname)%00%(upstream:track)%00%(upstream:remotename)%00%(upstream:remoteref) refs/heads/main refs/remotes/main [52ms]
2025-11-04 16:33:35.514 [info] > git status -z -uall [168ms]
2025-11-04 16:33:35.578 [info] > git for-each-ref --sort -committerdate --format %(refname)%00%(objectname)%00%(*objectname) [108ms]
2025-11-04 16:38:35.060 [info] > git config --get commit.template [51ms]
2025-11-04 16:38:35.069 [info] > git for-each-ref --format=%(refname)%00%(upstream:short)%00%(objectname)%00%(upstream:track)%00%(upstream:remotename)%00%(upstream:remoteref) refs/heads/main refs/remotes/main [18ms]
2025-11-04 16:38:35.249 [info] > git status -z -uall [71ms]
2025-11-04 16:38:35.264 [info] > git for-each-ref --sort -committerdate --format %(refname)%00%(objectname)%00%(*objectname) [18ms]
2025-11-04 16:38:35.471 [info] > git config --get commit.template [117ms]
2025-11-04 16:38:35.476 [info] > git for-each-ref --format=%(refname)%00%(upstream:short)%00%(objectname)%00%(upstream:track)%00%(upstream:remotename)%00%(upstream:remoteref) refs/heads/main refs/remotes/main [31ms]
2025-11-04 16:38:35.779 [info] > git status -z -uall [183ms]
2025-11-04 16:38:35.779 [info] > git for-each-ref --sort -committerdate --format %(refname)%00%(objectname)%00%(*objectname) [86ms]
2025-11-04 16:38:35.979 [info] > git ls-files --stage -- .github/workflows/codeql.yml [48ms]
2025-11-04 16:38:36.062 [info] > git cat-file -s 6d323a14fdd2b9d971c6a2cbf6ffc8022a90644b [13ms]
2025-11-04 16:38:36.132 [info] > git show --textconv :.github/workflows/codeql.yml [29ms]
2025-11-04 16:38:36.585 [info] > git show --textconv HEAD:.github/workflows/codeql.yml [94ms]
2025-11-04 16:38:36.596 [info] > git ls-tree -l HEAD -- .github/workflows/codeql.yml [12ms]
2025-11-04 16:39:44.988 [info] > git config --get commit.template [62ms]
2025-11-04 16:39:44.999 [info] > git for-each-ref --format=%(refname)%00%(upstream:short)%00%(objectname)%00%(upstream:track)%00%(upstream:remotename)%00%(upstream:remoteref) refs/heads/main refs/remotes/main [14ms]
2025-11-04 16:39:45.091 [info] > git status -z -uall [49ms]
2025-11-04 16:39:45.114 [info] > git for-each-ref --sort -committerdate --format %(refname)%00%(objectname)%00%(*objectname) [32ms]
2025-11-04 16:39:45.430 [info] > git merge-base refs/heads/main refs/remotes/origin/main [166ms]
2025-11-04 16:39:45.654 [info] > git blame --root --incremental 59abd7ed1de71829b435d90308ddcf8128929ec1 -- .github/workflows/codeql.yml [454ms]
2025-11-04 16:39:45.735 [info] > git diff --name-status -z --diff-filter=ADMR 867c95dbae685c426b6be85ace309846240d02c9...refs/remotes/origin/main [84ms]
2025-11-04 16:39:45.753 [info] > git config --get commit.template [38ms]
2025-11-04 16:39:45.972 [info] > git ls-files --stage -- .github/workflows/codeql.yml [120ms]
2025-11-04 16:39:46.052 [info] > git for-each-ref --format=%(refname)%00%(upstream:short)%00%(objectname)%00%(upstream:track)%00%(upstream:remotename)%00%(upstream:remoteref) refs/heads/main refs/remotes/main [271ms]
2025-11-04 16:39:46.227 [info] > git cat-file -s 6d323a14fdd2b9d971c6a2cbf6ffc8022a90644b [176ms]
2025-11-04 16:39:46.229 [info] > git ls-tree -l HEAD -- .github/workflows/codeql.yml [276ms]
2025-11-04 16:39:46.507 [info] > git show --textconv :.github/workflows/codeql.yml [151ms]
2025-11-04 16:39:46.507 [info] > git status -z -uall [71ms]
2025-11-04 16:39:46.507 [info] > git for-each-ref --sort -committerdate --format %(refname)%00%(objectname)%00%(*objectname) [36ms]
2025-11-04 16:39:46.539 [info] > git show --textconv HEAD:.github/workflows/codeql.yml [35ms]
2025-11-04 16:42:30.400 [info] > git config --get commit.template [21ms]
2025-11-04 16:42:30.405 [info] > git for-each-ref --format=%(refname)%00%(upstream:short)%00%(objectname)%00%(upstream:track)%00%(upstream:remotename)%00%(upstream:remoteref) refs/heads/main refs/remotes/main [9ms]
2025-11-04 16:42:30.466 [info] > git status -z -uall [36ms]
2025-11-04 16:42:30.467 [info] > git for-each-ref --sort -committerdate --format %(refname)%00%(objectname)%00%(*objectname) [11ms]
2025-11-04 16:42:30.513 [info] > git merge-base refs/heads/main refs/remotes/origin/main [6ms]
2025-11-04 16:42:30.554 [info] > git diff --name-status -z --diff-filter=ADMR 59abd7ed1de71829b435d90308ddcf8128929ec1...refs/remotes/origin/main [20ms]
2025-11-04 16:42:31.604 [info] > git ls-files --stage -- .github/workflows/codeql.yml [19ms]
2025-11-04 16:42:31.630 [info] > git cat-file -s 6d323a14fdd2b9d971c6a2cbf6ffc8022a90644b [8ms]
2025-11-04 16:42:31.678 [info] > git show --textconv :.github/workflows/codeql.yml [9ms]
2025-11-04 20:02:03.635 [info] > git show --textconv :.github/workflows/codeql.yml [18ms]
2025-11-04 20:02:03.637 [info] > git ls-files --stage -- .github/workflows/codeql.yml [8ms]
2025-11-04 20:02:03.660 [info] > git cat-file -s 6d323a14fdd2b9d971c6a2cbf6ffc8022a90644b [5ms]
2025-11-04 20:02:23.406 [info] > git show --textconv :.github/workflows/docs [24ms]
2025-11-04 20:02:23.427 [info] > git ls-files --stage -- .github/workflows/docs [23ms]
2025-11-04 20:02:23.446 [info] > git hash-object -t tree /dev/null [20ms]
2025-11-04 20:02:23.449 [warning] [GitFileSystemProvider][readFile] File not found - git:/home/modee/devsecops-capstone/.github/workflows/docs.git?%7B%22path%22%3A%22%2Fhome%2Fmodee%2Fdevsecops-capstone%2F.github%2Fworkflows%2Fdocs%22%2C%22ref%22%3A%22%22%7D
2025-11-04 20:02:23.454 [info] > git hash-object -t tree /dev/null [10ms]
2025-11-04 20:02:23.455 [warning] [GitFileSystemProvider][stat] File not found - git:/home/modee/devsecops-capstone/.github/workflows/docs.git?%7B%22path%22%3A%22%2Fhome%2Fmodee%2Fdevsecops-capstone%2F.github%2Fworkflows%2Fdocs%22%2C%22ref%22%3A%22%22%7D
2025-11-04 20:02:23.620 [info] > git check-ignore -v -z --stdin [3ms]
2025-11-04 20:02:24.144 [info] > git config --get commit.template [16ms]
2025-11-04 20:02:24.145 [info] > git for-each-ref --format=%(refname)%00%(upstream:short)%00%(objectname)%00%(upstream:track)%00%(upstream:remotename)%00%(upstream:remoteref) refs/heads/main refs/remotes/main [4ms]
2025-11-04 20:02:24.180 [info] > git status -z -uall [21ms]
2025-11-04 20:02:24.196 [info] > git for-each-ref --sort -committerdate --format %(refname)%00%(objectname)%00%(*objectname) [20ms]
2025-11-04 20:02:43.660 [info] > git show --textconv :.github/workflows/codeql.yml [14ms]
2025-11-04 20:02:43.661 [info] > git ls-files --stage -- .github/workflows/codeql.yml [4ms]
2025-11-04 20:02:43.689 [info] > git cat-file -s 6d323a14fdd2b9d971c6a2cbf6ffc8022a90644b [4ms]
2025-11-04 20:02:44.391 [info] > git config --get commit.template [16ms]
2025-11-04 20:02:44.395 [info] > git for-each-ref --format=%(refname)%00%(upstream:short)%00%(objectname)%00%(upstream:track)%00%(upstream:remotename)%00%(upstream:remoteref) refs/heads/main refs/remotes/main [4ms]
2025-11-04 20:02:44.428 [info] > git status -z -uall [15ms]
2025-11-04 20:02:44.433 [info] > git for-each-ref --sort -committerdate --format %(refname)%00%(objectname)%00%(*objectname) [6ms]
2025-11-04 20:03:29.999 [info] > git config --get commit.template [3ms]
2025-11-04 20:03:30.023 [info] > git for-each-ref --format=%(refname)%00%(upstream:short)%00%(objectname)%00%(upstream:track)%00%(upstream:remotename)%00%(upstream:remoteref) refs/heads/main refs/remotes/main [13ms]
2025-11-04 20:03:30.025 [info] > git check-ignore -v -z --stdin [4ms]
2025-11-04 20:03:30.062 [info] > git status -z -uall [18ms]
2025-11-04 20:03:30.065 [info] > git for-each-ref --sort -committerdate --format %(refname)%00%(objectname)%00%(*objectname) [4ms]
2025-11-04 20:04:33.134 [info] > git config --get commit.template [12ms]
2025-11-04 20:04:33.140 [info] > git for-each-ref --format=%(refname)%00%(upstream:short)%00%(objectname)%00%(upstream:track)%00%(upstream:remotename)%00%(upstream:remoteref) refs/heads/main refs/remotes/main [6ms]
2025-11-04 20:04:33.176 [info] > git status -z -uall [16ms]
2025-11-04 20:04:33.179 [info] > git for-each-ref --sort -committerdate --format %(refname)%00%(objectname)%00%(*objectname) [4ms]
2025-11-04 20:04:56.176 [info] > git check-ignore -v -z --stdin [3ms]
2025-11-04 21:00:56.779 [info] > git config --get commit.template [173ms]
2025-11-04 21:00:56.784 [info] > git for-each-ref --format=%(refname)%00%(upstream:short)%00%(objectname)%00%(upstream:track)%00%(upstream:remotename)%00%(upstream:remoteref) refs/heads/main refs/remotes/main [12ms]
2025-11-04 21:00:56.964 [info] > git status -z -uall [72ms]
2025-11-04 21:00:56.971 [info] > git for-each-ref --sort -committerdate --format %(refname)%00%(objectname)%00%(*objectname) [54ms]
2025-11-04 21:00:57.182 [info] > git config --get commit.template [85ms]
2025-11-04 21:00:57.196 [info] > git for-each-ref --format=%(refname)%00%(upstream:short)%00%(objectname)%00%(upstream:track)%00%(upstream:remotename)%00%(upstream:remoteref) refs/heads/main refs/remotes/main [17ms]
2025-11-04 21:00:57.396 [info] > git status -z -uall [125ms]
2025-11-04 21:00:57.440 [info] > git for-each-ref --sort -committerdate --format %(refname)%00%(objectname)%00%(*objectname) [54ms]
2025-11-04 21:00:59.050 [info] > git show --textconv :docs/threat_model.md [335ms]
2025-11-04 21:00:59.050 [info] > git show --textconv HEAD:docs/threat_model.md [234ms]
2025-11-04 21:00:59.051 [info] > git ls-files --stage -- docs/threat_model.md [132ms]
2025-11-04 21:00:59.093 [warning] [GitFileSystemProvider][readFile] File not found - git:/home/modee/devsecops-capstone/docs/threat_model.md.git?%7B%22path%22%3A%22%2Fhome%2Fmodee%2Fdevsecops-capstone%2Fdocs%2Fthreat_model.md%22%2C%22ref%22%3A%22HEAD%22%7D
2025-11-04 21:00:59.141 [info] > git cat-file -s e69de29bb2d1d6434b8b29ae775ad8c2e48c5391 [51ms]
2025-11-04 21:00:59.143 [info] > git ls-tree -l HEAD -- docs/threat_model.md [190ms]
2025-11-04 21:00:59.146 [warning] [GitFileSystemProvider][stat] File not found - git:/home/modee/devsecops-capstone/docs/threat_model.md.git?%7B%22path%22%3A%22%2Fhome%2Fmodee%2Fdevsecops-capstone%2Fdocs%2Fthreat_model.md%22%2C%22ref%22%3A%22HEAD%22%7D
2025-11-04 21:00:59.448 [info] > git blame --root --incremental 59abd7ed1de71829b435d90308ddcf8128929ec1 -- docs/threat_model.md [42ms]
2025-11-04 21:00:59.448 [info] fatal: no such path docs/threat_model.md in 59abd7ed1de71829b435d90308ddcf8128929ec1
2025-11-04 21:01:39.499 [info] > git config --get commit.template [100ms]
2025-11-04 21:01:39.519 [info] > git for-each-ref --format=%(refname)%00%(upstream:short)%00%(objectname)%00%(upstream:track)%00%(upstream:remotename)%00%(upstream:remoteref) refs/heads/main refs/remotes/main [21ms]
2025-11-04 21:01:39.950 [info] > git status -z -uall [222ms]
2025-11-04 21:01:39.975 [info] > git for-each-ref --sort -committerdate --format %(refname)%00%(objectname)%00%(*objectname) [57ms]
2025-11-04 21:01:40.553 [info] > git merge-base refs/heads/main refs/remotes/origin/main [198ms]
2025-11-04 21:01:40.831 [info] > git blame --root --incremental e3b2323c6273b4c54cdee2582c18d74c2e58ec47 -- docs/threat_model.md [646ms]
2025-11-04 21:01:40.942 [info] > git diff --name-status -z --diff-filter=ADMR 59abd7ed1de71829b435d90308ddcf8128929ec1...refs/remotes/origin/main [111ms]
2025-11-04 21:01:40.950 [info] > git config --get commit.template [397ms]
2025-11-04 21:01:41.267 [info] > git for-each-ref --format=%(refname)%00%(upstream:short)%00%(objectname)%00%(upstream:track)%00%(upstream:remotename)%00%(upstream:remoteref) refs/heads/main refs/remotes/main [175ms]
2025-11-04 21:01:41.619 [info] > git status -z -uall [184ms]
2025-11-04 21:01:41.625 [info] > git ls-files --stage -- docs/threat_model.md [365ms]
2025-11-04 21:01:41.742 [info] > git for-each-ref --sort -committerdate --format %(refname)%00%(objectname)%00%(*objectname) [136ms]
2025-11-04 21:01:41.790 [info] > git cat-file -s e69de29bb2d1d6434b8b29ae775ad8c2e48c5391 [58ms]
2025-11-04 21:01:41.975 [info] > git show --textconv :docs/threat_model.md [15ms]
2025-11-04 21:02:04.366 [info] > git config --get commit.template [177ms]
2025-11-04 21:02:04.380 [info] > git for-each-ref --format=%(refname)%00%(upstream:short)%00%(objectname)%00%(upstream:track)%00%(upstream:remotename)%00%(upstream:remoteref) refs/heads/main refs/remotes/main [28ms]
2025-11-04 21:02:04.829 [info] > git status -z -uall [331ms]
2025-11-04 21:02:04.830 [info] > git for-each-ref --sort -committerdate --format %(refname)%00%(objectname)%00%(*objectname) [238ms]
2025-11-04 21:02:05.411 [info] > git merge-base refs/heads/main refs/remotes/origin/main [238ms]
2025-11-04 21:02:05.645 [info] > git config --get commit.template [337ms]
2025-11-04 21:02:05.715 [info] > git diff --name-status -z --diff-filter=ADMR e3b2323c6273b4c54cdee2582c18d74c2e58ec47...refs/remotes/origin/main [71ms]
2025-11-04 21:02:05.781 [info] > git for-each-ref --format=%(refname)%00%(upstream:short)%00%(objectname)%00%(upstream:track)%00%(upstream:remotename)%00%(upstream:remoteref) refs/heads/main refs/remotes/main [80ms]
2025-11-04 21:02:06.246 [info] > git status -z -uall [178ms]
2025-11-04 21:02:06.268 [info] > git for-each-ref --sort -committerdate --format %(refname)%00%(objectname)%00%(*objectname) [49ms]
2025-11-04 21:02:06.669 [info] > git ls-files --stage -- docs/threat_model.md [27ms]
2025-11-04 21:02:06.727 [info] > git cat-file -s e69de29bb2d1d6434b8b29ae775ad8c2e48c5391 [19ms]
2025-11-04 21:02:06.900 [info] > git show --textconv :docs/threat_model.md [39ms]
2025-11-04 21:20:26.434 [info] > git show --textconv :docs/threat_model.md [152ms]
2025-11-04 21:20:26.438 [info] > git ls-files --stage -- docs/threat_model.md [56ms]
2025-11-04 21:20:26.478 [info] > git cat-file -s e69de29bb2d1d6434b8b29ae775ad8c2e48c5391 [17ms]
2025-11-04 21:20:34.536 [info] > git config --get commit.template [43ms]
2025-11-04 21:20:34.550 [info] > git for-each-ref --format=%(refname)%00%(upstream:short)%00%(objectname)%00%(upstream:track)%00%(upstream:remotename)%00%(upstream:remoteref) refs/heads/main refs/remotes/main [15ms]
2025-11-04 21:20:34.624 [info] > git status -z -uall [39ms]
2025-11-04 21:20:34.636 [info] > git for-each-ref --sort -committerdate --format %(refname)%00%(objectname)%00%(*objectname) [16ms]
2025-11-04 21:21:32.628 [info] > git config --get commit.template [295ms]
2025-11-04 21:21:32.667 [info] > git for-each-ref --format=%(refname)%00%(upstream:short)%00%(objectname)%00%(upstream:track)%00%(upstream:remotename)%00%(upstream:remoteref) refs/heads/main refs/remotes/main [102ms]
2025-11-04 21:21:33.149 [info] > git status -z -uall [338ms]
2025-11-04 21:21:33.149 [info] > git for-each-ref --sort -committerdate --format %(refname)%00%(objectname)%00%(*objectname) [135ms]
2025-11-04 21:21:33.887 [info] > git ls-files --stage -- docs/threat_model.md [71ms]
2025-11-04 21:21:34.120 [info] > git cat-file -s e69de29bb2d1d6434b8b29ae775ad8c2e48c5391 [51ms]
2025-11-04 21:21:34.530 [info] > git show --textconv :docs/threat_model.md [49ms]
2025-11-04 21:22:11.037 [info] > git config --get commit.template [97ms]
2025-11-04 21:22:11.070 [info] > git for-each-ref --format=%(refname)%00%(upstream:short)%00%(objectname)%00%(upstream:track)%00%(upstream:remotename)%00%(upstream:remoteref) refs/heads/main refs/remotes/main [42ms]
2025-11-04 21:22:11.350 [info] > git status -z -uall [133ms]
2025-11-04 21:22:11.465 [info] > git for-each-ref --sort -committerdate --format %(refname)%00%(objectname)%00%(*objectname) [141ms]
2025-11-04 21:22:12.366 [info] > git ls-files --stage -- docs/threat_model.md [90ms]
2025-11-04 21:22:12.487 [info] > git cat-file -s e69de29bb2d1d6434b8b29ae775ad8c2e48c5391 [52ms]
2025-11-04 21:22:12.667 [info] > git show --textconv :docs/threat_model.md [83ms]
2025-11-04 21:22:32.378 [info] > git config --get commit.template [118ms]
2025-11-04 21:22:32.536 [info] > git for-each-ref --format=%(refname)%00%(upstream:short)%00%(objectname)%00%(upstream:track)%00%(upstream:remotename)%00%(upstream:remoteref) refs/heads/main refs/remotes/main [63ms]
2025-11-04 21:22:32.799 [info] > git status -z -uall [91ms]
2025-11-04 21:22:32.821 [info] > git for-each-ref --sort -committerdate --format %(refname)%00%(objectname)%00%(*objectname) [24ms]
2025-11-04 21:24:40.733 [info] > git config --get commit.template [148ms]
2025-11-04 21:24:40.795 [info] > git for-each-ref --format=%(refname)%00%(upstream:short)%00%(objectname)%00%(upstream:track)%00%(upstream:remotename)%00%(upstream:remoteref) refs/heads/main refs/remotes/main [79ms]
2025-11-04 21:24:40.993 [info] > git status -z -uall [86ms]
2025-11-04 21:24:41.060 [info] > git for-each-ref --sort -committerdate --format %(refname)%00%(objectname)%00%(*objectname) [69ms]
2025-11-04 21:24:41.635 [info] > git config --get commit.template [236ms]
2025-11-04 21:24:41.692 [info] > git for-each-ref --format=%(refname)%00%(upstream:short)%00%(objectname)%00%(upstream:track)%00%(upstream:remotename)%00%(upstream:remoteref) refs/heads/main refs/remotes/main [58ms]
2025-11-04 21:24:42.100 [info] > git ls-files --stage -- docs/threat_model.md [14ms]
2025-11-04 21:24:42.676 [info] > git status -z -uall [108ms]
2025-11-04 21:24:42.678 [info] > git cat-file -s 01096c70e54c7583cebfd20379ccaa238aeb1f63 [389ms]
2025-11-04 21:24:42.684 [info] > git for-each-ref --sort -committerdate --format %(refname)%00%(objectname)%00%(*objectname) [26ms]
2025-11-04 21:24:43.195 [info] > git show --textconv HEAD:docs/threat_model.md [298ms]
2025-11-04 21:24:43.196 [info] > git show --textconv :docs/threat_model.md [17ms]
2025-11-04 21:24:43.196 [info] > git ls-tree -l HEAD -- docs/threat_model.md [132ms]
2025-11-04 21:28:17.502 [info] > git config --get commit.template [99ms]
2025-11-04 21:28:17.554 [info] > git for-each-ref --format=%(refname)%00%(upstream:short)%00%(objectname)%00%(upstream:track)%00%(upstream:remotename)%00%(upstream:remoteref) refs/heads/main refs/remotes/main [67ms]
2025-11-04 21:28:17.870 [info] > git status -z -uall [159ms]
2025-11-04 21:28:17.871 [info] > git for-each-ref --sort -committerdate --format %(refname)%00%(objectname)%00%(*objectname) [37ms]
2025-11-04 21:28:18.445 [info] > git merge-base refs/heads/main refs/remotes/origin/main [223ms]
2025-11-04 21:28:18.622 [info] > git blame --root --incremental a60efc144db0e33414b59c602176885ca733cfd6 -- docs/threat_model.md [576ms]
2025-11-04 21:28:18.842 [info] > git diff --name-status -z --diff-filter=ADMR e3b2323c6273b4c54cdee2582c18d74c2e58ec47...refs/remotes/origin/main [231ms]
2025-11-04 21:28:18.844 [info] > git config --get commit.template [429ms]
2025-11-04 21:28:19.083 [info] > git for-each-ref --format=%(refname)%00%(upstream:short)%00%(objectname)%00%(upstream:track)%00%(upstream:remotename)%00%(upstream:remoteref) refs/heads/main refs/remotes/main [99ms]
2025-11-04 21:28:20.201 [info] > git status -z -uall [969ms]
2025-11-04 21:28:20.201 [info] > git ls-files --stage -- docs/threat_model.md [426ms]
2025-11-04 21:28:20.392 [info] > git for-each-ref --sort -committerdate --format %(refname)%00%(objectname)%00%(*objectname) [727ms]
2025-11-04 21:28:20.511 [info] > git cat-file -s 01096c70e54c7583cebfd20379ccaa238aeb1f63 [119ms]
2025-11-04 21:28:20.589 [info] > git ls-tree -l HEAD -- docs/threat_model.md [473ms]
2025-11-04 21:28:21.430 [info] > git show --textconv :docs/threat_model.md [204ms]
2025-11-04 21:28:21.485 [info] > git show --textconv HEAD:docs/threat_model.md [62ms]
2025-11-04 21:28:45.316 [info] > git config --get commit.template [115ms]
2025-11-04 21:28:45.324 [info] > git for-each-ref --format=%(refname)%00%(upstream:short)%00%(objectname)%00%(upstream:track)%00%(upstream:remotename)%00%(upstream:remoteref) refs/heads/main refs/remotes/main [12ms]
2025-11-04 21:28:45.783 [info] > git status -z -uall [369ms]
2025-11-04 21:28:45.793 [info] > git for-each-ref --sort -committerdate --format %(refname)%00%(objectname)%00%(*objectname) [177ms]
2025-11-04 21:28:46.464 [info] > git merge-base refs/heads/main refs/remotes/origin/main [393ms]
2025-11-04 21:28:46.720 [info] > git config --get commit.template [259ms]
2025-11-04 21:28:46.720 [info] > git ls-files --stage -- docs/threat_model.md [420ms]
2025-11-04 21:28:46.900 [info] > git diff --name-status -z --diff-filter=ADMR a60efc144db0e33414b59c602176885ca733cfd6...refs/remotes/origin/main [204ms]
2025-11-04 21:28:47.103 [info] > git cat-file -s 01096c70e54c7583cebfd20379ccaa238aeb1f63 [208ms]
2025-11-04 21:28:47.134 [info] > git for-each-ref --format=%(refname)%00%(upstream:short)%00%(objectname)%00%(upstream:track)%00%(upstream:remotename)%00%(upstream:remoteref) refs/heads/main refs/remotes/main [48ms]
2025-11-04 21:28:47.463 [info] > git status -z -uall [142ms]
2025-11-04 21:28:47.478 [info] > git for-each-ref --sort -committerdate --format %(refname)%00%(objectname)%00%(*objectname) [31ms]
2025-11-04 21:28:47.851 [info] > git show --textconv :docs/threat_model.md [13ms]
2025-11-04 21:57:48.393 [info] > git config --get commit.template [190ms]
2025-11-04 21:57:48.466 [info] > git for-each-ref --format=%(refname)%00%(upstream:short)%00%(objectname)%00%(upstream:track)%00%(upstream:remotename)%00%(upstream:remoteref) refs/heads/main refs/remotes/main [100ms]
2025-11-04 21:57:48.783 [info] > git status -z -uall [129ms]
2025-11-04 21:57:48.824 [info] > git for-each-ref --sort -committerdate --format %(refname)%00%(objectname)%00%(*objectname) [61ms]
2025-11-04 21:57:49.947 [info] > git check-ignore -v -z --stdin [64ms]
2025-11-04 21:59:45.717 [info] > git config --get commit.template [227ms]
2025-11-04 21:59:45.757 [info] > git for-each-ref --format=%(refname)%00%(upstream:short)%00%(objectname)%00%(upstream:track)%00%(upstream:remotename)%00%(upstream:remoteref) refs/heads/main refs/remotes/main [42ms]
2025-11-04 21:59:46.152 [info] > git status -z -uall [181ms]
2025-11-04 21:59:46.170 [info] > git for-each-ref --sort -committerdate --format %(refname)%00%(objectname)%00%(*objectname) [44ms]
2025-11-04 21:59:46.674 [info] > git config --get commit.template [170ms]
2025-11-04 21:59:46.835 [info] > git for-each-ref --format=%(refname)%00%(upstream:short)%00%(objectname)%00%(upstream:track)%00%(upstream:remotename)%00%(upstream:remoteref) refs/heads/main refs/remotes/main [164ms]
2025-11-04 21:59:47.407 [info] > git status -z -uall [452ms]
2025-11-04 21:59:47.407 [info] > git for-each-ref --sort -committerdate --format %(refname)%00%(objectname)%00%(*objectname) [223ms]
2025-11-04 21:59:48.242 [info] > git show --textconv :docs/secure_code_review.md [517ms]
2025-11-04 21:59:48.242 [info] > git show --textconv HEAD:docs/secure_code_review.md [340ms]
2025-11-04 21:59:48.242 [info] > git ls-files --stage -- docs/secure_code_review.md [201ms]
2025-11-04 21:59:48.313 [warning] [GitFileSystemProvider][readFile] File not found - git:/home/modee/devsecops-capstone/docs/secure_code_review.md.git?%7B%22path%22%3A%22%2Fhome%2Fmodee%2Fdevsecops-capstone%2Fdocs%2Fsecure_code_review.md%22%2C%22ref%22%3A%22HEAD%22%7D
2025-11-04 21:59:48.329 [info] > git ls-tree -l HEAD -- docs/secure_code_review.md [89ms]
2025-11-04 21:59:48.336 [warning] [GitFileSystemProvider][stat] File not found - git:/home/modee/devsecops-capstone/docs/secure_code_review.md.git?%7B%22path%22%3A%22%2Fhome%2Fmodee%2Fdevsecops-capstone%2Fdocs%2Fsecure_code_review.md%22%2C%22ref%22%3A%22HEAD%22%7D
2025-11-04 21:59:48.339 [info] > git cat-file -s 4fa8b4c47ea51ea4834c20acc9a375fcf8fc4622 [44ms]
2025-11-04 21:59:48.676 [info] > git blame --root --incremental a60efc144db0e33414b59c602176885ca733cfd6 -- docs/secure_code_review.md [111ms]
2025-11-04 21:59:48.676 [info] fatal: no such path docs/secure_code_review.md in a60efc144db0e33414b59c602176885ca733cfd6
2025-11-04 22:01:33.648 [info] > git config --get commit.template [216ms]
2025-11-04 22:01:33.998 [info] > git for-each-ref --format=%(refname)%00%(upstream:short)%00%(objectname)%00%(upstream:track)%00%(upstream:remotename)%00%(upstream:remoteref) refs/heads/main refs/remotes/main [429ms]
2025-11-04 22:01:34.633 [info] > git status -z -uall [151ms]
2025-11-04 22:01:34.683 [info] > git for-each-ref --sort -committerdate --format %(refname)%00%(objectname)%00%(*objectname) [80ms]
2025-11-04 22:01:35.055 [info] > git merge-base refs/heads/main refs/remotes/origin/main [176ms]
2025-11-04 22:01:35.221 [info] > git blame --root --incremental 5aa6131a081ca36bafb4d3aa0c5e58140e8a3795 -- docs/secure_code_review.md [470ms]
2025-11-04 22:01:35.335 [info] > git diff --name-status -z --diff-filter=ADMR a60efc144db0e33414b59c602176885ca733cfd6...refs/remotes/origin/main [116ms]
2025-11-04 22:01:35.337 [info] > git config --get commit.template [296ms]
2025-11-04 22:01:35.659 [info] > git ls-files --stage -- docs/secure_code_review.md [172ms]
2025-11-04 22:01:35.740 [info] > git for-each-ref --format=%(refname)%00%(upstream:short)%00%(objectname)%00%(upstream:track)%00%(upstream:remotename)%00%(upstream:remoteref) refs/heads/main refs/remotes/main [132ms]
2025-11-04 22:01:35.752 [info] > git cat-file -s 4fa8b4c47ea51ea4834c20acc9a375fcf8fc4622 [15ms]
2025-11-04 22:01:36.026 [info] > git status -z -uall [191ms]
2025-11-04 22:01:36.027 [info] > git for-each-ref --sort -committerdate --format %(refname)%00%(objectname)%00%(*objectname) [101ms]
2025-11-04 22:01:36.078 [info] > git show --textconv :docs/secure_code_review.md [54ms]
2025-11-04 22:02:08.886 [info] > git config --get commit.template [94ms]
2025-11-04 22:02:08.989 [info] > git for-each-ref --format=%(refname)%00%(upstream:short)%00%(objectname)%00%(upstream:track)%00%(upstream:remotename)%00%(upstream:remoteref) refs/heads/main refs/remotes/main [104ms]
2025-11-04 22:02:09.487 [info] > git status -z -uall [290ms]
2025-11-04 22:02:10.026 [info] > git for-each-ref --sort -committerdate --format %(refname)%00%(objectname)%00%(*objectname) [552ms]
2025-11-04 22:02:10.616 [info] > git merge-base refs/heads/main refs/remotes/origin/main [333ms]
2025-11-04 22:02:10.791 [info] > git config --get commit.template [179ms]
2025-11-04 22:02:10.792 [info] > git ls-files --stage -- docs/secure_code_review.md [336ms]
2025-11-04 22:02:10.847 [info] > git diff --name-status -z --diff-filter=ADMR 5aa6131a081ca36bafb4d3aa0c5e58140e8a3795...refs/remotes/origin/main [80ms]
2025-11-04 22:02:10.896 [info] > git cat-file -s 4fa8b4c47ea51ea4834c20acc9a375fcf8fc4622 [53ms]
2025-11-04 22:02:10.963 [info] > git for-each-ref --format=%(refname)%00%(upstream:short)%00%(objectname)%00%(upstream:track)%00%(upstream:remotename)%00%(upstream:remoteref) refs/heads/main refs/remotes/main [69ms]
2025-11-04 22:02:11.069 [info] > git show --textconv :docs/secure_code_review.md [75ms]
2025-11-04 22:02:11.069 [info] > git status -z -uall [31ms]
2025-11-04 22:02:11.118 [info] > git for-each-ref --sort -committerdate --format %(refname)%00%(objectname)%00%(*objectname) [53ms]
2025-11-04 22:25:07.504 [info] > git check-ignore -v -z --stdin [222ms]
2025-11-04 22:25:09.039 [info] > git config --get commit.template [322ms]
2025-11-04 22:25:09.845 [info] > git for-each-ref --format=%(refname)%00%(upstream:short)%00%(objectname)%00%(upstream:track)%00%(upstream:remotename)%00%(upstream:remoteref) refs/heads/main refs/remotes/main [281ms]
2025-11-04 22:25:10.215 [info] > git status -z -uall [254ms]
2025-11-04 22:25:10.221 [info] > git for-each-ref --sort -committerdate --format %(refname)%00%(objectname)%00%(*objectname) [43ms]
2025-11-05 00:03:10.279 [info] > git config --get commit.template [195ms]
2025-11-05 00:03:10.322 [info] > git for-each-ref --format=%(refname)%00%(upstream:short)%00%(objectname)%00%(upstream:track)%00%(upstream:remotename)%00%(upstream:remoteref) refs/heads/main refs/remotes/main [64ms]
2025-11-05 00:03:10.878 [info] > git status -z -uall [267ms]
2025-11-05 00:03:10.968 [info] > git for-each-ref --sort -committerdate --format %(refname)%00%(objectname)%00%(*objectname) [112ms]
2025-11-05 00:03:11.689 [info] > git check-ignore -v -z --stdin [196ms]
2025-11-05 00:06:47.322 [info] > git config --get commit.template [65ms]
2025-11-05 00:06:47.444 [info] > git for-each-ref --format=%(refname)%00%(upstream:short)%00%(objectname)%00%(upstream:track)%00%(upstream:remotename)%00%(upstream:remoteref) refs/heads/main refs/remotes/main [44ms]
2025-11-05 00:06:48.176 [info] > git status -z -uall [634ms]
2025-11-05 00:06:48.180 [info] > git for-each-ref --sort -committerdate --format %(refname)%00%(objectname)%00%(*objectname) [318ms]
2025-11-05 00:07:07.063 [info] > git config --get commit.template [16ms]
2025-11-05 00:07:07.446 [info] > git for-each-ref --format=%(refname)%00%(upstream:short)%00%(objectname)%00%(upstream:track)%00%(upstream:remotename)%00%(upstream:remoteref) refs/heads/main refs/remotes/main [153ms]
2025-11-05 00:07:08.188 [info] > git status -z -uall [509ms]
2025-11-05 00:07:08.188 [info] > git for-each-ref --sort -committerdate --format %(refname)%00%(objectname)%00%(*objectname) [276ms]
2025-11-05 00:07:08.674 [info] > git config --get commit.template [105ms]
2025-11-05 00:07:09.114 [info] > git for-each-ref --format=%(refname)%00%(upstream:short)%00%(objectname)%00%(upstream:track)%00%(upstream:remotename)%00%(upstream:remoteref) refs/heads/main refs/remotes/main [69ms]
2025-11-05 00:07:09.663 [info] > git status -z -uall [354ms]
2025-11-05 00:07:09.685 [info] > git for-each-ref --sort -committerdate --format %(refname)%00%(objectname)%00%(*objectname) [36ms]
2025-11-05 00:07:10.993 [info] > git show --textconv :dockerfile [635ms]
2025-11-05 00:07:10.993 [info] > git show --textconv HEAD:dockerfile [470ms]
2025-11-05 00:07:10.993 [info] > git ls-files --stage -- dockerfile [260ms]
2025-11-05 00:07:11.210 [warning] [GitFileSystemProvider][readFile] File not found - git:/home/modee/devsecops-capstone/dockerfile.git?%7B%22path%22%3A%22%2Fhome%2Fmodee%2Fdevsecops-capstone%2Fdockerfile%22%2C%22ref%22%3A%22HEAD%22%7D
2025-11-05 00:07:11.403 [info] > git cat-file -s c3acdfaa2da9734a7a25660004fa360255d8e103 [249ms]
2025-11-05 00:07:11.463 [info] > git ls-tree -l HEAD -- dockerfile [560ms]
2025-11-05 00:07:11.467 [warning] [GitFileSystemProvider][stat] File not found - git:/home/modee/devsecops-capstone/dockerfile.git?%7B%22path%22%3A%22%2Fhome%2Fmodee%2Fdevsecops-capstone%2Fdockerfile%22%2C%22ref%22%3A%22HEAD%22%7D
2025-11-05 00:07:13.658 [info] > git blame --root --incremental 5aa6131a081ca36bafb4d3aa0c5e58140e8a3795 -- dockerfile [28ms]
2025-11-05 00:07:13.658 [info] fatal: no such path dockerfile in 5aa6131a081ca36bafb4d3aa0c5e58140e8a3795
2025-11-05 00:08:39.291 [info] > git config --get commit.template [12ms]
2025-11-05 00:08:39.423 [info] > git for-each-ref --format=%(refname)%00%(upstream:short)%00%(objectname)%00%(upstream:track)%00%(upstream:remotename)%00%(upstream:remoteref) refs/heads/main refs/remotes/main [67ms]
2025-11-05 00:08:39.726 [info] > git status -z -uall [187ms]
2025-11-05 00:08:39.754 [info] > git for-each-ref --sort -committerdate --format %(refname)%00%(objectname)%00%(*objectname) [61ms]
2025-11-05 00:08:40.191 [info] > git blame --root --incremental 6c929d6b65b6b52086ee49f68cc98b2ae46b0ebd -- dockerfile [334ms]
2025-11-05 00:08:40.226 [info] > git merge-base refs/heads/main refs/remotes/origin/main [281ms]
2025-11-05 00:08:40.431 [info] > git config --get commit.template [241ms]
2025-11-05 00:08:40.818 [info] > git diff --name-status -z --diff-filter=ADMR 5aa6131a081ca36bafb4d3aa0c5e58140e8a3795...refs/remotes/origin/main [407ms]
2025-11-05 00:08:40.834 [info] > git for-each-ref --format=%(refname)%00%(upstream:short)%00%(objectname)%00%(upstream:track)%00%(upstream:remotename)%00%(upstream:remoteref) refs/heads/main refs/remotes/main [17ms]
2025-11-05 00:08:40.837 [info] > git ls-files --stage -- dockerfile [146ms]
2025-11-05 00:08:40.924 [info] > git cat-file -s c3acdfaa2da9734a7a25660004fa360255d8e103 [6ms]
2025-11-05 00:08:41.507 [info] > git status -z -uall [387ms]
2025-11-05 00:08:41.508 [info] > git for-each-ref --sort -committerdate --format %(refname)%00%(objectname)%00%(*objectname) [118ms]
2025-11-05 00:08:41.753 [info] > git show --textconv :dockerfile [22ms]
2025-11-05 00:09:18.286 [info] > git config --get commit.template [376ms]
2025-11-05 00:09:18.320 [info] > git for-each-ref --format=%(refname)%00%(upstream:short)%00%(objectname)%00%(upstream:track)%00%(upstream:remotename)%00%(upstream:remoteref) refs/heads/main refs/remotes/main [50ms]
2025-11-05 00:09:18.945 [info] > git status -z -uall [391ms]
2025-11-05 00:09:18.948 [info] > git for-each-ref --sort -committerdate --format %(refname)%00%(objectname)%00%(*objectname) [84ms]
2025-11-05 00:09:19.181 [info] > git merge-base refs/heads/main refs/remotes/origin/main [163ms]
2025-11-05 00:09:19.261 [info] > git config --get commit.template [85ms]
2025-11-05 00:09:19.261 [info] > git ls-files --stage -- dockerfile [159ms]
2025-11-05 00:09:19.402 [info] > git cat-file -s c3acdfaa2da9734a7a25660004fa360255d8e103 [69ms]
2025-11-05 00:09:19.405 [info] > git diff --name-status -z --diff-filter=ADMR 6c929d6b65b6b52086ee49f68cc98b2ae46b0ebd...refs/remotes/origin/main [157ms]
2025-11-05 00:09:19.530 [info] > git for-each-ref --format=%(refname)%00%(upstream:short)%00%(objectname)%00%(upstream:track)%00%(upstream:remotename)%00%(upstream:remoteref) refs/heads/main refs/remotes/main [61ms]
2025-11-05 00:09:19.556 [info] > git show --textconv :dockerfile [29ms]
2025-11-05 00:09:19.622 [info] > git status -z -uall [36ms]
2025-11-05 00:09:19.668 [info] > git for-each-ref --sort -committerdate --format %(refname)%00%(objectname)%00%(*objectname) [49ms]
2025-11-05 00:09:19.686 [info] > git ls-files --stage -- dockerfile [20ms]
2025-11-05 00:09:19.733 [info] > git cat-file -s c3acdfaa2da9734a7a25660004fa360255d8e103 [13ms]
2025-11-05 15:11:24.149 [info] > git for-each-ref --format=%(refname)%00%(upstream:short)%00%(objectname)%00%(upstream:track)%00%(upstream:remotename)%00%(upstream:remoteref) refs/heads/main refs/remotes/main [3ms]
2025-11-05 15:11:24.150 [info] > git config --get commit.template [29ms]
2025-11-05 15:11:24.197 [info] > git status -z -uall [25ms]
2025-11-05 15:11:24.198 [info] > git for-each-ref --sort -committerdate --format %(refname)%00%(objectname)%00%(*objectname) [0ms]
2025-11-05 15:11:29.232 [info] > git config --get commit.template [3ms]
2025-11-05 15:11:29.250 [info] > git for-each-ref --format=%(refname)%00%(upstream:short)%00%(objectname)%00%(upstream:track)%00%(upstream:remotename)%00%(upstream:remoteref) refs/heads/main refs/remotes/main [4ms]
2025-11-05 15:11:29.290 [info] > git status -z -uall [22ms]
2025-11-05 15:11:29.295 [info] > git for-each-ref --sort -committerdate --format %(refname)%00%(objectname)%00%(*objectname) [10ms]
2025-11-05 15:12:59.287 [info] > git show -s --decorate=full --shortstat --format=%H%n%aN%n%aE%n%at%n%ct%n%P%n%D%n%B -z 6c929d6b65b6b52086ee49f68cc98b2ae46b0ebd -- [11ms]
2025-11-05 15:13:10.020 [info] > git for-each-ref --format=%(refname)%00%(upstream:short)%00%(objectname)%00%(upstream:track)%00%(upstream:remotename)%00%(upstream:remoteref) refs/heads/main refs/remotes/main [1ms]
2025-11-05 15:13:10.021 [info] > git config --get commit.template [23ms]
2025-11-05 15:13:10.077 [info] > git status -z -uall [32ms]
2025-11-05 15:13:10.080 [info] > git for-each-ref --sort -committerdate --format %(refname)%00%(objectname)%00%(*objectname) [9ms]
2025-11-05 15:13:10.429 [info] > git show --textconv HEAD:dockerfile [2ms]
2025-11-05 15:13:10.458 [info] > git ls-tree -l HEAD -- dockerfile [7ms]
2025-11-05 15:13:10.989 [info] > git config --get commit.template [23ms]
2025-11-05 15:13:10.996 [info] > git for-each-ref --format=%(refname)%00%(upstream:short)%00%(objectname)%00%(upstream:track)%00%(upstream:remotename)%00%(upstream:remoteref) refs/heads/main refs/remotes/main [8ms]
2025-11-05 15:13:11.053 [info] > git status -z -uall [27ms]
2025-11-05 15:13:11.057 [info] > git for-each-ref --sort -committerdate --format %(refname)%00%(objectname)%00%(*objectname) [7ms]
2025-11-05 15:13:11.113 [info] > git ls-files --stage -- dockerfile [27ms]
2025-11-05 15:13:11.141 [info] > git ls-tree -l HEAD -- dockerfile [30ms]
2025-11-05 15:13:11.144 [info] > git cat-file -s 4e10e49434a889721c09b5d81bbad02c4a83bb9f [8ms]
2025-11-05 15:13:11.192 [info] > git show --textconv HEAD:dockerfile [18ms]
2025-11-05 15:13:11.197 [info] > git show --textconv :dockerfile [5ms]
2025-11-05 15:14:05.635 [info] > git config --get commit.template [0ms]
2025-11-05 15:14:05.664 [info] > git for-each-ref --format=%(refname)%00%(upstream:short)%00%(objectname)%00%(upstream:track)%00%(upstream:remotename)%00%(upstream:remoteref) refs/heads/main refs/remotes/main [11ms]
2025-11-05 15:14:05.718 [info] > git status -z -uall [22ms]
2025-11-05 15:14:05.729 [info] > git for-each-ref --sort -committerdate --format %(refname)%00%(objectname)%00%(*objectname) [12ms]
2025-11-05 15:14:05.790 [info] > git blame --root --incremental 2e43daddc76fc5992f0e2d399e0ba5d06829b1f2 -- dockerfile [29ms]
2025-11-05 15:14:05.802 [info] > git merge-base refs/heads/main refs/remotes/origin/main [13ms]
2025-11-05 15:14:05.831 [info] > git diff --name-status -z --diff-filter=ADMR 6c929d6b65b6b52086ee49f68cc98b2ae46b0ebd...refs/remotes/origin/main [8ms]
2025-11-05 15:14:06.807 [info] > git ls-files --stage -- dockerfile [1ms]
2025-11-05 15:14:06.834 [info] > git cat-file -s 4e10e49434a889721c09b5d81bbad02c4a83bb9f [1ms]
2025-11-05 15:14:06.884 [info] > git show --textconv :dockerfile [16ms]
2025-11-05 15:14:24.716 [info] > git config --get commit.template [25ms]
2025-11-05 15:14:24.744 [info] > git for-each-ref --format=%(refname)%00%(upstream:short)%00%(objectname)%00%(upstream:track)%00%(upstream:remotename)%00%(upstream:remoteref) refs/heads/main refs/remotes/main [5ms]
2025-11-05 15:14:24.784 [info] > git status -z -uall [23ms]
2025-11-05 15:14:24.799 [info] > git for-each-ref --sort -committerdate --format %(refname)%00%(objectname)%00%(*objectname) [17ms]
2025-11-05 15:14:24.852 [info] > git merge-base refs/heads/main refs/remotes/origin/main [23ms]
2025-11-05 15:14:24.883 [info] > git diff --name-status -z --diff-filter=ADMR 2e43daddc76fc5992f0e2d399e0ba5d06829b1f2...refs/remotes/origin/main [8ms]
2025-11-05 15:14:25.843 [info] > git ls-files --stage -- dockerfile [6ms]
2025-11-05 15:14:25.872 [info] > git cat-file -s 4e10e49434a889721c09b5d81bbad02c4a83bb9f [7ms]
2025-11-05 15:14:25.900 [info] > git show --textconv :dockerfile [5ms]
2025-11-05 17:21:55.558 [info] > git show -s --decorate=full --shortstat --format=%H%n%aN%n%aE%n%at%n%ct%n%P%n%D%n%B -z 2e43daddc76fc5992f0e2d399e0ba5d06829b1f2 -- [26ms]
2025-11-05 17:23:10.792 [info] > git config --get commit.template [19ms]
2025-11-05 17:23:10.795 [info] > git for-each-ref --format=%(refname)%00%(upstream:short)%00%(objectname)%00%(upstream:track)%00%(upstream:remotename)%00%(upstream:remoteref) refs/heads/main refs/remotes/main [5ms]
2025-11-05 17:23:10.827 [info] > git status -z -uall [14ms]
2025-11-05 17:23:10.830 [info] > git for-each-ref --sort -committerdate --format %(refname)%00%(objectname)%00%(*objectname) [5ms]
2025-11-05 17:23:15.883 [info] > git config --get commit.template [19ms]
2025-11-05 17:23:15.884 [info] > git for-each-ref --format=%(refname)%00%(upstream:short)%00%(objectname)%00%(upstream:track)%00%(upstream:remotename)%00%(upstream:remoteref) refs/heads/main refs/remotes/main [2ms]
2025-11-05 17:23:15.925 [info] > git status -z -uall [24ms]
2025-11-05 17:23:15.929 [info] > git for-each-ref --sort -committerdate --format %(refname)%00%(objectname)%00%(*objectname) [5ms]
2025-11-05 17:29:06.010 [info] > git config --get commit.template [28ms]
2025-11-05 17:29:06.011 [info] > git for-each-ref --format=%(refname)%00%(upstream:short)%00%(objectname)%00%(upstream:track)%00%(upstream:remotename)%00%(upstream:remoteref) refs/heads/main refs/remotes/main [5ms]
2025-11-05 17:29:06.062 [info] > git status -z -uall [25ms]
2025-11-05 17:29:06.066 [info] > git for-each-ref --sort -committerdate --format %(refname)%00%(objectname)%00%(*objectname) [7ms]
2025-11-05 17:29:58.457 [info] > git config --get commit.template [30ms]
2025-11-05 17:29:58.496 [info] > git for-each-ref --format=%(refname)%00%(upstream:short)%00%(objectname)%00%(upstream:track)%00%(upstream:remotename)%00%(upstream:remoteref) refs/heads/main refs/remotes/main [17ms]
2025-11-05 17:29:58.550 [info] > git status -z -uall [19ms]
2025-11-05 17:29:58.552 [info] > git for-each-ref --sort -committerdate --format %(refname)%00%(objectname)%00%(*objectname) [5ms]
2025-11-05 17:30:17.216 [info] > git config --get commit.template [5ms]
2025-11-05 17:30:17.244 [info] > git for-each-ref --format=%(refname)%00%(upstream:short)%00%(objectname)%00%(upstream:track)%00%(upstream:remotename)%00%(upstream:remoteref) refs/heads/main refs/remotes/main [5ms]
2025-11-05 17:30:17.288 [info] > git status -z -uall [21ms]
2025-11-05 17:30:17.290 [info] > git for-each-ref --sort -committerdate --format %(refname)%00%(objectname)%00%(*objectname) [5ms]
2025-11-05 17:41:48.227 [info] > git config --get commit.template [30ms]
2025-11-05 17:41:48.227 [info] > git for-each-ref --format=%(refname)%00%(upstream:short)%00%(objectname)%00%(upstream:track)%00%(upstream:remotename)%00%(upstream:remoteref) refs/heads/main refs/remotes/main [5ms]
2025-11-05 17:41:48.273 [info] > git status -z -uall [21ms]
2025-11-05 17:41:48.275 [info] > git for-each-ref --sort -committerdate --format %(refname)%00%(objectname)%00%(*objectname) [4ms]
2025-11-05 17:41:53.344 [info] > git config --get commit.template [25ms]
2025-11-05 17:41:53.350 [info] > git for-each-ref --format=%(refname)%00%(upstream:short)%00%(objectname)%00%(upstream:track)%00%(upstream:remotename)%00%(upstream:remoteref) refs/heads/main refs/remotes/main [7ms]
2025-11-05 17:41:53.394 [info] > git status -z -uall [21ms]
2025-11-05 17:41:53.394 [info] > git for-each-ref --sort -committerdate --format %(refname)%00%(objectname)%00%(*objectname) [4ms]
2025-11-05 17:43:08.414 [info] > git config --get commit.template [15ms]
2025-11-05 17:43:08.435 [info] > git for-each-ref --format=%(refname)%00%(upstream:short)%00%(objectname)%00%(upstream:track)%00%(upstream:remotename)%00%(upstream:remoteref) refs/heads/main refs/remotes/main [4ms]
2025-11-05 17:43:08.483 [info] > git status -z -uall [23ms]
2025-11-05 17:43:08.486 [info] > git for-each-ref --sort -committerdate --format %(refname)%00%(objectname)%00%(*objectname) [4ms]
2025-11-05 17:43:13.536 [info] > git config --get commit.template [21ms]
2025-11-05 17:43:13.540 [info] > git for-each-ref --format=%(refname)%00%(upstream:short)%00%(objectname)%00%(upstream:track)%00%(upstream:remotename)%00%(upstream:remoteref) refs/heads/main refs/remotes/main [5ms]
2025-11-05 17:43:13.583 [info] > git status -z -uall [18ms]
2025-11-05 17:43:13.587 [info] > git for-each-ref --sort -committerdate --format %(refname)%00%(objectname)%00%(*objectname) [6ms]
2025-11-05 17:45:06.403 [info] > git config --get commit.template [24ms]
2025-11-05 17:45:06.406 [info] > git for-each-ref --format=%(refname)%00%(upstream:short)%00%(objectname)%00%(upstream:track)%00%(upstream:remotename)%00%(upstream:remoteref) refs/heads/main refs/remotes/main [5ms]
2025-11-05 17:45:06.450 [info] > git status -z -uall [23ms]
2025-11-05 17:45:06.453 [info] > git for-each-ref --sort -committerdate --format %(refname)%00%(objectname)%00%(*objectname) [5ms]
2025-11-05 17:45:51.816 [info] > git config --get commit.template [17ms]
2025-11-05 17:45:51.816 [info] > git for-each-ref --format=%(refname)%00%(upstream:short)%00%(objectname)%00%(upstream:track)%00%(upstream:remotename)%00%(upstream:remoteref) refs/heads/main refs/remotes/main [3ms]
2025-11-05 17:45:51.850 [info] > git status -z -uall [19ms]
2025-11-05 17:45:51.853 [info] > git for-each-ref --sort -committerdate --format %(refname)%00%(objectname)%00%(*objectname) [5ms]
2025-11-05 17:50:44.845 [info] > git check-ignore -v -z --stdin [17ms]
2025-11-05 17:50:44.902 [info] > git show --textconv :node-js-sample/node-js-sample/README.md [24ms]
2025-11-05 17:50:44.903 [warning] [GitFileSystemProvider][readFile] File not found - git:/home/modee/devsecops-capstone/node-js-sample/node-js-sample/README.md.git?%7B%22path%22%3A%22%2Fhome%2Fmodee%2Fdevsecops-capstone%2Fnode-js-sample%2Fnode-js-sample%2FREADME.md%22%2C%22ref%22%3A%22%22%7D
2025-11-05 17:50:44.916 [info] > git ls-files --stage -- node-js-sample/node-js-sample/README.md [14ms]
2025-11-05 17:50:44.917 [warning] [GitFileSystemProvider][stat] File not found - git:/home/modee/devsecops-capstone/node-js-sample/node-js-sample/README.md.git?%7B%22path%22%3A%22%2Fhome%2Fmodee%2Fdevsecops-capstone%2Fnode-js-sample%2Fnode-js-sample%2FREADME.md%22%2C%22ref%22%3A%22%22%7D
2025-11-05 17:52:34.236 [info] > git blame --root --incremental 2e43daddc76fc5992f0e2d399e0ba5d06829b1f2 -- node-js-sample/node-js-sample/README.md [7ms]
2025-11-05 17:52:34.236 [info] fatal: no such path node-js-sample/node-js-sample/README.md in 2e43daddc76fc5992f0e2d399e0ba5d06829b1f2
2025-11-05 17:53:09.946 [info] > git config --get commit.template [17ms]
2025-11-05 17:53:09.953 [info] > git for-each-ref --format=%(refname)%00%(upstream:short)%00%(objectname)%00%(upstream:track)%00%(upstream:remotename)%00%(upstream:remoteref) refs/heads/main refs/remotes/main [8ms]
2025-11-05 17:53:09.985 [info] > git status -z -uall [17ms]
2025-11-05 17:53:09.993 [info] > git for-each-ref --sort -committerdate --format %(refname)%00%(objectname)%00%(*objectname) [10ms]
2025-11-05 17:53:15.040 [info] > git config --get commit.template [20ms]
2025-11-05 17:53:15.044 [info] > git for-each-ref --format=%(refname)%00%(upstream:short)%00%(objectname)%00%(upstream:track)%00%(upstream:remotename)%00%(upstream:remoteref) refs/heads/main refs/remotes/main [4ms]
2025-11-05 17:53:15.081 [info] > git status -z -uall [20ms]
2025-11-05 17:53:15.086 [info] > git for-each-ref --sort -committerdate --format %(refname)%00%(objectname)%00%(*objectname) [6ms]
2025-11-05 17:53:20.112 [info] > git config --get commit.template [3ms]
2025-11-05 17:53:20.139 [info] > git for-each-ref --format=%(refname)%00%(upstream:short)%00%(objectname)%00%(upstream:track)%00%(upstream:remotename)%00%(upstream:remoteref) refs/heads/main refs/remotes/main [4ms]
2025-11-05 17:53:20.169 [info] > git status -z -uall [17ms]
2025-11-05 17:53:20.174 [info] > git for-each-ref --sort -committerdate --format %(refname)%00%(objectname)%00%(*objectname) [6ms]
2025-11-05 17:53:26.074 [info] > git config --get commit.template [15ms]
2025-11-05 17:53:26.078 [info] > git for-each-ref --format=%(refname)%00%(upstream:short)%00%(objectname)%00%(upstream:track)%00%(upstream:remotename)%00%(upstream:remoteref) refs/heads/main refs/remotes/main [4ms]
2025-11-05 17:53:26.113 [info] > git status -z -uall [20ms]
2025-11-05 17:53:26.117 [info] > git for-each-ref --sort -committerdate --format %(refname)%00%(objectname)%00%(*objectname) [6ms]
2025-11-05 17:53:57.926 [info] > git config --get commit.template [16ms]
2025-11-05 17:53:57.957 [info] > git for-each-ref --format=%(refname)%00%(upstream:short)%00%(objectname)%00%(upstream:track)%00%(upstream:remotename)%00%(upstream:remoteref) refs/heads/main refs/remotes/main [9ms]
2025-11-05 17:53:58.005 [info] > git status -z -uall [27ms]
2025-11-05 17:53:58.012 [info] > git for-each-ref --sort -committerdate --format %(refname)%00%(objectname)%00%(*objectname) [9ms]
2025-11-05 17:54:21.769 [info] > git config --get commit.template [4ms]
2025-11-05 17:54:21.802 [info] > git for-each-ref --format=%(refname)%00%(upstream:short)%00%(objectname)%00%(upstream:track)%00%(upstream:remotename)%00%(upstream:remoteref) refs/heads/main refs/remotes/main [14ms]
2025-11-05 17:54:21.845 [info] > git status -z -uall [19ms]
2025-11-05 17:54:21.851 [info] > git for-each-ref --sort -committerdate --format %(refname)%00%(objectname)%00%(*objectname) [7ms]
2025-11-05 17:55:45.632 [info] > git for-each-ref --format=%(refname)%00%(upstream:short)%00%(objectname)%00%(upstream:track)%00%(upstream:remotename)%00%(upstream:remoteref) refs/heads/main refs/remotes/main [9ms]
2025-11-05 17:55:45.635 [info] > git config --get commit.template [35ms]
2025-11-05 17:55:45.676 [info] > git status -z -uall [21ms]
2025-11-05 17:55:45.688 [info] > git for-each-ref --sort -committerdate --format %(refname)%00%(objectname)%00%(*objectname) [10ms]
2025-11-05 17:56:43.044 [info] > git config --get commit.template [2ms]
2025-11-05 17:56:43.078 [info] > git for-each-ref --format=%(refname)%00%(upstream:short)%00%(objectname)%00%(upstream:track)%00%(upstream:remotename)%00%(upstream:remoteref) refs/heads/main refs/remotes/main [11ms]
2025-11-05 17:56:43.140 [info] > git status -z -uall [31ms]
2025-11-05 17:56:43.141 [info] > git for-each-ref --sort -committerdate --format %(refname)%00%(objectname)%00%(*objectname) [1ms]
2025-11-05 23:06:52.509 [info] > git check-ignore -v -z --stdin [20ms]
2025-11-05 23:07:07.646 [info] > git check-ignore -v -z --stdin [11ms]
2025-11-05 23:09:20.967 [info] > git show --textconv :.github/workflows/codeql.yml [96ms]
2025-11-05 23:09:20.970 [info] > git ls-files --stage -- .github/workflows/codeql.yml [4ms]
2025-11-05 23:09:21.038 [info] > git cat-file -s 6d323a14fdd2b9d971c6a2cbf6ffc8022a90644b [18ms]
2025-11-05 23:09:21.221 [info] > git blame --root --incremental 2e43daddc76fc5992f0e2d399e0ba5d06829b1f2 -- .github/workflows/codeql.yml [38ms]
2025-11-05 23:11:22.888 [info] > git show -s --decorate=full --shortstat --format=%H%n%aN%n%aE%n%at%n%ct%n%P%n%D%n%B -z 8847fd07829f3fc22679583b3c74f93ac891180d -- [104ms]
2025-11-05 23:12:00.600 [info] > git for-each-ref --format=%(refname)%00%(upstream:short)%00%(objectname)%00%(upstream:track)%00%(upstream:remotename)%00%(upstream:remoteref) refs/heads/main refs/remotes/main [5ms]
2025-11-05 23:12:00.601 [info] > git config --get commit.template [167ms]
2025-11-05 23:12:00.800 [info] > git status -z -uall [108ms]
2025-11-05 23:12:00.826 [info] > git for-each-ref --sort -committerdate --format %(refname)%00%(objectname)%00%(*objectname) [53ms]
2025-11-05 23:12:02.098 [info] > git check-ignore -v -z --stdin [30ms]
2025-11-05 23:12:05.924 [info] > git config --get commit.template [43ms]
2025-11-05 23:12:05.934 [info] > git for-each-ref --format=%(refname)%00%(upstream:short)%00%(objectname)%00%(upstream:track)%00%(upstream:remotename)%00%(upstream:remoteref) refs/heads/main refs/remotes/main [13ms]
2025-11-05 23:12:06.021 [info] > git status -z -uall [44ms]
2025-11-05 23:12:06.039 [info] > git for-each-ref --sort -committerdate --format %(refname)%00%(objectname)%00%(*objectname) [23ms]
2025-11-05 23:24:09.204 [info] > git check-ignore -v -z --stdin [16ms]
2025-11-05 23:33:50.516 [info] [Git][getRemotes] No remotes found in the git config file
2025-11-05 23:33:50.519 [info] > git config --get commit.template [36ms]
2025-11-05 23:33:50.528 [info] > git for-each-ref --format=%(refname)%00%(upstream:short)%00%(objectname)%00%(upstream:track)%00%(upstream:remotename)%00%(upstream:remoteref) refs/heads/main refs/remotes/main [13ms]
2025-11-05 23:33:50.613 [info] > git status -z -uall [53ms]
2025-11-05 23:33:50.619 [info] > git for-each-ref --sort -committerdate --format %(refname)%00%(objectname)%00%(*objectname) [14ms]
2025-11-05 23:33:50.818 [info] > git ls-files --stage -- .github/workflows/codeql.yml [26ms]
2025-11-05 23:33:50.884 [info] > git cat-file -s 6d323a14fdd2b9d971c6a2cbf6ffc8022a90644b [23ms]
2025-11-05 23:33:50.959 [info] > git show --textconv :.github/workflows/codeql.yml [31ms]
2025-11-05 23:38:02.475 [info] [Git][getRemotes] No remotes found in the git config file
2025-11-05 23:38:02.483 [info] > git config --get commit.template [72ms]
2025-11-05 23:38:02.497 [info] > git for-each-ref --format=%(refname)%00%(upstream:short)%00%(objectname)%00%(upstream:track)%00%(upstream:remotename)%00%(upstream:remoteref) refs/heads/main refs/remotes/main [26ms]
2025-11-05 23:38:02.758 [info] > git status -z -uall [154ms]
2025-11-05 23:38:02.766 [info] > git for-each-ref --sort -committerdate --format %(refname)%00%(objectname)%00%(*objectname) [38ms]
2025-11-05 23:38:07.943 [info] [Git][getRemotes] No remotes found in the git config file
2025-11-05 23:38:07.993 [info] > git config --get commit.template [64ms]
2025-11-05 23:38:07.999 [info] > git for-each-ref --format=%(refname)%00%(upstream:short)%00%(objectname)%00%(upstream:track)%00%(upstream:remotename)%00%(upstream:remoteref) refs/heads/main refs/remotes/main [6ms]
2025-11-05 23:38:08.059 [info] > git status -z -uall [34ms]
2025-11-05 23:38:08.070 [info] > git for-each-ref --sort -committerdate --format %(refname)%00%(objectname)%00%(*objectname) [13ms]
2025-11-05 23:43:15.580 [info] [Git][getRemotes] No remotes found in the git config file
2025-11-05 23:43:15.582 [info] > git config --get commit.template [208ms]
2025-11-05 23:43:15.593 [info] > git for-each-ref --format=%(refname)%00%(upstream:short)%00%(objectname)%00%(upstream:track)%00%(upstream:remotename)%00%(upstream:remoteref) refs/heads/main refs/remotes/main [13ms]
2025-11-05 23:43:15.827 [info] > git status -z -uall [158ms]
2025-11-05 23:43:15.889 [info] > git for-each-ref --sort -committerdate --format %(refname)%00%(objectname)%00%(*objectname) [70ms]
2025-11-05 23:56:09.202 [info] [Git][getRemotes] No remotes found in the git config file
2025-11-05 23:56:09.205 [info] > git config --get commit.template [163ms]
2025-11-05 23:56:09.220 [info] > git for-each-ref --format=%(refname)%00%(upstream:short)%00%(objectname)%00%(upstream:track)%00%(upstream:remotename)%00%(upstream:remoteref) refs/heads/main refs/remotes/main [18ms]
2025-11-05 23:56:09.465 [info] > git status -z -uall [147ms]
2025-11-05 23:56:09.551 [info] > git for-each-ref --sort -committerdate --format %(refname)%00%(objectname)%00%(*objectname) [105ms]
2025-11-05 23:56:14.698 [info] [Git][getRemotes] No remotes found in the git config file
2025-11-05 23:56:14.702 [info] > git config --get commit.template [54ms]
2025-11-05 23:56:14.720 [info] > git for-each-ref --format=%(refname)%00%(upstream:short)%00%(objectname)%00%(upstream:track)%00%(upstream:remotename)%00%(upstream:remoteref) refs/heads/main refs/remotes/main [24ms]
2025-11-05 23:56:14.805 [info] > git status -z -uall [45ms]
2025-11-05 23:56:14.821 [info] > git for-each-ref --sort -committerdate --format %(refname)%00%(objectname)%00%(*objectname) [19ms]
2025-11-06 00:14:05.641 [info] [Git][getRemotes] No remotes found in the git config file
2025-11-06 00:14:05.648 [info] > git config --get commit.template [64ms]
2025-11-06 00:14:05.654 [info] > git for-each-ref --format=%(refname)%00%(upstream:short)%00%(objectname)%00%(upstream:track)%00%(upstream:remotename)%00%(upstream:remoteref) refs/heads/main refs/remotes/main [15ms]
2025-11-06 00:14:05.967 [info] > git status -z -uall [196ms]
2025-11-06 00:14:06.008 [info] > git for-each-ref --sort -committerdate --format %(refname)%00%(objectname)%00%(*objectname) [67ms]
2025-11-06 00:14:35.854 [info] [Git][getRemotes] No remotes found in the git config file
2025-11-06 00:14:35.857 [info] > git config --get commit.template [51ms]
2025-11-06 00:14:35.866 [info] > git for-each-ref --format=%(refname)%00%(upstream:short)%00%(objectname)%00%(upstream:track)%00%(upstream:remotename)%00%(upstream:remoteref) refs/heads/main refs/remotes/main [12ms]
2025-11-06 00:14:36.112 [info] > git status -z -uall [111ms]
2025-11-06 00:14:36.125 [info] > git for-each-ref --sort -committerdate --format %(refname)%00%(objectname)%00%(*objectname) [16ms]
2025-11-06 00:15:15.089 [info] > git config --get commit.template [7ms]
2025-11-06 00:15:15.181 [info] [Git][getRemotes] No remotes found in the git config file
2025-11-06 00:15:15.222 [info] > git for-each-ref --format=%(refname)%00%(upstream:short)%00%(objectname)%00%(upstream:track)%00%(upstream:remotename)%00%(upstream:remoteref) refs/heads/main refs/remotes/main [42ms]
2025-11-06 00:15:15.451 [info] > git status -z -uall [128ms]
2025-11-06 00:15:15.479 [info] > git for-each-ref --sort -committerdate --format %(refname)%00%(objectname)%00%(*objectname) [29ms]
2025-11-06 00:15:37.251 [info] [Git][getRemotes] No remotes found in the git config file
2025-11-06 00:15:37.254 [info] > git config --get commit.template [69ms]
2025-11-06 00:15:37.263 [info] > git for-each-ref --format=%(refname)%00%(upstream:short)%00%(objectname)%00%(upstream:track)%00%(upstream:remotename)%00%(upstream:remoteref) refs/heads/main refs/remotes/main [12ms]
2025-11-06 00:15:37.409 [info] > git status -z -uall [79ms]
2025-11-06 00:15:37.427 [info] > git for-each-ref --sort -committerdate --format %(refname)%00%(objectname)%00%(*objectname) [23ms]
2025-11-06 00:26:59.061 [info] [Git][getRemotes] No remotes found in the git config file
2025-11-06 00:26:59.062 [info] > git config --get commit.template [56ms]
2025-11-06 00:26:59.087 [info] > git for-each-ref --format=%(refname)%00%(upstream:short)%00%(objectname)%00%(upstream:track)%00%(upstream:remotename)%00%(upstream:remoteref) refs/heads/main refs/remotes/main [31ms]
2025-11-06 00:26:59.229 [info] > git status -z -uall [58ms]
2025-11-06 00:26:59.241 [info] > git for-each-ref --sort -committerdate --format %(refname)%00%(objectname)%00%(*objectname) [14ms]
