0 verbose cli /usr/bin/node /usr/bin/npm
1 info using npm@9.2.0
2 info using node@v18.19.1
3 timing npm:load:whichnode Completed in 1ms
4 timing config:load:defaults Completed in 14ms
5 timing config:load:file:/usr/share/nodejs/npm/npmrc Completed in 15ms
6 timing config:load:builtin Completed in 15ms
7 timing config:load:cli Completed in 12ms
8 timing config:load:env Completed in 4ms
9 timing config:load:file:/home/modee/.cache/typescript/5.9/.npmrc Completed in 0ms
10 timing config:load:project Completed in 22ms
11 timing config:load:file:/home/modee/.npmrc Completed in 0ms
12 timing config:load:user Completed in 5ms
13 timing config:load:file:/etc/npmrc Completed in 1ms
14 timing config:load:global Completed in 6ms
15 timing config:load:setEnvs Completed in 7ms
16 timing config:load Completed in 89ms
17 timing npm:load:configload Completed in 89ms
18 timing npm:load:mkdirpcache Completed in 4ms
19 timing npm:load:mkdirplogs Completed in 3ms
20 verbose title npm install @types/react@ts5.9
21 verbose argv "install" "--ignore-scripts" "@types/react@ts5.9" "--save-dev" "--user-agent" "typesInstaller/5.9.2"
22 timing npm:load:setTitle Completed in 12ms
23 timing config:load:flatten Completed in 17ms
24 timing npm:load:display Completed in 24ms
25 verbose logfile logs-max:10 dir:/home/modee/.npm/_logs/2025-11-06T23_24_54_329Z-
26 verbose logfile /home/modee/.npm/_logs/2025-11-06T23_24_54_329Z-debug-0.log
27 timing npm:load:logFile Completed in 38ms
28 timing npm:load:timers Completed in 1ms
29 timing npm:load:configScope Completed in 0ms
30 timing npm:load Completed in 174ms
31 silly logfile done cleaning log files
32 timing config:load:flatten Completed in 2ms
33 timing arborist:ctor Completed in 3ms
34 timing idealTree:init Completed in 89ms
35 timing arborist:ctor Completed in 1ms
36 http fetch GET 200 https://registry.npmjs.org/@types%2freact 2375ms (cache miss)
37 timing idealTree:userRequests Completed in 2478ms
38 silly idealTree buildDeps
39 silly fetch manifest @types/react@19.2.2
40 silly placeDep ROOT @types/react@19.2.2 OK for:  want: 19.2.2
41 silly fetch manifest csstype@^3.0.2
42 http fetch GET 200 https://registry.npmjs.org/csstype 342ms (cache miss)
43 timing idealTree:#root Completed in 392ms
44 silly placeDep ROOT csstype@3.1.3 OK for: @types/react@19.2.2 want: ^3.0.2
45 timing idealTree:node_modules/@types/react Completed in 21ms
46 timing idealTree:node_modules/csstype Completed in 1ms
47 timing idealTree:buildDeps Completed in 424ms
48 timing idealTree:fixDepFlags Completed in 3ms
49 timing idealTree Completed in 3001ms
50 timing reify:loadTrees Completed in 3005ms
51 timing reify:diffTrees Completed in 8ms
52 silly reify moves {}
53 timing reify:retireShallow Completed in 8ms
54 timing reify:createSparse Completed in 17ms
55 timing reify:loadBundles Completed in 0ms
56 silly audit bulk request {
56 silly audit   'types-registry': [ '0.1.745' ],
56 silly audit   '@types/react': [ '19.2.2' ],
56 silly audit   csstype: [ '3.1.3' ]
56 silly audit }
57 silly tarball no local data for @types/react@https://registry.npmjs.org/@types/react/-/react-19.2.2.tgz. Extracting by manifest.
58 silly tarball no local data for csstype@https://registry.npmjs.org/csstype/-/csstype-3.1.3.tgz. Extracting by manifest.
59 http fetch POST 200 https://registry.npmjs.org/-/npm/v1/security/advisories/bulk 495ms
60 timing auditReport:getReport Completed in 506ms
61 silly audit report {}
62 timing auditReport:init Completed in 0ms
63 timing reify:audit Completed in 512ms
64 http fetch GET 200 https://registry.npmjs.org/@types/react/-/react-19.2.2.tgz 2012ms (cache miss)
65 timing reifyNode:node_modules/@types/react Completed in 2253ms
66 http fetch GET 200 https://registry.npmjs.org/csstype/-/csstype-3.1.3.tgz 2147ms (cache miss)
67 timing reifyNode:node_modules/csstype Completed in 2428ms
68 timing reify:unpack Completed in 2429ms
69 timing reify:unretire Completed in 1ms
70 timing build:queue Completed in 1ms
71 timing build:deps Completed in 1ms
72 timing build Completed in 2ms
73 timing reify:build Completed in 4ms
74 timing reify:trash Completed in 0ms
75 timing reify:save Completed in 71ms
76 timing reify Completed in 5608ms
77 silly ADD node_modules/csstype
78 silly ADD node_modules/@types/react
79 timing command:install Completed in 5637ms
80 verbose exit 0
81 timing npm Completed in 5890ms
82 info ok
