2025-11-04 16:39:49.927 [error] #81: https://main.vscode-cdn.net/extensions/marketplace.json - error GET Request timeout after 10000ms
2025-11-04 16:40:00.393 [error] #82: https://mobile.events.data.microsoft.com/OneCollector/1.0?cors=true&content-type=application/x-json-stream - error POST net::ERR_INTERNET_DISCONNECTED
2025-11-04 16:40:49.014 [error] #83: https://mobile.events.data.microsoft.com/OneCollector/1.0?cors=true&content-type=application/x-json-stream - error POST net::ERR_NAME_NOT_RESOLVED
2025-11-04 16:42:09.252 [error] #84: https://mobile.events.data.microsoft.com/OneCollector/1.0?cors=true&content-type=application/x-json-stream - error POST net::ERR_INTERNET_DISCONNECTED
2025-11-04 22:30:04.513 [error] #534: https://main.vscode-cdn.net/extensions/marketplace.json - error GET Request timeout after 10000ms
2025-11-04 22:58:39.335 [error] #535: https://main.vscode-cdn.net/extensions/marketplace.json - error GET Request timeout after 10000ms
2025-11-04 23:01:28.590 [error] #536: https://mobile.events.data.microsoft.com/OneCollector/1.0?cors=true&content-type=application/x-json-stream - error POST net::ERR_NAME_NOT_RESOLVED
2025-11-04 23:01:53.942 [error] #537: https://mobile.events.data.microsoft.com/OneCollector/1.0?cors=true&content-type=application/x-json-stream - error POST net::ERR_NAME_NOT_RESOLVED
2025-11-04 23:02:36.669 [error] #538: https://mobile.events.data.microsoft.com/OneCollector/1.0?cors=true&content-type=application/x-json-stream - error POST net::ERR_NAME_NOT_RESOLVED
2025-11-04 23:02:36.672 [error] #539: https://mobile.events.data.microsoft.com/OneCollector/1.0?cors=true&content-type=application/x-json-stream - error POST net::ERR_NAME_NOT_RESOLVED
2025-11-04 23:03:01.848 [error] #540: https://mobile.events.data.microsoft.com/OneCollector/1.0?cors=true&content-type=application/x-json-stream - error POST net::ERR_NAME_NOT_RESOLVED
2025-11-04 23:03:01.849 [error] #541: https://mobile.events.data.microsoft.com/OneCollector/1.0?cors=true&content-type=application/x-json-stream - error POST net::ERR_NAME_NOT_RESOLVED
2025-11-04 23:03:49.530 [error] #543: https://main.vscode-cdn.net/extensions/marketplace.json - error GET Request timeout after 10000ms
2025-11-04 23:04:05.209 [error] #542: https://mobile.events.data.microsoft.com/OneCollector/1.0?cors=true&content-type=application/x-json-stream - error POST net::ERR_NAME_NOT_RESOLVED
2025-11-04 23:04:05.223 [error] #544: https://mobile.events.data.microsoft.com/OneCollector/1.0?cors=true&content-type=application/x-json-stream - error POST net::ERR_NAME_NOT_RESOLVED
2025-11-04 23:04:47.918 [error] #545: https://mobile.events.data.microsoft.com/OneCollector/1.0?cors=true&content-type=application/x-json-stream - error POST net::ERR_NAME_NOT_RESOLVED
2025-11-04 23:04:47.920 [error] #546: https://mobile.events.data.microsoft.com/OneCollector/1.0?cors=true&content-type=application/x-json-stream - error POST net::ERR_NAME_NOT_RESOLVED
2025-11-05 14:02:07.119 [error] #561: https://main.vscode-cdn.net/extensions/marketplace.json - error GET Request timeout after 10000ms
2025-11-05 14:44:39.075 [error] #571: https://main.vscode-cdn.net/extensions/marketplace.json - error GET Request timeout after 10000ms
2025-11-05 18:58:06.430 [error] #609: https://main.vscode-cdn.net/extensions/marketplace.json - error GET Request timeout after 10000ms
2025-11-05 18:59:30.802 [error] #610: https://mobile.events.data.microsoft.com/OneCollector/1.0?cors=true&content-type=application/x-json-stream - error POST net::ERR_NAME_NOT_RESOLVED
2025-11-05 19:00:14.152 [error] #611: https://mobile.events.data.microsoft.com/OneCollector/1.0?cors=true&content-type=application/x-json-stream - error POST net::ERR_NAME_NOT_RESOLVED
2025-11-05 19:03:18.506 [error] #612: https://main.vscode-cdn.net/extensions/marketplace.json - error GET Request timeout after 10000ms
2025-11-05 19:08:28.570 [error] #613: https://main.vscode-cdn.net/extensions/marketplace.json - error GET Request timeout after 10000ms
2025-11-05 19:13:38.691 [error] #614: https://main.vscode-cdn.net/extensions/marketplace.json - error GET Request timeout after 10000ms
2025-11-05 19:18:48.861 [error] #615: https://main.vscode-cdn.net/extensions/marketplace.json - error GET Request timeout after 10000ms
2025-11-05 19:23:58.945 [error] #616: https://main.vscode-cdn.net/extensions/marketplace.json - error GET Request timeout after 10000ms
2025-11-05 21:00:02.927 [error] #617: https://main.vscode-cdn.net/extensions/marketplace.json - error GET net::ERR_NAME_NOT_RESOLVED
2025-11-05 23:05:44.819 [error] #618: https://main.vscode-cdn.net/extensions/marketplace.json - error GET net::ERR_NETWORK_CHANGED
2025-11-06 00:36:28.145 [error] #646: https://main.vscode-cdn.net/extensions/marketplace.json - error GET Request timeout after 10000ms
