2025-10-29 22:10:07.157 [info] [main] Log level: Info
2025-10-29 22:10:07.157 [info] [main] Validating found git in: "git"
2025-10-29 22:10:07.157 [info] [main] Using git "2.43.0" from "git"
2025-10-29 22:10:07.157 [info] [Model][doInitialScan] Initial repository scan started
2025-10-29 22:10:07.157 [info] [Model][doInitialScan] Initial repository scan completed - repositories (0), closed repositories (0), parent repositories (0), unsafe repositories (0)
2025-10-29 22:12:22.981 [info] [main] Log level: Info
2025-10-29 22:12:22.981 [info] [main] Validating found git in: "git"
2025-10-29 22:12:22.981 [info] [main] Using git "2.43.0" from "git"
2025-10-29 22:12:22.981 [info] [Model][doInitialScan] Initial repository scan started
2025-10-29 22:12:22.981 [info] > git rev-parse --show-toplevel [408ms]
2025-10-29 22:12:24.281 [info] > git rev-parse --git-dir --git-common-dir --show-superproject-working-tree [1147ms]
2025-10-29 22:12:24.430 [info] [Model][openRepository] Opened repository (path): /home/modee/devsecops-capstone
2025-10-29 22:12:24.431 [info] [Model][openRepository] Opened repository (real path): /home/modee/devsecops-capstone
2025-10-29 22:12:24.431 [info] [Model][openRepository] Opened repository (kind): repository
2025-10-29 22:12:25.643 [info] > git rev-parse --show-toplevel [1016ms]
2025-10-29 22:12:25.650 [info] > git config --get commit.template [1050ms]
2025-10-29 22:12:32.615 [info] > git rev-parse --show-toplevel [1681ms]
2025-10-29 22:12:32.640 [info] [Model][doInitialScan] Initial repository scan completed - repositories (1), closed repositories (0), parent repositories (0), unsafe repositories (0)
2025-10-29 22:12:32.948 [info] > git for-each-ref --format=%(refname)%00%(upstream:short)%00%(objectname)%00%(upstream:track)%00%(upstream:remotename)%00%(upstream:remoteref) refs/heads/main refs/remotes/main [559ms]
2025-10-29 22:12:33.171 [warning] [Git][revParse] Unable to read file: ENOENT: no such file or directory, open '/home/modee/devsecops-capstone/.git/refs/remotes/origin/main'
2025-10-29 22:12:33.183 [info] > git check-ignore -v -z --stdin [321ms]
2025-10-29 22:12:33.305 [info] > git rev-parse refs/remotes/origin/main [134ms]
2025-10-29 22:12:34.162 [info] > git status -z -uall [565ms]
2025-10-29 22:12:34.162 [info] > git for-each-ref --sort -committerdate --format %(refname)%00%(objectname)%00%(*objectname) [467ms]
2025-10-29 22:12:34.853 [info] > git for-each-ref --format=%(refname)%00%(upstream:short)%00%(objectname)%00%(upstream:track)%00%(upstream:remotename)%00%(upstream:remoteref) refs/heads/main refs/remotes/main [475ms]
2025-10-29 22:12:35.090 [info] > git config --get --local branch.main.vscode-merge-base [154ms]
2025-10-29 22:12:35.090 [warning] [Git][config] git config failed: Failed to execute git
2025-10-29 22:12:35.212 [info] > git config --get commit.template [413ms]
2025-10-29 22:12:36.064 [info] > git reflog main --grep-reflog=branch: Created from *. [880ms]
2025-10-29 22:12:36.145 [info] > git for-each-ref --format=%(refname)%00%(upstream:short)%00%(objectname)%00%(upstream:track)%00%(upstream:remotename)%00%(upstream:remoteref) refs/heads/main refs/remotes/main [134ms]
2025-10-29 22:12:36.231 [warning] [Git][revParse] Unable to read file: ENOENT: no such file or directory, open '/home/modee/devsecops-capstone/.git/refs/remotes/origin/main'
2025-10-29 22:12:36.386 [info] > git symbolic-ref --short refs/remotes/origin/HEAD [263ms]
2025-10-29 22:12:37.032 [info] > git rev-parse refs/remotes/origin/main [801ms]
2025-10-29 22:12:37.349 [info] > git status -z -uall [274ms]
2025-10-29 22:12:37.350 [info] > git for-each-ref --sort -committerdate --format %(refname)%00%(objectname)%00%(*objectname) [194ms]
2025-10-29 22:12:37.775 [info] > git for-each-ref --format=%(refname)%00%(upstream:short)%00%(objectname)%00%(upstream:track)%00%(upstream:remotename)%00%(upstream:remoteref) refs/heads/origin/main refs/remotes/origin/main [1278ms]
2025-10-29 22:12:38.185 [info] > git config --add --local branch.main.vscode-merge-base origin/main [289ms]
2025-10-29 22:12:39.077 [info] > git config --get commit.template [384ms]
2025-10-29 22:12:40.813 [info] > git for-each-ref --format=%(refname)%00%(upstream:short)%00%(objectname)%00%(upstream:track)%00%(upstream:remotename)%00%(upstream:remoteref) refs/heads/main refs/remotes/main [1830ms]
2025-10-29 22:12:41.461 [warning] [Git][revParse] Unable to read file: ENOENT: no such file or directory, open '/home/modee/devsecops-capstone/.git/refs/remotes/origin/main'
2025-10-29 22:12:41.971 [info] > git rev-parse refs/remotes/origin/main [509ms]
2025-10-29 22:12:42.250 [info] > git status -z -uall [221ms]
2025-10-29 22:12:42.250 [info] > git for-each-ref --sort -committerdate --format %(refname)%00%(objectname)%00%(*objectname) [146ms]
2025-10-29 22:12:43.152 [info] > git merge-base refs/heads/main refs/remotes/origin/main [192ms]
2025-10-29 22:12:43.198 [info] > git merge-base refs/heads/main refs/remotes/origin/main [575ms]
2025-10-29 22:12:43.595 [info] > git diff --name-status -z --diff-filter=ADMR 34834cac74e1a1b7fdc45cf37d0455f8b60b18a1...refs/remotes/origin/main [398ms]
2025-10-29 22:12:43.729 [info] > git diff --name-status -z --diff-filter=ADMR 34834cac74e1a1b7fdc45cf37d0455f8b60b18a1...refs/remotes/origin/main [460ms]
2025-10-29 22:13:50.863 [info] > git check-ignore -v -z --stdin [58ms]
2025-10-29 22:13:50.869 [info] > git config --get commit.template [10ms]
2025-10-29 22:13:50.967 [info] > git for-each-ref --format=%(refname)%00%(upstream:short)%00%(objectname)%00%(upstream:track)%00%(upstream:remotename)%00%(upstream:remoteref) refs/heads/main refs/remotes/main [74ms]
2025-10-29 22:13:51.169 [warning] [Git][revParse] Unable to read file: ENOENT: no such file or directory, open '/home/modee/devsecops-capstone/.git/refs/remotes/origin/main'
2025-10-29 22:13:51.211 [info] > git rev-parse refs/remotes/origin/main [43ms]
2025-10-29 22:13:51.417 [info] > git status -z -uall [115ms]
2025-10-29 22:13:51.456 [info] > git for-each-ref --sort -committerdate --format %(refname)%00%(objectname)%00%(*objectname) [44ms]
2025-10-29 22:56:20.008 [info] > git check-ignore -v -z --stdin [63ms]
2025-10-29 23:14:06.866 [info] > git check-ignore -v -z --stdin [4ms]
2025-10-29 23:14:40.646 [info] > git show --textconv :.github/workflows/.ci.yml.swp [22ms]
2025-10-29 23:14:40.675 [info] > git ls-files --stage -- .github/workflows/.ci.yml.swp [30ms]
2025-10-29 23:14:40.684 [info] > git hash-object -t tree /dev/null [10ms]
2025-10-29 23:14:40.685 [warning] [GitFileSystemProvider][readFile] File not found - git:/home/modee/devsecops-capstone/.github/workflows/.ci.yml.swp.git?%7B%22path%22%3A%22%2Fhome%2Fmodee%2Fdevsecops-capstone%2F.github%2Fworkflows%2F.ci.yml.swp%22%2C%22ref%22%3A%22%22%7D
2025-10-29 23:14:40.698 [info] > git hash-object -t tree /dev/null [14ms]
2025-10-29 23:14:40.699 [warning] [GitFileSystemProvider][stat] File not found - git:/home/modee/devsecops-capstone/.github/workflows/.ci.yml.swp.git?%7B%22path%22%3A%22%2Fhome%2Fmodee%2Fdevsecops-capstone%2F.github%2Fworkflows%2F.ci.yml.swp%22%2C%22ref%22%3A%22%22%7D
2025-10-30 00:07:43.977 [info] > git check-ignore -v -z --stdin [10ms]
2025-10-30 00:07:45.275 [info] > git config --get commit.template [13ms]
2025-10-30 00:07:45.325 [info] > git for-each-ref --format=%(refname)%00%(upstream:short)%00%(objectname)%00%(upstream:track)%00%(upstream:remotename)%00%(upstream:remoteref) refs/heads/main refs/remotes/main [10ms]
2025-10-30 00:07:45.349 [warning] [Git][revParse] Unable to read file: ENOENT: no such file or directory, open '/home/modee/devsecops-capstone/.git/refs/remotes/origin/main'
2025-10-30 00:07:45.357 [info] > git rev-parse refs/remotes/origin/main [8ms]
2025-10-30 00:07:45.412 [info] > git status -z -uall [41ms]
2025-10-30 00:07:45.419 [info] > git for-each-ref --sort -committerdate --format %(refname)%00%(objectname)%00%(*objectname) [14ms]
2025-10-30 00:07:49.346 [info] > git show --textconv :isolated_environment.sh [76ms]
2025-10-30 00:07:49.346 [info] > git show --textconv HEAD:isolated_environment.sh [44ms]
2025-10-30 00:07:49.346 [info] > git ls-files --stage -- isolated_environment.sh [20ms]
2025-10-30 00:07:49.369 [warning] [GitFileSystemProvider][readFile] File not found - git:/home/modee/devsecops-capstone/isolated_environment.sh.git?%7B%22path%22%3A%22%2Fhome%2Fmodee%2Fdevsecops-capstone%2Fisolated_environment.sh%22%2C%22ref%22%3A%22HEAD%22%7D
2025-10-30 00:07:49.392 [info] > git cat-file -s 9ca08a54920f25b2e934ae721b47ef42ff0fc475 [26ms]
2025-10-30 00:07:49.394 [info] > git ls-tree -l HEAD -- isolated_environment.sh [49ms]
2025-10-30 00:07:49.395 [warning] [GitFileSystemProvider][stat] File not found - git:/home/modee/devsecops-capstone/isolated_environment.sh.git?%7B%22path%22%3A%22%2Fhome%2Fmodee%2Fdevsecops-capstone%2Fisolated_environment.sh%22%2C%22ref%22%3A%22HEAD%22%7D
2025-10-30 00:28:47.686 [info] > git show --textconv :isolated_environment.sh [243ms]
2025-10-30 00:28:47.699 [info] > git show --textconv HEAD:isolated_environment.sh [156ms]
2025-10-30 00:28:47.701 [info] > git ls-files --stage -- isolated_environment.sh [82ms]
2025-10-30 00:28:47.756 [warning] [GitFileSystemProvider][readFile] File not found - git:/home/modee/devsecops-capstone/isolated_environment.sh.git?%7B%22path%22%3A%22%2Fhome%2Fmodee%2Fdevsecops-capstone%2Fisolated_environment.sh%22%2C%22ref%22%3A%22HEAD%22%7D
2025-10-30 00:28:47.945 [info] > git cat-file -s 9ca08a54920f25b2e934ae721b47ef42ff0fc475 [212ms]
2025-10-30 00:28:47.990 [info] > git ls-tree -l HEAD -- isolated_environment.sh [333ms]
2025-10-30 00:28:47.991 [warning] [GitFileSystemProvider][stat] File not found - git:/home/modee/devsecops-capstone/isolated_environment.sh.git?%7B%22path%22%3A%22%2Fhome%2Fmodee%2Fdevsecops-capstone%2Fisolated_environment.sh%22%2C%22ref%22%3A%22HEAD%22%7D
2025-10-30 00:28:56.936 [info] > git config --get commit.template [244ms]
2025-10-30 00:28:56.976 [info] > git for-each-ref --format=%(refname)%00%(upstream:short)%00%(objectname)%00%(upstream:track)%00%(upstream:remotename)%00%(upstream:remoteref) refs/heads/main refs/remotes/main [83ms]
2025-10-30 00:28:57.136 [warning] [Git][revParse] Unable to read file: ENOENT: no such file or directory, open '/home/modee/devsecops-capstone/.git/refs/remotes/origin/main'
2025-10-30 00:28:57.171 [info] > git rev-parse refs/remotes/origin/main [35ms]
2025-10-30 00:28:57.463 [info] > git status -z -uall [237ms]
2025-10-30 00:28:57.554 [info] > git for-each-ref --sort -committerdate --format %(refname)%00%(objectname)%00%(*objectname) [114ms]
2025-10-30 00:35:09.855 [info] > git check-ignore -v -z --stdin [2221ms]
2025-10-30 00:35:10.080 [info] > git show --textconv :.github/workflows/ci.yml [99ms]
2025-10-30 00:35:10.116 [warning] [GitFileSystemProvider][readFile] File not found - git:/home/modee/devsecops-capstone/.github/workflows/ci.yml.git?%7B%22path%22%3A%22%2Fhome%2Fmodee%2Fdevsecops-capstone%2F.github%2Fworkflows%2Fci.yml%22%2C%22ref%22%3A%22%22%7D
2025-10-30 00:35:10.179 [info] > git ls-files --stage -- .github/workflows/ci.yml [120ms]
2025-10-30 00:35:10.188 [warning] [GitFileSystemProvider][stat] File not found - git:/home/modee/devsecops-capstone/.github/workflows/ci.yml.git?%7B%22path%22%3A%22%2Fhome%2Fmodee%2Fdevsecops-capstone%2F.github%2Fworkflows%2Fci.yml%22%2C%22ref%22%3A%22%22%7D
2025-10-30 00:35:37.622 [info] > git config --get commit.template [295ms]
2025-10-30 00:35:37.633 [info] > git for-each-ref --format=%(refname)%00%(upstream:short)%00%(objectname)%00%(upstream:track)%00%(upstream:remotename)%00%(upstream:remoteref) refs/heads/main refs/remotes/main [35ms]
2025-10-30 00:35:37.692 [warning] [Git][revParse] Unable to read file: ENOENT: no such file or directory, open '/home/modee/devsecops-capstone/.git/refs/remotes/origin/main'
2025-10-30 00:35:37.732 [info] > git rev-parse refs/remotes/origin/main [42ms]
2025-10-30 00:35:38.007 [info] > git status -z -uall [155ms]
2025-10-30 00:35:38.025 [info] > git for-each-ref --sort -committerdate --format %(refname)%00%(objectname)%00%(*objectname) [28ms]
2025-10-30 00:37:06.353 [info] > git config --get commit.template [184ms]
2025-10-30 00:37:06.397 [info] > git for-each-ref --format=%(refname)%00%(upstream:short)%00%(objectname)%00%(upstream:track)%00%(upstream:remotename)%00%(upstream:remoteref) refs/heads/main refs/remotes/main [67ms]
2025-10-30 00:37:06.487 [warning] [Git][revParse] Unable to read file: ENOENT: no such file or directory, open '/home/modee/devsecops-capstone/.git/refs/remotes/origin/main'
2025-10-30 00:37:06.520 [info] > git rev-parse refs/remotes/origin/main [33ms]
2025-10-30 00:37:06.807 [info] > git status -z -uall [218ms]
2025-10-30 00:37:06.808 [info] > git for-each-ref --sort -committerdate --format %(refname)%00%(objectname)%00%(*objectname) [155ms]
2025-10-30 00:37:13.666 [info] > git config --get commit.template [77ms]
2025-10-30 00:37:13.707 [info] > git for-each-ref --format=%(refname)%00%(upstream:short)%00%(objectname)%00%(upstream:track)%00%(upstream:remotename)%00%(upstream:remoteref) refs/heads/main refs/remotes/main [44ms]
2025-10-30 00:37:13.888 [warning] [Git][revParse] Unable to read file: ENOENT: no such file or directory, open '/home/modee/devsecops-capstone/.git/refs/remotes/origin/main'
2025-10-30 00:37:13.948 [info] > git rev-parse refs/remotes/origin/main [52ms]
2025-10-30 00:37:14.198 [info] > git status -z -uall [122ms]
2025-10-30 00:37:14.305 [info] > git for-each-ref --sort -committerdate --format %(refname)%00%(objectname)%00%(*objectname) [134ms]
2025-10-30 00:38:05.210 [info] > git for-each-ref --format=%(refname)%00%(upstream:short)%00%(objectname)%00%(upstream:track)%00%(upstream:remotename)%00%(upstream:remoteref) refs/heads/main refs/remotes/main [2ms]
2025-10-30 00:38:05.210 [info] > git config --get commit.template [39ms]
2025-10-30 00:38:05.245 [warning] [Git][revParse] Unable to read file: ENOENT: no such file or directory, open '/home/modee/devsecops-capstone/.git/refs/remotes/origin/main'
2025-10-30 00:38:05.263 [info] > git rev-parse refs/remotes/origin/main [18ms]
2025-10-30 00:38:05.421 [info] > git status -z -uall [94ms]
2025-10-30 00:38:05.434 [info] > git for-each-ref --sort -committerdate --format %(refname)%00%(objectname)%00%(*objectname) [19ms]
2025-10-30 00:39:16.452 [info] > git show --textconv :.github/workflows/ci.yml [136ms]
2025-10-30 00:39:16.454 [warning] [GitFileSystemProvider][readFile] File not found - git:/home/modee/devsecops-capstone/.github/workflows/ci.yml.git?%7B%22path%22%3A%22%2Fhome%2Fmodee%2Fdevsecops-capstone%2F.github%2Fworkflows%2Fci.yml%22%2C%22ref%22%3A%22%22%7D
2025-10-30 00:39:16.469 [info] > git ls-files --stage -- .github/workflows/ci.yml [38ms]
2025-10-30 00:39:16.470 [warning] [GitFileSystemProvider][stat] File not found - git:/home/modee/devsecops-capstone/.github/workflows/ci.yml.git?%7B%22path%22%3A%22%2Fhome%2Fmodee%2Fdevsecops-capstone%2F.github%2Fworkflows%2Fci.yml%22%2C%22ref%22%3A%22%22%7D
2025-10-30 00:39:34.298 [info] > git blame --root --incremental 34834cac74e1a1b7fdc45cf37d0455f8b60b18a1 -- .github/workflows/ci.yml [100ms]
2025-10-30 00:39:34.298 [info] fatal: no such path .github/workflows/ci.yml in 34834cac74e1a1b7fdc45cf37d0455f8b60b18a1
2025-10-30 00:40:12.975 [info] > git config --get commit.template [79ms]
2025-10-30 00:40:13.065 [info] > git for-each-ref --format=%(refname)%00%(upstream:short)%00%(objectname)%00%(upstream:track)%00%(upstream:remotename)%00%(upstream:remoteref) refs/heads/main refs/remotes/main [8ms]
2025-10-30 00:40:13.104 [warning] [Git][revParse] Unable to read file: ENOENT: no such file or directory, open '/home/modee/devsecops-capstone/.git/refs/remotes/origin/main'
2025-10-30 00:40:13.112 [info] > git rev-parse refs/remotes/origin/main [9ms]
2025-10-30 00:40:13.332 [info] > git status -z -uall [179ms]
2025-10-30 00:40:13.392 [info] > git for-each-ref --sort -committerdate --format %(refname)%00%(objectname)%00%(*objectname) [115ms]
2025-10-30 00:40:13.505 [info] > git check-ignore -v -z --stdin [48ms]
2025-10-30 00:43:14.276 [info] > git config --get commit.template [46ms]
2025-10-30 00:43:14.290 [info] > git for-each-ref --format=%(refname)%00%(upstream:short)%00%(objectname)%00%(upstream:track)%00%(upstream:remotename)%00%(upstream:remoteref) refs/heads/main refs/remotes/main [18ms]
2025-10-30 00:43:14.332 [warning] [Git][revParse] Unable to read file: ENOENT: no such file or directory, open '/home/modee/devsecops-capstone/.git/refs/remotes/origin/main'
2025-10-30 00:43:14.345 [info] > git rev-parse refs/remotes/origin/main [13ms]
2025-10-30 00:43:14.426 [info] > git status -z -uall [52ms]
2025-10-30 00:43:14.441 [info] > git for-each-ref --sort -committerdate --format %(refname)%00%(objectname)%00%(*objectname) [23ms]
2025-10-30 00:43:54.429 [info] > git config --get commit.template [79ms]
2025-10-30 00:43:54.430 [info] > git for-each-ref --format=%(refname)%00%(upstream:short)%00%(objectname)%00%(upstream:track)%00%(upstream:remotename)%00%(upstream:remoteref) refs/heads/main refs/remotes/main [2ms]
2025-10-30 00:43:54.475 [warning] [Git][revParse] Unable to read file: ENOENT: no such file or directory, open '/home/modee/devsecops-capstone/.git/refs/remotes/origin/main'
2025-10-30 00:43:54.482 [info] > git rev-parse refs/remotes/origin/main [7ms]
2025-10-30 00:43:54.601 [info] > git status -z -uall [103ms]
2025-10-30 00:43:54.602 [info] > git for-each-ref --sort -committerdate --format %(refname)%00%(objectname)%00%(*objectname) [57ms]
2025-10-30 00:46:51.679 [info] > git config --get commit.template [32ms]
2025-10-30 00:46:51.772 [info] > git for-each-ref --format=%(refname)%00%(upstream:short)%00%(objectname)%00%(upstream:track)%00%(upstream:remotename)%00%(upstream:remoteref) refs/heads/main refs/remotes/main [20ms]
2025-10-30 00:46:51.859 [warning] [Git][revParse] Unable to read file: ENOENT: no such file or directory, open '/home/modee/devsecops-capstone/.git/refs/remotes/origin/main'
2025-10-30 00:46:51.870 [info] > git rev-parse refs/remotes/origin/main [11ms]
2025-10-30 00:46:52.185 [info] > git status -z -uall [200ms]
2025-10-30 00:46:52.209 [info] > git for-each-ref --sort -committerdate --format %(refname)%00%(objectname)%00%(*objectname) [169ms]
2025-10-30 00:46:52.504 [info] > git show --textconv :.github/workflows/ci.yml [46ms]
2025-10-30 00:46:52.516 [warning] [GitFileSystemProvider][readFile] File not found - git:/home/modee/devsecops-capstone/.github/workflows/ci.yml.git?%7B%22path%22%3A%22%2Fhome%2Fmodee%2Fdevsecops-capstone%2F.github%2Fworkflows%2Fci.yml%22%2C%22ref%22%3A%22%22%7D
2025-10-30 00:46:52.533 [info] > git ls-files --stage -- .github/workflows/ci.yml [34ms]
2025-10-30 00:46:52.537 [warning] [GitFileSystemProvider][stat] File not found - git:/home/modee/devsecops-capstone/.github/workflows/ci.yml.git?%7B%22path%22%3A%22%2Fhome%2Fmodee%2Fdevsecops-capstone%2F.github%2Fworkflows%2Fci.yml%22%2C%22ref%22%3A%22%22%7D
2025-10-30 00:47:51.650 [info] > git config --get commit.template [171ms]
2025-10-30 00:47:51.735 [info] > git for-each-ref --format=%(refname)%00%(upstream:short)%00%(objectname)%00%(upstream:track)%00%(upstream:remotename)%00%(upstream:remoteref) refs/heads/main refs/remotes/main [107ms]
2025-10-30 00:47:51.862 [warning] [Git][revParse] Unable to read file: ENOENT: no such file or directory, open '/home/modee/devsecops-capstone/.git/refs/remotes/origin/main'
2025-10-30 00:47:51.874 [info] > git rev-parse refs/remotes/origin/main [13ms]
2025-10-30 00:47:52.058 [info] > git status -z -uall [126ms]
2025-10-30 00:47:52.070 [info] > git for-each-ref --sort -committerdate --format %(refname)%00%(objectname)%00%(*objectname) [15ms]
2025-10-30 00:48:01.985 [info] > git config --get commit.template [50ms]
2025-10-30 00:48:01.999 [info] > git for-each-ref --format=%(refname)%00%(upstream:short)%00%(objectname)%00%(upstream:track)%00%(upstream:remotename)%00%(upstream:remoteref) refs/heads/main refs/remotes/main [16ms]
2025-10-30 00:48:02.032 [warning] [Git][revParse] Unable to read file: ENOENT: no such file or directory, open '/home/modee/devsecops-capstone/.git/refs/remotes/origin/main'
2025-10-30 00:48:02.099 [info] > git rev-parse refs/remotes/origin/main [67ms]
2025-10-30 00:48:02.408 [info] > git status -z -uall [261ms]
2025-10-30 00:48:02.408 [info] > git for-each-ref --sort -committerdate --format %(refname)%00%(objectname)%00%(*objectname) [205ms]
2025-10-30 00:48:04.792 [info] > git show --textconv :isolated_environment.sh [272ms]
2025-10-30 00:48:04.792 [info] > git show --textconv HEAD:isolated_environment.sh [158ms]
2025-10-30 00:48:04.792 [info] > git ls-files --stage -- isolated_environment.sh [43ms]
2025-10-30 00:48:04.895 [warning] [GitFileSystemProvider][readFile] File not found - git:/home/modee/devsecops-capstone/isolated_environment.sh.git?%7B%22path%22%3A%22%2Fhome%2Fmodee%2Fdevsecops-capstone%2Fisolated_environment.sh%22%2C%22ref%22%3A%22HEAD%22%7D
2025-10-30 00:48:04.967 [info] > git cat-file -s 9ca08a54920f25b2e934ae721b47ef42ff0fc475 [124ms]
2025-10-30 00:48:04.978 [info] > git ls-tree -l HEAD -- isolated_environment.sh [187ms]
2025-10-30 00:48:04.987 [warning] [GitFileSystemProvider][stat] File not found - git:/home/modee/devsecops-capstone/isolated_environment.sh.git?%7B%22path%22%3A%22%2Fhome%2Fmodee%2Fdevsecops-capstone%2Fisolated_environment.sh%22%2C%22ref%22%3A%22HEAD%22%7D
2025-10-30 00:48:19.850 [info] > git for-each-ref --format=%(refname)%00%(upstream:short)%00%(objectname)%00%(upstream:track)%00%(upstream:remotename)%00%(upstream:remoteref) refs/heads/main refs/remotes/main [94ms]
2025-10-30 00:48:19.851 [info] > git config --get commit.template [316ms]
2025-10-30 00:48:19.889 [warning] [Git][revParse] Unable to read file: ENOENT: no such file or directory, open '/home/modee/devsecops-capstone/.git/refs/remotes/origin/main'
2025-10-30 00:48:19.914 [info] > git rev-parse refs/remotes/origin/main [25ms]
2025-10-30 00:48:19.977 [info] > git status -z -uall [39ms]
2025-10-30 00:48:19.985 [info] > git for-each-ref --sort -committerdate --format %(refname)%00%(objectname)%00%(*objectname) [10ms]
2025-10-30 00:48:28.013 [info] > git config --get commit.template [120ms]
2025-10-30 00:48:28.021 [info] > git for-each-ref --format=%(refname)%00%(upstream:short)%00%(objectname)%00%(upstream:track)%00%(upstream:remotename)%00%(upstream:remoteref) refs/heads/main refs/remotes/main [13ms]
2025-10-30 00:48:28.081 [warning] [Git][revParse] Unable to read file: ENOENT: no such file or directory, open '/home/modee/devsecops-capstone/.git/refs/remotes/origin/main'
2025-10-30 00:48:28.122 [info] > git rev-parse refs/remotes/origin/main [41ms]
2025-10-30 00:48:28.401 [info] > git status -z -uall [89ms]
2025-10-30 00:48:28.419 [info] > git for-each-ref --sort -committerdate --format %(refname)%00%(objectname)%00%(*objectname) [25ms]
2025-10-30 00:50:31.224 [info] > git config --get commit.template [48ms]
2025-10-30 00:50:31.248 [info] > git for-each-ref --format=%(refname)%00%(upstream:short)%00%(objectname)%00%(upstream:track)%00%(upstream:remotename)%00%(upstream:remoteref) refs/heads/main refs/remotes/main [25ms]
2025-10-30 00:50:31.290 [warning] [Git][revParse] Unable to read file: ENOENT: no such file or directory, open '/home/modee/devsecops-capstone/.git/refs/remotes/origin/main'
2025-10-30 00:50:31.305 [info] > git rev-parse refs/remotes/origin/main [16ms]
2025-10-30 00:50:31.393 [info] > git status -z -uall [52ms]
2025-10-30 00:50:31.403 [info] > git for-each-ref --sort -committerdate --format %(refname)%00%(objectname)%00%(*objectname) [13ms]
2025-10-30 00:51:43.195 [info] > git show --textconv :.github/workflows/ci.yml [86ms]
2025-10-30 00:51:43.200 [warning] [GitFileSystemProvider][readFile] File not found - git:/home/modee/devsecops-capstone/.github/workflows/ci.yml.git?%7B%22path%22%3A%22%2Fhome%2Fmodee%2Fdevsecops-capstone%2F.github%2Fworkflows%2Fci.yml%22%2C%22ref%22%3A%22%22%7D
2025-10-30 00:51:43.210 [info] > git ls-files --stage -- .github/workflows/ci.yml [18ms]
2025-10-30 00:51:43.211 [warning] [GitFileSystemProvider][stat] File not found - git:/home/modee/devsecops-capstone/.github/workflows/ci.yml.git?%7B%22path%22%3A%22%2Fhome%2Fmodee%2Fdevsecops-capstone%2F.github%2Fworkflows%2Fci.yml%22%2C%22ref%22%3A%22%22%7D
2025-10-30 00:53:43.352 [info] > git config --get commit.template [7ms]
2025-10-30 00:53:43.430 [info] > git for-each-ref --format=%(refname)%00%(upstream:short)%00%(objectname)%00%(upstream:track)%00%(upstream:remotename)%00%(upstream:remoteref) refs/heads/main refs/remotes/main [17ms]
2025-10-30 00:53:43.477 [warning] [Git][revParse] Unable to read file: ENOENT: no such file or directory, open '/home/modee/devsecops-capstone/.git/refs/remotes/origin/main'
2025-10-30 00:53:43.507 [info] > git rev-parse refs/remotes/origin/main [30ms]
2025-10-30 00:53:43.858 [info] > git status -z -uall [324ms]
2025-10-30 00:53:43.859 [info] > git for-each-ref --sort -committerdate --format %(refname)%00%(objectname)%00%(*objectname) [196ms]
2025-10-30 00:53:59.843 [info] > git for-each-ref --format=%(refname)%00%(upstream:short)%00%(objectname)%00%(upstream:track)%00%(upstream:remotename)%00%(upstream:remoteref) refs/heads/main refs/remotes/main [38ms]
2025-10-30 00:53:59.843 [info] > git config --get commit.template [144ms]
2025-10-30 00:53:59.883 [warning] [Git][revParse] Unable to read file: ENOENT: no such file or directory, open '/home/modee/devsecops-capstone/.git/refs/remotes/origin/main'
2025-10-30 00:53:59.994 [info] > git rev-parse refs/remotes/origin/main [111ms]
2025-10-30 00:54:00.177 [info] > git status -z -uall [86ms]
2025-10-30 00:54:00.193 [info] > git for-each-ref --sort -committerdate --format %(refname)%00%(objectname)%00%(*objectname) [24ms]
2025-10-31 15:07:02.285 [info] > git show --textconv :isolated_environment.sh [163ms]
2025-10-31 15:07:02.286 [info] > git show --textconv HEAD:isolated_environment.sh [136ms]
2025-10-31 15:07:02.307 [info] > git ls-files --stage -- isolated_environment.sh [123ms]
2025-10-31 15:07:02.402 [warning] [GitFileSystemProvider][readFile] File not found - git:/home/modee/devsecops-capstone/isolated_environment.sh.git?%7B%22path%22%3A%22%2Fhome%2Fmodee%2Fdevsecops-capstone%2Fisolated_environment.sh%22%2C%22ref%22%3A%22HEAD%22%7D
2025-10-31 15:07:02.407 [info] > git cat-file -s 9ca08a54920f25b2e934ae721b47ef42ff0fc475 [49ms]
2025-10-31 15:07:02.409 [info] > git ls-tree -l HEAD -- isolated_environment.sh [142ms]
2025-10-31 15:07:02.411 [warning] [GitFileSystemProvider][stat] File not found - git:/home/modee/devsecops-capstone/isolated_environment.sh.git?%7B%22path%22%3A%22%2Fhome%2Fmodee%2Fdevsecops-capstone%2Fisolated_environment.sh%22%2C%22ref%22%3A%22HEAD%22%7D
2025-10-31 15:26:44.029 [info] > git config --get commit.template [276ms]
2025-10-31 15:26:44.103 [info] > git for-each-ref --format=%(refname)%00%(upstream:short)%00%(objectname)%00%(upstream:track)%00%(upstream:remotename)%00%(upstream:remoteref) refs/heads/main refs/remotes/main [106ms]
2025-10-31 15:26:44.157 [warning] [Git][revParse] Unable to read file: ENOENT: no such file or directory, open '/home/modee/devsecops-capstone/.git/refs/remotes/origin/main'
2025-10-31 15:26:44.183 [info] > git rev-parse refs/remotes/origin/main [25ms]
2025-10-31 15:26:44.235 [info] > git status -z -uall [27ms]
2025-10-31 15:26:44.247 [info] > git for-each-ref --sort -committerdate --format %(refname)%00%(objectname)%00%(*objectname) [13ms]
2025-10-31 15:27:46.359 [info] > git for-each-ref --format=%(refname)%00%(upstream:short)%00%(objectname)%00%(upstream:track)%00%(upstream:remotename)%00%(upstream:remoteref) refs/heads/main refs/remotes/main [11ms]
2025-10-31 15:27:46.360 [info] > git config --get commit.template [72ms]
2025-10-31 15:27:46.404 [warning] [Git][revParse] Unable to read file: ENOENT: no such file or directory, open '/home/modee/devsecops-capstone/.git/refs/remotes/origin/main'
2025-10-31 15:27:46.416 [info] > git rev-parse refs/remotes/origin/main [12ms]
2025-10-31 15:27:46.527 [info] > git status -z -uall [54ms]
2025-10-31 15:27:46.535 [info] > git for-each-ref --sort -committerdate --format %(refname)%00%(objectname)%00%(*objectname) [19ms]
2025-10-31 15:27:46.707 [info] > git config --get commit.template [77ms]
2025-10-31 15:27:46.709 [info] > git for-each-ref --format=%(refname)%00%(upstream:short)%00%(objectname)%00%(upstream:track)%00%(upstream:remotename)%00%(upstream:remoteref) refs/heads/main refs/remotes/main [16ms]
2025-10-31 15:27:46.763 [warning] [Git][revParse] Unable to read file: ENOENT: no such file or directory, open '/home/modee/devsecops-capstone/.git/refs/remotes/origin/main'
2025-10-31 15:27:46.784 [info] > git rev-parse refs/remotes/origin/main [21ms]
2025-10-31 15:27:46.929 [info] > git status -z -uall [58ms]
2025-10-31 15:27:46.936 [info] > git for-each-ref --sort -committerdate --format %(refname)%00%(objectname)%00%(*objectname) [15ms]
2025-10-31 15:27:47.142 [info] > git show --textconv :automate_minimal_fs.sh [99ms]
2025-10-31 15:27:47.142 [info] > git show --textconv HEAD:automate_minimal_fs.sh [60ms]
2025-10-31 15:27:47.142 [info] > git ls-files --stage -- automate_minimal_fs.sh [31ms]
2025-10-31 15:27:47.169 [warning] [GitFileSystemProvider][readFile] File not found - git:/home/modee/devsecops-capstone/automate_minimal_fs.sh.git?%7B%22path%22%3A%22%2Fhome%2Fmodee%2Fdevsecops-capstone%2Fautomate_minimal_fs.sh%22%2C%22ref%22%3A%22HEAD%22%7D
2025-10-31 15:27:47.182 [info] > git cat-file -s a55bd41baba4f9be742a001df4b8bd6fb546dd6c [16ms]
2025-10-31 15:27:47.184 [info] > git ls-tree -l HEAD -- automate_minimal_fs.sh [45ms]
2025-10-31 15:27:47.187 [warning] [GitFileSystemProvider][stat] File not found - git:/home/modee/devsecops-capstone/automate_minimal_fs.sh.git?%7B%22path%22%3A%22%2Fhome%2Fmodee%2Fdevsecops-capstone%2Fautomate_minimal_fs.sh%22%2C%22ref%22%3A%22HEAD%22%7D
2025-10-31 15:27:47.362 [info] > git blame --root --incremental 34834cac74e1a1b7fdc45cf37d0455f8b60b18a1 -- automate_minimal_fs.sh [42ms]
2025-10-31 15:27:47.362 [info] fatal: no such path automate_minimal_fs.sh in 34834cac74e1a1b7fdc45cf37d0455f8b60b18a1
2025-10-31 15:28:29.785 [info] > git config --get commit.template [76ms]
2025-10-31 15:28:29.819 [info] > git for-each-ref --format=%(refname)%00%(upstream:short)%00%(objectname)%00%(upstream:track)%00%(upstream:remotename)%00%(upstream:remoteref) refs/heads/main refs/remotes/main [31ms]
2025-10-31 15:28:29.878 [warning] [Git][revParse] Unable to read file: ENOENT: no such file or directory, open '/home/modee/devsecops-capstone/.git/refs/remotes/origin/main'
2025-10-31 15:28:29.935 [info] > git rev-parse refs/remotes/origin/main [57ms]
2025-10-31 15:28:30.040 [info] > git status -z -uall [69ms]
2025-10-31 15:28:30.095 [info] > git for-each-ref --sort -committerdate --format %(refname)%00%(objectname)%00%(*objectname) [58ms]
2025-10-31 15:29:43.356 [info] > git config --get commit.template [48ms]
2025-10-31 15:29:43.390 [info] > git for-each-ref --format=%(refname)%00%(upstream:short)%00%(objectname)%00%(upstream:track)%00%(upstream:remotename)%00%(upstream:remoteref) refs/heads/main refs/remotes/main [42ms]
2025-10-31 15:29:43.436 [warning] [Git][revParse] Unable to read file: ENOENT: no such file or directory, open '/home/modee/devsecops-capstone/.git/refs/remotes/origin/main'
2025-10-31 15:29:43.454 [info] > git rev-parse refs/remotes/origin/main [18ms]
2025-10-31 15:29:43.519 [info] > git status -z -uall [29ms]
2025-10-31 15:29:43.548 [info] > git for-each-ref --sort -committerdate --format %(refname)%00%(objectname)%00%(*objectname) [33ms]
2025-10-31 15:29:43.862 [info] > git merge-base refs/heads/main refs/remotes/origin/main [62ms]
2025-10-31 15:29:43.907 [info] > git blame --root --incremental 9e70887a722af7352589b29af2f628535b6f9fd0 -- automate_minimal_fs.sh [207ms]
2025-10-31 15:29:44.026 [info] > git diff --name-status -z --diff-filter=ADMR 34834cac74e1a1b7fdc45cf37d0455f8b60b18a1...refs/remotes/origin/main [105ms]
2025-10-31 15:29:44.412 [info] > git config --get commit.template [241ms]
2025-10-31 15:29:44.752 [info] > git for-each-ref --format=%(refname)%00%(upstream:short)%00%(objectname)%00%(upstream:track)%00%(upstream:remotename)%00%(upstream:remoteref) refs/heads/main refs/remotes/main [219ms]
2025-10-31 15:29:44.802 [warning] [Git][revParse] Unable to read file: ENOENT: no such file or directory, open '/home/modee/devsecops-capstone/.git/refs/remotes/origin/main'
2025-10-31 15:29:44.810 [info] > git ls-files --stage -- automate_minimal_fs.sh [59ms]
2025-10-31 15:29:44.842 [info] > git rev-parse refs/remotes/origin/main [40ms]
2025-10-31 15:29:44.963 [info] > git status -z -uall [98ms]
2025-10-31 15:29:44.980 [info] > git cat-file -s a55bd41baba4f9be742a001df4b8bd6fb546dd6c [141ms]
2025-10-31 15:29:44.997 [info] > git for-each-ref --sort -committerdate --format %(refname)%00%(objectname)%00%(*objectname) [69ms]
2025-10-31 15:29:45.067 [info] > git show --textconv :automate_minimal_fs.sh [11ms]
2025-10-31 15:33:24.275 [info] > git config --get commit.template [33ms]
2025-10-31 15:33:24.324 [info] > git for-each-ref --format=%(refname)%00%(upstream:short)%00%(objectname)%00%(upstream:track)%00%(upstream:remotename)%00%(upstream:remoteref) refs/heads/main refs/remotes/main [52ms]
2025-10-31 15:33:24.412 [warning] [Git][revParse] Unable to read file: ENOENT: no such file or directory, open '/home/modee/devsecops-capstone/.git/refs/remotes/origin/main'
2025-10-31 15:33:24.429 [info] > git rev-parse refs/remotes/origin/main [35ms]
2025-10-31 15:33:24.522 [info] > git status -z -uall [61ms]
2025-10-31 15:33:24.631 [info] > git for-each-ref --sort -committerdate --format %(refname)%00%(objectname)%00%(*objectname) [135ms]
2025-10-31 15:33:25.348 [info] > git config --get commit.template [71ms]
2025-10-31 15:33:25.473 [info] > git for-each-ref --format=%(refname)%00%(upstream:short)%00%(objectname)%00%(upstream:track)%00%(upstream:remotename)%00%(upstream:remoteref) refs/heads/main refs/remotes/main [137ms]
2025-10-31 15:33:25.515 [warning] [Git][revParse] Unable to read file: ENOENT: no such file or directory, open '/home/modee/devsecops-capstone/.git/refs/remotes/origin/main'
2025-10-31 15:33:25.518 [info] > git ls-files --stage -- automate_minimal_fs.sh [48ms]
2025-10-31 15:33:25.549 [info] > git rev-parse refs/remotes/origin/main [34ms]
2025-10-31 15:33:25.732 [info] > git status -z -uall [97ms]
2025-10-31 15:33:25.733 [info] > git cat-file -s a55bd41baba4f9be742a001df4b8bd6fb546dd6c [187ms]
2025-10-31 15:33:25.804 [info] > git for-each-ref --sort -committerdate --format %(refname)%00%(objectname)%00%(*objectname) [86ms]
2025-10-31 15:33:25.841 [info] > git show --textconv :automate_minimal_fs.sh [38ms]
2025-10-31 15:33:48.147 [info] > git config --get commit.template [98ms]
2025-10-31 15:33:48.157 [info] > git for-each-ref --format=%(refname)%00%(upstream:short)%00%(objectname)%00%(upstream:track)%00%(upstream:remotename)%00%(upstream:remoteref) refs/heads/main refs/remotes/main [13ms]
2025-10-31 15:33:48.444 [info] > git status -z -uall [218ms]
2025-10-31 15:33:48.444 [info] > git for-each-ref --sort -committerdate --format %(refname)%00%(objectname)%00%(*objectname) [98ms]
2025-10-31 15:33:48.828 [info] > git merge-base refs/heads/main refs/remotes/origin/main [95ms]
2025-10-31 15:33:48.969 [info] > git diff --name-status -z --diff-filter=ADMR 9e70887a722af7352589b29af2f628535b6f9fd0...refs/remotes/origin/main [56ms]
2025-10-31 15:33:49.146 [info] > git config --get commit.template [179ms]
2025-10-31 15:33:49.194 [info] > git for-each-ref --format=%(refname)%00%(upstream:short)%00%(objectname)%00%(upstream:track)%00%(upstream:remotename)%00%(upstream:remoteref) refs/heads/main refs/remotes/main [50ms]
2025-10-31 15:33:49.275 [info] > git status -z -uall [39ms]
2025-10-31 15:33:49.275 [info] > git ls-files --stage -- automate_minimal_fs.sh [83ms]
2025-10-31 15:33:49.313 [info] > git for-each-ref --sort -committerdate --format %(refname)%00%(objectname)%00%(*objectname) [40ms]
2025-10-31 15:33:49.333 [info] > git cat-file -s a55bd41baba4f9be742a001df4b8bd6fb546dd6c [22ms]
2025-10-31 15:33:49.427 [info] > git show --textconv :automate_minimal_fs.sh [12ms]
2025-10-31 15:35:38.856 [info] > git config --get commit.template [211ms]
2025-10-31 15:35:38.892 [info] > git for-each-ref --format=%(refname)%00%(upstream:short)%00%(objectname)%00%(upstream:track)%00%(upstream:remotename)%00%(upstream:remoteref) refs/heads/main refs/remotes/main [42ms]
2025-10-31 15:35:39.103 [info] > git status -z -uall [67ms]
2025-10-31 15:35:39.135 [info] > git for-each-ref --sort -committerdate --format %(refname)%00%(objectname)%00%(*objectname) [55ms]
2025-10-31 15:40:21.060 [info] > git config --get commit.template [38ms]
2025-10-31 15:40:21.068 [info] > git for-each-ref --format=%(refname)%00%(upstream:short)%00%(objectname)%00%(upstream:track)%00%(upstream:remotename)%00%(upstream:remoteref) refs/heads/main refs/remotes/main [16ms]
2025-10-31 15:40:21.122 [info] > git status -z -uall [28ms]
2025-10-31 15:40:21.133 [info] > git for-each-ref --sort -committerdate --format %(refname)%00%(objectname)%00%(*objectname) [13ms]
2025-10-31 15:40:34.105 [info] > git config --get commit.template [108ms]
2025-10-31 15:40:34.162 [info] > git for-each-ref --format=%(refname)%00%(upstream:short)%00%(objectname)%00%(upstream:track)%00%(upstream:remotename)%00%(upstream:remoteref) refs/heads/main refs/remotes/main [62ms]
2025-10-31 15:40:34.301 [info] > git status -z -uall [57ms]
2025-10-31 15:40:34.320 [info] > git for-each-ref --sort -committerdate --format %(refname)%00%(objectname)%00%(*objectname) [23ms]
2025-10-31 15:40:38.969 [info] > git check-ignore -v -z --stdin [11ms]
2025-10-31 15:40:39.415 [info] > git config --get commit.template [40ms]
2025-10-31 15:40:39.426 [info] > git for-each-ref --format=%(refname)%00%(upstream:short)%00%(objectname)%00%(upstream:track)%00%(upstream:remotename)%00%(upstream:remoteref) refs/heads/main refs/remotes/main [14ms]
2025-10-31 15:40:39.511 [info] > git status -z -uall [44ms]
2025-10-31 15:40:39.522 [info] > git for-each-ref --sort -committerdate --format %(refname)%00%(objectname)%00%(*objectname) [13ms]
2025-10-31 15:44:18.966 [info] > git config --get commit.template [85ms]
2025-10-31 15:44:18.997 [info] > git for-each-ref --format=%(refname)%00%(upstream:short)%00%(objectname)%00%(upstream:track)%00%(upstream:remotename)%00%(upstream:remoteref) refs/heads/main refs/remotes/main [38ms]
2025-10-31 15:44:19.119 [info] > git status -z -uall [58ms]
2025-10-31 15:44:19.134 [info] > git for-each-ref --sort -committerdate --format %(refname)%00%(objectname)%00%(*objectname) [22ms]
2025-10-31 15:44:25.142 [info] > git config --get commit.template [122ms]
2025-10-31 15:44:25.152 [info] > git for-each-ref --format=%(refname)%00%(upstream:short)%00%(objectname)%00%(upstream:track)%00%(upstream:remotename)%00%(upstream:remoteref) refs/heads/main refs/remotes/main [13ms]
2025-10-31 15:44:25.237 [info] > git status -z -uall [61ms]
2025-10-31 15:44:25.254 [info] > git for-each-ref --sort -committerdate --format %(refname)%00%(objectname)%00%(*objectname) [18ms]
2025-10-31 15:44:32.871 [info] > git config --get commit.template [79ms]
2025-10-31 15:44:32.897 [info] > git for-each-ref --format=%(refname)%00%(upstream:short)%00%(objectname)%00%(upstream:track)%00%(upstream:remotename)%00%(upstream:remoteref) refs/heads/main refs/remotes/main [29ms]
2025-10-31 15:44:33.088 [info] > git status -z -uall [131ms]
2025-10-31 15:44:33.227 [info] > git for-each-ref --sort -committerdate --format %(refname)%00%(objectname)%00%(*objectname) [149ms]
2025-10-31 16:19:29.374 [info] > git config --get commit.template [99ms]
2025-10-31 16:19:29.378 [info] > git for-each-ref --format=%(refname)%00%(upstream:short)%00%(objectname)%00%(upstream:track)%00%(upstream:remotename)%00%(upstream:remoteref) refs/heads/main refs/remotes/main [33ms]
2025-10-31 16:19:29.585 [info] > git status -z -uall [98ms]
2025-10-31 16:19:29.595 [info] > git for-each-ref --sort -committerdate --format %(refname)%00%(objectname)%00%(*objectname) [13ms]
2025-10-31 16:19:38.164 [info] > git for-each-ref --format=%(refname)%00%(upstream:short)%00%(objectname)%00%(upstream:track)%00%(upstream:remotename)%00%(upstream:remoteref) refs/heads/main refs/remotes/main [112ms]
2025-10-31 16:19:38.165 [info] > git config --get commit.template [176ms]
2025-10-31 16:19:38.385 [info] > git status -z -uall [132ms]
2025-10-31 16:19:38.411 [info] > git for-each-ref --sort -committerdate --format %(refname)%00%(objectname)%00%(*objectname) [46ms]
2025-10-31 16:24:38.505 [info] > git show --textconv :isolated_environment.sh [102ms]
2025-10-31 16:24:38.536 [info] > git ls-files --stage -- isolated_environment.sh [33ms]
2025-10-31 16:24:38.642 [info] > git cat-file -s 9ca08a54920f25b2e934ae721b47ef42ff0fc475 [70ms]
2025-10-31 16:24:52.457 [info] > git show --textconv :automate_minimal_fs.sh [68ms]
2025-10-31 16:24:52.507 [info] > git ls-files --stage -- automate_minimal_fs.sh [52ms]
2025-10-31 16:24:52.621 [info] > git cat-file -s a55bd41baba4f9be742a001df4b8bd6fb546dd6c [48ms]
2025-11-02 22:19:37.714 [info] > git config --get commit.template [98ms]
2025-11-02 22:19:37.807 [info] > git for-each-ref --format=%(refname)%00%(upstream:short)%00%(objectname)%00%(upstream:track)%00%(upstream:remotename)%00%(upstream:remoteref) refs/heads/main refs/remotes/main [123ms]
2025-11-02 22:19:38.314 [info] > git status -z -uall [204ms]
2025-11-02 22:19:38.314 [info] > git for-each-ref --sort -committerdate --format %(refname)%00%(objectname)%00%(*objectname) [55ms]
2025-11-02 22:19:38.870 [info] > git check-ignore -v -z --stdin [67ms]
2025-11-02 22:19:43.826 [info] > git config --get commit.template [263ms]
2025-11-02 22:19:43.828 [info] > git for-each-ref --format=%(refname)%00%(upstream:short)%00%(objectname)%00%(upstream:track)%00%(upstream:remotename)%00%(upstream:remoteref) refs/heads/main refs/remotes/main [32ms]
2025-11-02 22:19:43.995 [info] > git status -z -uall [85ms]
2025-11-02 22:19:44.010 [info] > git for-each-ref --sort -committerdate --format %(refname)%00%(objectname)%00%(*objectname) [22ms]
2025-11-02 22:21:19.292 [info] > git config --get commit.template [52ms]
2025-11-02 22:21:19.363 [info] > git for-each-ref --format=%(refname)%00%(upstream:short)%00%(objectname)%00%(upstream:track)%00%(upstream:remotename)%00%(upstream:remoteref) refs/heads/main refs/remotes/main [9ms]
2025-11-02 22:21:19.560 [info] > git status -z -uall [125ms]
2025-11-02 22:21:19.587 [info] > git for-each-ref --sort -committerdate --format %(refname)%00%(objectname)%00%(*objectname) [37ms]
2025-11-02 22:38:37.061 [info] > git check-ignore -v -z --stdin [43ms]
2025-11-02 22:38:37.610 [info] > git for-each-ref --format=%(refname)%00%(upstream:short)%00%(objectname)%00%(upstream:track)%00%(upstream:remotename)%00%(upstream:remoteref) refs/heads/main refs/remotes/main [51ms]
2025-11-02 22:38:37.612 [info] > git config --get commit.template [150ms]
2025-11-02 22:38:37.870 [info] > git status -z -uall [138ms]
2025-11-02 22:38:37.908 [info] > git for-each-ref --sort -committerdate --format %(refname)%00%(objectname)%00%(*objectname) [67ms]
2025-11-02 22:38:43.279 [info] > git config --get commit.template [95ms]
2025-11-02 22:38:43.482 [info] > git for-each-ref --format=%(refname)%00%(upstream:short)%00%(objectname)%00%(upstream:track)%00%(upstream:remotename)%00%(upstream:remoteref) refs/heads/main refs/remotes/main [207ms]
2025-11-02 22:38:43.831 [info] > git status -z -uall [167ms]
2025-11-02 22:38:43.854 [info] > git for-each-ref --sort -committerdate --format %(refname)%00%(objectname)%00%(*objectname) [67ms]
2025-11-02 22:41:09.156 [info] > git check-ignore -v -z --stdin [59ms]
2025-11-02 22:45:02.472 [info] > git check-ignore -v -z --stdin [11ms]
2025-11-02 22:46:40.035 [info] > git config --get commit.template [36ms]
2025-11-02 22:46:40.089 [info] > git for-each-ref --format=%(refname)%00%(upstream:short)%00%(objectname)%00%(upstream:track)%00%(upstream:remotename)%00%(upstream:remoteref) refs/heads/main refs/remotes/main [18ms]
2025-11-02 22:46:40.198 [info] > git status -z -uall [40ms]
2025-11-02 22:46:40.207 [info] > git for-each-ref --sort -committerdate --format %(refname)%00%(objectname)%00%(*objectname) [13ms]
2025-11-02 22:50:18.251 [info] > git config --get commit.template [42ms]
2025-11-02 22:50:18.258 [info] > git for-each-ref --format=%(refname)%00%(upstream:short)%00%(objectname)%00%(upstream:track)%00%(upstream:remotename)%00%(upstream:remoteref) refs/heads/main refs/remotes/main [10ms]
2025-11-02 22:50:18.340 [info] > git status -z -uall [41ms]
2025-11-02 22:50:18.351 [info] > git for-each-ref --sort -committerdate --format %(refname)%00%(objectname)%00%(*objectname) [13ms]
2025-11-03 14:10:27.609 [info] > git config --get commit.template [37ms]
2025-11-03 14:10:27.622 [info] > git for-each-ref --format=%(refname)%00%(upstream:short)%00%(objectname)%00%(upstream:track)%00%(upstream:remotename)%00%(upstream:remoteref) refs/heads/main refs/remotes/main [18ms]
2025-11-03 14:10:27.697 [info] > git status -z -uall [35ms]
2025-11-03 14:10:27.709 [info] > git for-each-ref --sort -committerdate --format %(refname)%00%(objectname)%00%(*objectname) [16ms]
2025-11-03 14:10:34.412 [info] > git config --get commit.template [47ms]
2025-11-03 14:10:34.432 [info] > git for-each-ref --format=%(refname)%00%(upstream:short)%00%(objectname)%00%(upstream:track)%00%(upstream:remotename)%00%(upstream:remoteref) refs/heads/main refs/remotes/main [32ms]
2025-11-03 14:10:34.494 [info] > git status -z -uall [29ms]
2025-11-03 14:10:34.513 [info] > git for-each-ref --sort -committerdate --format %(refname)%00%(objectname)%00%(*objectname) [20ms]
2025-11-03 14:11:08.090 [info] > git config --get commit.template [51ms]
2025-11-03 14:11:08.107 [info] > git for-each-ref --format=%(refname)%00%(upstream:short)%00%(objectname)%00%(upstream:track)%00%(upstream:remotename)%00%(upstream:remoteref) refs/heads/main refs/remotes/main [21ms]
2025-11-03 14:11:08.191 [info] > git status -z -uall [45ms]
2025-11-03 14:11:08.207 [info] > git for-each-ref --sort -committerdate --format %(refname)%00%(objectname)%00%(*objectname) [19ms]
2025-11-03 14:13:11.592 [info] > git config --get commit.template [57ms]
2025-11-03 14:13:11.642 [info] > git for-each-ref --format=%(refname)%00%(upstream:short)%00%(objectname)%00%(upstream:track)%00%(upstream:remotename)%00%(upstream:remoteref) refs/heads/main refs/remotes/main [53ms]
2025-11-03 14:13:11.871 [info] > git status -z -uall [71ms]
2025-11-03 14:13:11.985 [info] > git for-each-ref --sort -committerdate --format %(refname)%00%(objectname)%00%(*objectname) [122ms]
2025-11-03 14:13:12.586 [info] > git config --get commit.template [19ms]
2025-11-03 14:13:12.651 [info] > git for-each-ref --format=%(refname)%00%(upstream:short)%00%(objectname)%00%(upstream:track)%00%(upstream:remotename)%00%(upstream:remoteref) refs/heads/main refs/remotes/main [3ms]
2025-11-03 14:13:12.756 [info] > git status -z -uall [56ms]
2025-11-03 14:13:12.768 [info] > git for-each-ref --sort -committerdate --format %(refname)%00%(objectname)%00%(*objectname) [29ms]
2025-11-03 14:13:13.224 [info] > git show --textconv :mount_system.sh [268ms]
2025-11-03 14:13:13.224 [info] > git show --textconv HEAD:mount_system.sh [172ms]
2025-11-03 14:13:13.225 [info] > git ls-files --stage -- mount_system.sh [78ms]
2025-11-03 14:13:13.263 [warning] [GitFileSystemProvider][readFile] File not found - git:/home/modee/devsecops-capstone/mount_system.sh.git?%7B%22path%22%3A%22%2Fhome%2Fmodee%2Fdevsecops-capstone%2Fmount_system.sh%22%2C%22ref%22%3A%22HEAD%22%7D
2025-11-03 14:13:13.273 [info] > git ls-tree -l HEAD -- mount_system.sh [56ms]
2025-11-03 14:13:13.276 [warning] [GitFileSystemProvider][stat] File not found - git:/home/modee/devsecops-capstone/mount_system.sh.git?%7B%22path%22%3A%22%2Fhome%2Fmodee%2Fdevsecops-capstone%2Fmount_system.sh%22%2C%22ref%22%3A%22HEAD%22%7D
2025-11-03 14:13:13.280 [info] > git cat-file -s a44c8cb65b78ccc3886461b8cd20debd62e78277 [22ms]
2025-11-03 14:13:13.417 [info] > git blame --root --incremental 9e70887a722af7352589b29af2f628535b6f9fd0 -- mount_system.sh [13ms]
2025-11-03 14:13:13.417 [info] fatal: no such path mount_system.sh in 9e70887a722af7352589b29af2f628535b6f9fd0
2025-11-03 14:14:28.881 [info] > git config --get commit.template [56ms]
2025-11-03 14:14:28.891 [info] > git for-each-ref --format=%(refname)%00%(upstream:short)%00%(objectname)%00%(upstream:track)%00%(upstream:remotename)%00%(upstream:remoteref) refs/heads/main refs/remotes/main [15ms]
2025-11-03 14:14:29.108 [info] > git status -z -uall [122ms]
2025-11-03 14:14:29.112 [info] > git for-each-ref --sort -committerdate --format %(refname)%00%(objectname)%00%(*objectname) [22ms]
