2025-11-06 00:53:58.717 [info] [main] Log level: Info
2025-11-06 00:53:58.717 [info] [main] Validating found git in: "git"
2025-11-06 00:53:58.717 [info] [main] Using git "2.43.0" from "git"
2025-11-06 00:53:58.717 [info] [Model][doInitialScan] Initial repository scan started
2025-11-06 00:53:58.717 [info] > git rev-parse --show-toplevel [21ms]
2025-11-06 00:53:58.717 [info] > git rev-parse --git-dir --git-common-dir --show-superproject-working-tree [55ms]
2025-11-06 00:53:58.717 [info] [Model][openRepository] Opened repository (path): /home/modee/devsecops-capstone
2025-11-06 00:53:58.717 [info] [Model][openRepository] Opened repository (real path): /home/modee/devsecops-capstone
2025-11-06 00:53:58.717 [info] [Model][openRepository] Opened repository (kind): repository
2025-11-06 00:53:58.717 [info] > git rev-parse --show-toplevel [22ms]
2025-11-06 00:53:58.717 [info] > git config --get commit.template [46ms]
2025-11-06 00:53:58.717 [info] [Git][getRemotes] No remotes found in the git config file
2025-11-06 00:53:58.718 [info] > git for-each-ref --format=%(refname)%00%(upstream:short)%00%(objectname)%00%(upstream:track)%00%(upstream:remotename)%00%(upstream:remoteref) refs/heads/main refs/remotes/main [13ms]
2025-11-06 00:53:58.718 [info] > git rev-parse --show-toplevel [99ms]
2025-11-06 00:53:58.742 [info] > git status -z -uall [61ms]
2025-11-06 00:53:58.742 [info] > git for-each-ref --sort -committerdate --format %(refname)%00%(objectname)%00%(*objectname) [27ms]
2025-11-06 00:53:58.872 [info] > git for-each-ref --format=%(refname)%00%(upstream:short)%00%(objectname)%00%(upstream:track)%00%(upstream:remotename)%00%(upstream:remoteref) refs/heads/main refs/remotes/main [83ms]
2025-11-06 00:53:58.902 [info] > git rev-parse --show-toplevel [162ms]
2025-11-06 00:53:58.954 [info] > git config --get --local branch.main.vscode-merge-base [53ms]
2025-11-06 00:53:58.975 [info] > git config --get commit.template [100ms]
2025-11-06 00:53:58.980 [info] > git for-each-ref --format=%(refname)%00%(upstream:short)%00%(objectname)%00%(upstream:track)%00%(upstream:remotename)%00%(upstream:remoteref) refs/heads/origin/main refs/remotes/origin/main [12ms]
2025-11-06 00:53:58.980 [warning] [Git][getBranch] No such branch: origin/main
2025-11-06 00:53:59.006 [info] > git rev-parse --show-toplevel [58ms]
2025-11-06 00:53:59.041 [info] [Git][getRemotes] No remotes found in the git config file
2025-11-06 00:53:59.090 [info] > git for-each-ref --format=%(refname)%00%(upstream:short)%00%(objectname)%00%(upstream:track)%00%(upstream:remotename)%00%(upstream:remoteref) refs/heads/main refs/remotes/main [51ms]
2025-11-06 00:53:59.192 [info] > git reflog main --grep-reflog=branch: Created from *. [187ms]
2025-11-06 00:53:59.232 [info] > git status -z -uall [94ms]
2025-11-06 00:53:59.233 [info] > git for-each-ref --sort -committerdate --format %(refname)%00%(objectname)%00%(*objectname) [41ms]
2025-11-06 00:53:59.245 [info] > git rev-parse --show-toplevel [166ms]
2025-11-06 00:53:59.296 [info] > git rev-parse --git-dir --git-common-dir --show-superproject-working-tree [10ms]
2025-11-06 00:53:59.336 [info] [Model][openRepository] Opened repository (path): /home/modee/devsecops-capstone/node-js-sample
2025-11-06 00:53:59.336 [info] [Model][openRepository] Opened repository (real path): /home/modee/devsecops-capstone/node-js-sample
2025-11-06 00:53:59.336 [info] [Model][openRepository] Opened repository (kind): repository
2025-11-06 00:53:59.410 [info] > git config --get commit.template [24ms]
2025-11-06 00:53:59.413 [info] > git rev-parse --show-toplevel [5ms]
2025-11-06 00:53:59.441 [info] [Git][getRemotes] No remotes found in the git config file
2025-11-06 00:53:59.455 [info] > git for-each-ref --format=%(refname)%00%(upstream:short)%00%(objectname)%00%(upstream:track)%00%(upstream:remotename)%00%(upstream:remoteref) refs/heads/main refs/remotes/main [15ms]
2025-11-06 00:53:59.501 [info] > git status -z -uall [31ms]
2025-11-06 00:53:59.502 [info] > git rev-parse --git-dir --git-common-dir --show-superproject-working-tree [51ms]
2025-11-06 00:53:59.544 [info] [Model][openRepository] Opened repository (path): /home/modee/devsecops-capstone/nodejs-demoapp
2025-11-06 00:53:59.544 [info] [Model][openRepository] Opened repository (real path): /home/modee/devsecops-capstone/nodejs-demoapp
2025-11-06 00:53:59.544 [info] [Model][openRepository] Opened repository (kind): repository
2025-11-06 00:53:59.556 [info] [Model][doInitialScan] Initial repository scan completed - repositories (3), closed repositories (0), parent repositories (0), unsafe repositories (0)
2025-11-06 00:53:59.599 [info] > git for-each-ref --sort -committerdate --format %(refname)%00%(objectname)%00%(*objectname) [104ms]
2025-11-06 00:53:59.896 [info] > git for-each-ref --format=%(refname)%00%(upstream:short)%00%(objectname)%00%(upstream:track)%00%(upstream:remotename)%00%(upstream:remoteref) refs/heads/main refs/remotes/main [263ms]
2025-11-06 00:53:59.932 [info] > git config --get commit.template [334ms]
2025-11-06 00:53:59.975 [info] > git config --get --local branch.main.vscode-merge-base [42ms]
2025-11-06 00:53:59.975 [warning] [Git][config] git config failed: Failed to execute git
2025-11-06 00:54:00.006 [info] > git config --get commit.template [136ms]
2025-11-06 00:54:00.112 [info] > git check-ignore -v -z --stdin [155ms]
2025-11-06 00:54:00.120 [info] > git reflog main --grep-reflog=branch: Created from *. [114ms]
2025-11-06 00:54:00.164 [info] [Git][getRemotes] No remotes found in the git config file
2025-11-06 00:54:00.166 [info] > git for-each-ref --format=%(refname)%00%(upstream:short)%00%(objectname)%00%(upstream:track)%00%(upstream:remotename)%00%(upstream:remoteref) refs/heads/main refs/remotes/main [57ms]
2025-11-06 00:54:00.174 [info] > git for-each-ref --format=%(refname)%00%(upstream:short)%00%(objectname)%00%(upstream:track)%00%(upstream:remotename)%00%(upstream:remoteref) refs/heads/main refs/remotes/main [11ms]
2025-11-06 00:54:00.263 [info] > git status -z -uall [59ms]
2025-11-06 00:54:00.263 [info] > git for-each-ref --sort -committerdate --format %(refname)%00%(objectname)%00%(*objectname) [36ms]
2025-11-06 00:54:00.438 [info] > git show --textconv :.github/workflows/codeql.yml [43ms]
2025-11-06 00:54:00.441 [info] > git for-each-ref --sort -committerdate --format %(refname)%00%(objectname)%00%(*objectname) [88ms]
2025-11-06 00:54:00.452 [info] > git ls-files --stage -- .github/workflows/codeql.yml [18ms]
2025-11-06 00:54:00.478 [info] > git cat-file -s 6d323a14fdd2b9d971c6a2cbf6ffc8022a90644b [10ms]
2025-11-06 00:54:00.570 [info] > git status -z -uall [252ms]
2025-11-06 00:54:00.570 [info] > git check-ignore -v -z --stdin [16ms]
2025-11-06 00:54:00.651 [info] > git check-ignore -v -z --stdin [84ms]
2025-11-06 00:54:00.652 [info] > git for-each-ref --format=%(refname)%00%(upstream:short)%00%(objectname)%00%(upstream:track)%00%(upstream:remotename)%00%(upstream:remoteref) refs/heads/main refs/remotes/main [46ms]
2025-11-06 00:54:00.695 [info] > git config --get --local branch.main.vscode-merge-base [14ms]
2025-11-06 00:54:00.695 [warning] [Git][config] git config failed: Failed to execute git
2025-11-06 00:54:00.705 [info] > git config --get commit.template [55ms]
2025-11-06 00:54:00.737 [info] > git reflog main --grep-reflog=branch: Created from *. [33ms]
2025-11-06 00:54:00.854 [info] > git symbolic-ref --short refs/remotes/origin/HEAD [103ms]
2025-11-06 00:54:00.892 [info] > git for-each-ref --format=%(refname)%00%(upstream:short)%00%(objectname)%00%(upstream:track)%00%(upstream:remotename)%00%(upstream:remoteref) refs/heads/origin/main refs/remotes/origin/main [20ms]
2025-11-06 00:54:00.921 [info] > git for-each-ref --format=%(refname)%00%(upstream:short)%00%(objectname)%00%(upstream:track)%00%(upstream:remotename)%00%(upstream:remoteref) refs/heads/main refs/remotes/main [68ms]
2025-11-06 00:54:01.098 [info] > git config --add --local branch.main.vscode-merge-base origin/main [177ms]
2025-11-06 00:54:01.161 [info] > git config --get commit.template [15ms]
2025-11-06 00:54:01.370 [info] > git for-each-ref --format=%(refname)%00%(upstream:short)%00%(objectname)%00%(upstream:track)%00%(upstream:remotename)%00%(upstream:remoteref) refs/heads/main refs/remotes/main [41ms]
2025-11-06 00:54:01.370 [info] > git blame --root --incremental 2e43daddc76fc5992f0e2d399e0ba5d06829b1f2 -- .github/workflows/codeql.yml [71ms]
2025-11-06 00:54:01.508 [info] > git for-each-ref --sort -committerdate --format %(refname)%00%(objectname)%00%(*objectname) [8ms]
2025-11-06 00:54:01.524 [info] > git status -z -uall [61ms]
2025-11-06 00:54:01.703 [info] > git merge-base refs/heads/main refs/remotes/origin/main [148ms]
2025-11-06 00:54:01.808 [info] > git diff --name-status -z --diff-filter=ADMR d786910adf1cc638e18ae99978a2d52289b7b668...refs/remotes/origin/main [88ms]
2025-11-06 00:54:01.817 [info] > git merge-base refs/heads/main refs/remotes/origin/main [218ms]
2025-11-06 00:54:01.887 [info] > git diff --name-status -z --diff-filter=ADMR d786910adf1cc638e18ae99978a2d52289b7b668...refs/remotes/origin/main [46ms]
2025-11-06 21:26:27.368 [info] > git config --get commit.template [4ms]
2025-11-06 21:26:27.391 [info] > git for-each-ref --format=%(refname)%00%(upstream:short)%00%(objectname)%00%(upstream:track)%00%(upstream:remotename)%00%(upstream:remoteref) refs/heads/main refs/remotes/main [7ms]
2025-11-06 21:26:27.431 [info] > git for-each-ref --sort -committerdate --format %(refname)%00%(objectname)%00%(*objectname) [5ms]
2025-11-06 21:26:27.440 [info] > git status -z -uall [34ms]
2025-11-06 21:30:44.014 [info] > git config --get commit.template [21ms]
2025-11-06 21:30:44.019 [info] > git for-each-ref --format=%(refname)%00%(upstream:short)%00%(objectname)%00%(upstream:track)%00%(upstream:remotename)%00%(upstream:remoteref) refs/heads/main refs/remotes/main [6ms]
2025-11-06 21:30:44.057 [info] > git status -z -uall [23ms]
2025-11-06 21:30:44.071 [info] > git for-each-ref --sort -committerdate --format %(refname)%00%(objectname)%00%(*objectname) [17ms]
2025-11-06 21:33:15.496 [info] > git config --get commit.template [4ms]
2025-11-06 21:33:15.522 [info] > git for-each-ref --format=%(refname)%00%(upstream:short)%00%(objectname)%00%(upstream:track)%00%(upstream:remotename)%00%(upstream:remoteref) refs/heads/main refs/remotes/main [5ms]
2025-11-06 21:33:15.564 [info] > git for-each-ref --sort -committerdate --format %(refname)%00%(objectname)%00%(*objectname) [5ms]
2025-11-06 21:33:15.567 [info] > git status -z -uall [28ms]
2025-11-06 21:38:41.608 [info] > git config --get commit.template [16ms]
2025-11-06 21:38:41.655 [info] [Git][getRemotes] No remotes found in the git config file
2025-11-06 21:38:41.656 [info] > git config --get commit.template [49ms]
2025-11-06 21:38:41.678 [info] > git for-each-ref --format=%(refname)%00%(upstream:short)%00%(objectname)%00%(upstream:track)%00%(upstream:remotename)%00%(upstream:remoteref) refs/heads/main refs/remotes/main [23ms]
2025-11-06 21:38:41.723 [info] > git for-each-ref --format=%(refname)%00%(upstream:short)%00%(objectname)%00%(upstream:track)%00%(upstream:remotename)%00%(upstream:remoteref) refs/heads/main refs/remotes/main [99ms]
2025-11-06 21:38:41.724 [info] > git status -z -uall [24ms]
2025-11-06 21:38:41.724 [info] > git for-each-ref --sort -committerdate --format %(refname)%00%(objectname)%00%(*objectname) [2ms]
2025-11-06 21:38:41.794 [info] > git for-each-ref --sort -committerdate --format %(refname)%00%(objectname)%00%(*objectname) [16ms]
2025-11-06 21:38:41.799 [info] > git status -z -uall [45ms]
2025-11-06 21:38:46.777 [info] [Git][getRemotes] No remotes found in the git config file
2025-11-06 21:38:46.781 [info] > git config --get commit.template [18ms]
2025-11-06 21:38:46.783 [info] > git for-each-ref --format=%(refname)%00%(upstream:short)%00%(objectname)%00%(upstream:track)%00%(upstream:remotename)%00%(upstream:remoteref) refs/heads/main refs/remotes/main [7ms]
2025-11-06 21:38:46.833 [info] > git status -z -uall [39ms]
2025-11-06 21:38:46.833 [info] > git for-each-ref --sort -committerdate --format %(refname)%00%(objectname)%00%(*objectname) [24ms]
2025-11-06 21:38:46.844 [info] > git config --get commit.template [13ms]
2025-11-06 21:38:46.867 [info] > git for-each-ref --format=%(refname)%00%(upstream:short)%00%(objectname)%00%(upstream:track)%00%(upstream:remotename)%00%(upstream:remoteref) refs/heads/main refs/remotes/main [10ms]
2025-11-06 21:38:46.906 [info] > git for-each-ref --sort -committerdate --format %(refname)%00%(objectname)%00%(*objectname) [5ms]
2025-11-06 21:38:46.912 [info] > git status -z -uall [29ms]
2025-11-06 21:38:51.876 [info] > git config --get commit.template [11ms]
2025-11-06 21:38:51.890 [info] [Git][getRemotes] No remotes found in the git config file
2025-11-06 21:38:51.893 [info] > git for-each-ref --format=%(refname)%00%(upstream:short)%00%(objectname)%00%(upstream:track)%00%(upstream:remotename)%00%(upstream:remoteref) refs/heads/main refs/remotes/main [3ms]
2025-11-06 21:38:51.948 [info] > git status -z -uall [39ms]
2025-11-06 21:38:51.948 [info] > git for-each-ref --sort -committerdate --format %(refname)%00%(objectname)%00%(*objectname) [23ms]
2025-11-06 21:38:51.959 [info] > git config --get commit.template [10ms]
2025-11-06 21:38:51.977 [info] > git for-each-ref --format=%(refname)%00%(upstream:short)%00%(objectname)%00%(upstream:track)%00%(upstream:remotename)%00%(upstream:remoteref) refs/heads/main refs/remotes/main [4ms]
2025-11-06 21:38:52.021 [info] > git status -z -uall [24ms]
2025-11-06 21:38:52.023 [info] > git for-each-ref --sort -committerdate --format %(refname)%00%(objectname)%00%(*objectname) [5ms]
2025-11-06 21:54:27.311 [info] > git show -s --decorate=full --shortstat --format=%H%n%aN%n%aE%n%at%n%ct%n%P%n%D%n%B -z 8847fd07829f3fc22679583b3c74f93ac891180d -- [51ms]
2025-11-06 22:50:46.799 [info] > git check-ignore -v -z --stdin [314ms]
2025-11-06 22:50:46.801 [info] > git check-ignore -v -z --stdin [243ms]
2025-11-06 22:50:46.802 [info] > git check-ignore -v -z --stdin [128ms]
2025-11-06 22:50:48.570 [info] > git check-ignore -v -z --stdin [35ms]
2025-11-06 22:50:54.253 [info] > git check-ignore -v -z --stdin [16ms]
2025-11-06 22:51:09.185 [info] > git check-ignore -v -z --stdin [16ms]
2025-11-06 22:59:16.910 [info] > git show --textconv :.github/workflows/codeql.yml [90ms]
2025-11-06 22:59:16.984 [info] > git ls-files --stage -- .github/workflows/codeql.yml [81ms]
2025-11-06 22:59:17.035 [info] > git cat-file -s 6d323a14fdd2b9d971c6a2cbf6ffc8022a90644b [9ms]
2025-11-06 23:10:55.515 [info] > git check-ignore -v -z --stdin [17ms]
