2025-11-04 13:56:35.102 [info] Reading sessions from keychain...
2025-11-04 13:56:35.102 [info] Getting sessions for all scopes...
2025-11-04 13:56:37.329 [info] Got stored sessions!
2025-11-04 13:56:37.337 [info] Got 1 verified sessions.
2025-11-04 13:56:37.337 [info] Got 1 sessions for ...
2025-11-04 13:56:37.339 [info] Getting sessions for all scopes...
2025-11-04 13:56:37.339 [info] Got 1 sessions for ...
2025-11-04 13:56:37.341 [info] Getting sessions for all scopes...
2025-11-04 13:56:37.341 [info] Got 1 sessions for ...
2025-11-04 13:56:37.343 [info] Getting sessions for all scopes...
2025-11-04 13:56:37.343 [info] Got 1 sessions for ...
2025-11-04 13:56:37.343 [info] Getting sessions for all scopes...
2025-11-04 13:56:37.343 [info] Got 1 sessions for ...
2025-11-04 13:56:37.343 [info] Getting sessions for all scopes...
2025-11-04 13:56:37.343 [info] Got 1 sessions for ...
2025-11-04 13:56:37.343 [info] Getting sessions for all scopes...
2025-11-04 13:56:37.343 [info] Got 1 sessions for ...
2025-11-04 13:56:41.124 [info] Getting sessions for all scopes...
2025-11-04 13:56:41.125 [info] Got 1 sessions for ...
2025-11-04 13:56:41.148 [info] Getting sessions for all scopes...
2025-11-04 13:56:41.153 [info] Got 1 sessions for ...
2025-11-04 13:56:41.168 [info] Getting sessions for all scopes...
2025-11-04 13:56:41.169 [info] Got 1 sessions for ...
2025-11-04 13:56:41.170 [info] Getting sessions for all scopes...
2025-11-04 13:56:41.170 [info] Got 1 sessions for ...
2025-11-04 13:56:41.171 [info] Getting sessions for all scopes...
2025-11-04 13:56:41.172 [info] Got 1 sessions for ...
2025-11-04 13:56:41.174 [info] Getting sessions for all scopes...
2025-11-04 13:56:41.174 [info] Got 1 sessions for ...
2025-11-04 13:56:49.171 [info] Getting sessions for read:user,repo,user:email,workflow...
2025-11-04 13:56:49.171 [info] Got 1 sessions for read:user,repo,user:email,workflow...
2025-11-04 13:56:49.955 [info] Getting sessions for all scopes...
2025-11-04 13:56:49.960 [info] Got 1 sessions for ...
2025-11-04 13:56:52.440 [info] fetching: Electron fetch failed with status: 429 
2025-11-04 13:56:59.385 [info] fetching: Node fetch failed with status: 429 Too Many Requests
2025-11-04 13:57:01.039 [info] fetching: Node http/s failed with status: 429 Too Many Requests
2025-11-04 13:57:03.769 [info] Getting sessions for all scopes...
2025-11-04 13:57:03.769 [info] Got 1 sessions for ...
2025-11-04 13:57:08.381 [info] Getting sessions for all scopes...
2025-11-04 13:57:08.381 [info] Got 1 sessions for ...
2025-11-04 13:57:08.398 [info] Getting sessions for all scopes...
2025-11-04 13:57:08.398 [info] Got 1 sessions for ...
2025-11-04 13:57:08.439 [info] Getting sessions for all scopes...
2025-11-04 13:57:08.439 [info] Got 1 sessions for ...
2025-11-04 14:03:15.941 [info] Getting sessions for read:user,repo,user:email,workflow...
2025-11-04 14:03:15.941 [info] Got 1 sessions for read:user,repo,user:email,workflow...
2025-11-04 14:58:12.861 [info] Getting sessions for repo,workflow...
2025-11-04 14:58:12.864 [info] Got 0 sessions for repo,workflow...
2025-11-04 14:58:14.864 [info] Getting sessions for repo,workflow...
2025-11-04 14:58:14.864 [info] Got 0 sessions for repo,workflow...
2025-11-04 14:58:14.975 [info] Getting sessions for repo,workflow...
2025-11-04 14:58:14.975 [info] Got 0 sessions for repo,workflow...
2025-11-04 14:58:14.997 [info] Getting sessions for repo,workflow...
2025-11-04 14:58:14.997 [info] Got 0 sessions for repo,workflow...
2025-11-04 15:05:11.946 [info] Getting sessions for read:user,repo,user:email,workflow...
2025-11-04 15:05:11.947 [info] Got 1 sessions for read:user,repo,user:email,workflow...
2025-11-04 15:17:49.262 [info] Getting sessions for read:user,repo,user:email,workflow...
2025-11-04 15:17:49.263 [info] Got 1 sessions for read:user,repo,user:email,workflow...
2025-11-04 15:23:42.143 [info] Getting sessions for read:user,repo,user:email,workflow...
2025-11-04 15:23:42.144 [info] Got 1 sessions for read:user,repo,user:email,workflow...
2025-11-04 16:42:29.130 [info] Getting sessions for read:user,repo,user:email,workflow...
2025-11-04 16:42:29.131 [info] Got 1 sessions for read:user,repo,user:email,workflow...
2025-11-04 21:01:59.289 [info] Getting sessions for read:user,repo,user:email,workflow...
2025-11-04 21:01:59.290 [info] Got 1 sessions for read:user,repo,user:email,workflow...
2025-11-04 21:22:28.455 [info] Getting sessions for read:user,repo,user:email,workflow...
2025-11-04 21:22:28.456 [info] Got 1 sessions for read:user,repo,user:email,workflow...
2025-11-04 21:28:39.710 [info] Getting sessions for read:user,repo,user:email,workflow...
2025-11-04 21:28:39.710 [info] Got 1 sessions for read:user,repo,user:email,workflow...
2025-11-04 22:02:04.760 [info] Getting sessions for read:user,repo,user:email,workflow...
2025-11-04 22:02:04.760 [info] Got 1 sessions for read:user,repo,user:email,workflow...
2025-11-05 00:09:12.629 [info] Getting sessions for read:user,repo,user:email,workflow...
2025-11-05 00:09:12.629 [info] Got 1 sessions for read:user,repo,user:email,workflow...
2025-11-05 15:14:23.245 [info] Getting sessions for read:user,repo,user:email,workflow...
2025-11-05 15:14:23.245 [info] Got 1 sessions for read:user,repo,user:email,workflow...
2025-11-05 17:41:47.921 [info] Getting sessions for read:user,repo,user:email,workflow...
2025-11-05 17:41:47.922 [info] Got 1 sessions for read:user,repo,user:email,workflow...
2025-11-05 17:58:54.522 [info] Getting sessions for read:user,repo,user:email,workflow...
2025-11-05 17:58:54.523 [info] Got 1 sessions for read:user,repo,user:email,workflow...
2025-11-05 18:01:43.340 [info] Getting sessions for read:user,repo,user:email,workflow...
2025-11-05 18:01:43.340 [info] Got 1 sessions for read:user,repo,user:email,workflow...
2025-11-05 23:44:51.624 [info] Getting sessions for read:user,repo,user:email,workflow...
2025-11-05 23:44:51.625 [info] Got 1 sessions for read:user,repo,user:email,workflow...
2025-11-06 00:15:34.392 [info] Getting sessions for read:user,repo,user:email,workflow...
2025-11-06 00:15:34.393 [info] Got 1 sessions for read:user,repo,user:email,workflow...
